[2024-08-12 12:58:46.339 +06:00  DBG]  Registered model binder providers, in the following order: ["Microsoft.AspNetCore.Mvc.ModelBinding.Binders.BinderTypeModelBinderProvider","Microsoft.AspNetCore.Mvc.ModelBinding.Binders.ServicesModelBinderProvider","Microsoft.AspNetCore.Mvc.ModelBinding.Binders.BodyModelBinderProvider","Microsoft.AspNetCore.Mvc.ModelBinding.Binders.HeaderModelBinderProvider","Microsoft.AspNetCore.Mvc.ModelBinding.Binders.FloatingPointTypeModelBinderProvider","Microsoft.AspNetCore.Mvc.ModelBinding.Binders.EnumTypeModelBinderProvider","Microsoft.AspNetCore.Mvc.ModelBinding.Binders.DateTimeModelBinderProvider","Microsoft.AspNetCore.Mvc.ModelBinding.Binders.SimpleTypeModelBinderProvider","Microsoft.AspNetCore.Mvc.ModelBinding.Binders.TryParseModelBinderProvider","Microsoft.AspNetCore.Mvc.ModelBinding.Binders.CancellationTokenModelBinderProvider","Microsoft.AspNetCore.Mvc.ModelBinding.Binders.ByteArrayModelBinderProvider","Microsoft.AspNetCore.Mvc.ModelBinding.Binders.FormFileModelBinderProvider","Microsoft.AspNetCore.Mvc.ModelBinding.Binders.FormCollectionModelBinderProvider","Microsoft.AspNetCore.Mvc.ModelBinding.Binders.KeyValuePairModelBinderProvider","Microsoft.AspNetCore.Mvc.ModelBinding.Binders.DictionaryModelBinderProvider","Microsoft.AspNetCore.Mvc.ModelBinding.Binders.ArrayModelBinderProvider","Microsoft.AspNetCore.Mvc.ModelBinding.Binders.CollectionModelBinderProvider","Microsoft.AspNetCore.Mvc.ModelBinding.Binders.ComplexObjectModelBinderProvider"]
[2024-08-12 12:58:46.418 +06:00  DBG]  Hosting starting
[2024-08-12 12:58:46.653 +06:00  INF]  Now listening on: http://localhost:5183
[2024-08-12 12:58:46.654 +06:00  DBG]  Loaded hosting startup assembly PaymentService
[2024-08-12 12:58:46.654 +06:00  DBG]  Loaded hosting startup assembly Microsoft.AspNetCore.Watch.BrowserRefresh
[2024-08-12 12:58:46.654 +06:00  DBG]  Loaded hosting startup assembly Microsoft.WebTools.BrowserLink.Net
[2024-08-12 12:58:46.654 +06:00  INF]  Application started. Press Ctrl+C to shut down.
[2024-08-12 12:58:46.654 +06:00  INF]  Hosting environment: Development
[2024-08-12 12:58:46.654 +06:00  INF]  Content root path: D:\Project\necpaybd-core\backend\PaymentService
[2024-08-12 12:58:46.654 +06:00  DBG]  Hosting started
[2024-08-12 12:58:47.074 +06:00  DBG]  Connection id "0HN5QJGR6VVLL" accepted.
[2024-08-12 12:58:47.075 +06:00  DBG]  Connection id "0HN5QJGR6VVLL" started.
[2024-08-12 12:58:47.084 +06:00  DBG]  Connection id "0HN5QJGR6VVLM" accepted.
[2024-08-12 12:58:47.084 +06:00  DBG]  Connection id "0HN5QJGR6VVLM" started.
[2024-08-12 12:58:47.566 +06:00  DBG]  Connection id "0HN5QJGR6VVLN" accepted.
[2024-08-12 12:58:47.566 +06:00  DBG]  Connection id "0HN5QJGR6VVLN" started.
[2024-08-12 12:58:47.567 +06:00  DBG]  Connection id "0HN5QJGR6VVLO" accepted.
[2024-08-12 12:58:47.567 +06:00  DBG]  Connection id "0HN5QJGR6VVLO" started.
[2024-08-12 12:58:47.602 +06:00  INF]  Request starting HTTP/1.1 GET http://localhost:5183/swagger/index.html - null null
[2024-08-12 12:58:47.673 +06:00  DBG]  Wildcard detected, all requests with hosts will be allowed.
[2024-08-12 12:58:47.682 +06:00  DBG]  No candidates found for the request path '/swagger/index.html'
[2024-08-12 12:58:47.683 +06:00  DBG]  Request did not match any endpoints
[2024-08-12 12:58:47.722 +06:00  DBG]  Response markup is scheduled to include Browser Link script injection.
[2024-08-12 12:58:47.722 +06:00  DBG]  Response markup is scheduled to include browser refresh script injection.
[2024-08-12 12:58:47.733 +06:00  DBG]  Response markup was updated to include Browser Link script injection.
[2024-08-12 12:58:47.733 +06:00  DBG]  Response markup was updated to include browser refresh script injection.
[2024-08-12 12:58:47.733 +06:00  DBG]  Connection id "0HN5QJGR6VVLN" completed keep alive response.
[2024-08-12 12:58:47.734 +06:00  INF]  Request finished HTTP/1.1 GET http://localhost:5183/swagger/index.html - 200 null text/html;charset=utf-8 135.1378ms
[2024-08-12 12:58:47.742 +06:00  INF]  Request starting HTTP/1.1 GET http://localhost:5183/_framework/aspnetcore-browser-refresh.js - null null
[2024-08-12 12:58:47.745 +06:00  DBG]  Connection id "0HN5QJGR6VVLN" completed keep alive response.
[2024-08-12 12:58:47.745 +06:00  INF]  Request finished HTTP/1.1 GET http://localhost:5183/_framework/aspnetcore-browser-refresh.js - 200 13768 application/javascript; charset=utf-8 3.1119ms
[2024-08-12 12:58:47.778 +06:00  INF]  Request starting HTTP/1.1 GET http://localhost:5183/_vs/browserLink - null null
[2024-08-12 12:58:47.798 +06:00  DBG]  Connection id "0HN5QJGR6VVLN" completed keep alive response.
[2024-08-12 12:58:47.798 +06:00  INF]  Request finished HTTP/1.1 GET http://localhost:5183/_vs/browserLink - 200 null text/javascript; charset=UTF-8 20.7615ms
[2024-08-12 12:58:47.995 +06:00  INF]  Request starting HTTP/1.1 GET http://localhost:5183/swagger/v1/swagger.json - null null
[2024-08-12 12:58:47.996 +06:00  DBG]  No candidates found for the request path '/swagger/v1/swagger.json'
[2024-08-12 12:58:47.996 +06:00  DBG]  Request did not match any endpoints
[2024-08-12 12:58:48.007 +06:00  INF]  Request starting HTTP/1.1 GET http://localhost:5183/swagger/favicon-32x32.png - null null
[2024-08-12 12:58:48.008 +06:00  DBG]  No candidates found for the request path '/swagger/favicon-32x32.png'
[2024-08-12 12:58:48.008 +06:00  DBG]  Request did not match any endpoints
[2024-08-12 12:58:48.018 +06:00  INF]  Sending file. Request path: '/favicon-32x32.png'. Physical path: 'N/A'
[2024-08-12 12:58:48.019 +06:00  DBG]  Connection id "0HN5QJGR6VVLO" completed keep alive response.
[2024-08-12 12:58:48.019 +06:00  INF]  Request finished HTTP/1.1 GET http://localhost:5183/swagger/favicon-32x32.png - 200 628 image/png 11.5082ms
[2024-08-12 12:58:48.067 +06:00  DBG]  Connection id "0HN5QJGR6VVLN" completed keep alive response.
[2024-08-12 12:58:48.067 +06:00  INF]  Request finished HTTP/1.1 GET http://localhost:5183/swagger/v1/swagger.json - 200 null application/json;charset=utf-8 72.2814ms
[2024-08-12 12:59:03.251 +06:00  DBG]  Connection id "0HN5QJGR6VVLP" accepted.
[2024-08-12 12:59:03.252 +06:00  DBG]  Connection id "0HN5QJGR6VVLP" started.
[2024-08-12 12:59:03.252 +06:00  DBG]  Connection id "0HN5QJGR6VVLQ" accepted.
[2024-08-12 12:59:03.253 +06:00  DBG]  Connection id "0HN5QJGR6VVLQ" started.
[2024-08-12 12:59:03.253 +06:00  DBG]  Connection id "0HN5QJGR6VVLP" received FIN.
[2024-08-12 12:59:03.256 +06:00  INF]  Request starting HTTP/1.1 POST http://localhost:5183/api/SendMoney/Send - application/json 200
[2024-08-12 12:59:03.256 +06:00  DBG]  Connection id "0HN5QJGR6VVLP" sending FIN because: "The Socket transport's send loop completed gracefully."
[2024-08-12 12:59:03.257 +06:00  DBG]  Connection id "0HN5QJGR6VVLP" disconnecting.
[2024-08-12 12:59:03.258 +06:00  DBG]  Connection id "0HN5QJGR6VVLP" stopped.
[2024-08-12 12:59:03.260 +06:00  DBG]  1 candidate(s) found for the request path '/api/SendMoney/Send'
[2024-08-12 12:59:03.263 +06:00  DBG]  Endpoint 'PaymentService.Controllers.SendMoneyController.Send (PaymentService)' with route pattern 'api/SendMoney/Send' is valid for the request path '/api/SendMoney/Send'
[2024-08-12 12:59:03.263 +06:00  DBG]  Request matched endpoint 'PaymentService.Controllers.SendMoneyController.Send (PaymentService)'
[2024-08-12 12:59:03.264 +06:00  DBG]  Static files was skipped as the request already matched an endpoint.
[2024-08-12 12:59:03.266 +06:00  INF]  Executing endpoint 'PaymentService.Controllers.SendMoneyController.Send (PaymentService)'
[2024-08-12 12:59:03.287 +06:00  INF]  Route matched with {action = "Send", controller = "SendMoney"}. Executing controller action with signature System.Threading.Tasks.Task`1[Microsoft.AspNetCore.Mvc.IActionResult] Send(PaymentService.Application.Request.Send.Command.AddOrEditTransaction) on controller PaymentService.Controllers.SendMoneyController (PaymentService).
[2024-08-12 12:59:03.288 +06:00  DBG]  Execution plan of authorization filters (in the following order): ["None"]
[2024-08-12 12:59:03.288 +06:00  DBG]  Execution plan of resource filters (in the following order): ["None"]
[2024-08-12 12:59:03.288 +06:00  DBG]  Execution plan of action filters (in the following order): ["Microsoft.AspNetCore.Mvc.ModelBinding.UnsupportedContentTypeFilter (Order: -3000)","Microsoft.AspNetCore.Mvc.Infrastructure.ModelStateInvalidFilter (Order: -2000)"]
[2024-08-12 12:59:03.288 +06:00  DBG]  Execution plan of exception filters (in the following order): ["None"]
[2024-08-12 12:59:03.288 +06:00  DBG]  Execution plan of result filters (in the following order): ["Microsoft.AspNetCore.Mvc.Infrastructure.ClientErrorResultFilter (Order: -2000)"]
[2024-08-12 12:59:03.289 +06:00  DBG]  Executing controller factory for controller PaymentService.Controllers.SendMoneyController (PaymentService)
[2024-08-12 12:59:03.289 +06:00  DBG]  Executed controller factory for controller PaymentService.Controllers.SendMoneyController (PaymentService)
[2024-08-12 12:59:03.293 +06:00  DBG]  Attempting to bind parameter 'command' of type 'PaymentService.Application.Request.Send.Command.AddOrEditTransaction' ...
[2024-08-12 12:59:03.294 +06:00  DBG]  Attempting to bind parameter 'command' of type 'PaymentService.Application.Request.Send.Command.AddOrEditTransaction' using the name '' in request data ...
[2024-08-12 12:59:03.295 +06:00  DBG]  Selected input formatter 'Microsoft.AspNetCore.Mvc.Formatters.SystemTextJsonInputFormatter' for content type 'application/json'.
[2024-08-12 12:59:03.302 +06:00  DBG]  Connection id "0HN5QJGR6VVLQ", Request id "0HN5QJGR6VVLQ:00000001": started reading request body.
[2024-08-12 12:59:03.303 +06:00  DBG]  Connection id "0HN5QJGR6VVLQ", Request id "0HN5QJGR6VVLQ:00000001": done reading request body.
[2024-08-12 12:59:03.307 +06:00  DBG]  JSON input formatter succeeded, deserializing to type 'PaymentService.Application.Request.Send.Command.AddOrEditTransaction'
[2024-08-12 12:59:03.308 +06:00  DBG]  Done attempting to bind parameter 'command' of type 'PaymentService.Application.Request.Send.Command.AddOrEditTransaction'.
[2024-08-12 12:59:03.308 +06:00  DBG]  Done attempting to bind parameter 'command' of type 'PaymentService.Application.Request.Send.Command.AddOrEditTransaction'.
[2024-08-12 12:59:03.308 +06:00  DBG]  Attempting to validate the bound parameter 'command' of type 'PaymentService.Application.Request.Send.Command.AddOrEditTransaction' ...
[2024-08-12 12:59:03.314 +06:00  DBG]  Done attempting to validate the bound parameter 'command' of type 'PaymentService.Application.Request.Send.Command.AddOrEditTransaction'.
[2024-08-12 12:59:05.405 +06:00  INF]  requst received
[2024-08-12 13:01:24.546 +06:00  DBG]  Registered model binder providers, in the following order: ["Microsoft.AspNetCore.Mvc.ModelBinding.Binders.BinderTypeModelBinderProvider","Microsoft.AspNetCore.Mvc.ModelBinding.Binders.ServicesModelBinderProvider","Microsoft.AspNetCore.Mvc.ModelBinding.Binders.BodyModelBinderProvider","Microsoft.AspNetCore.Mvc.ModelBinding.Binders.HeaderModelBinderProvider","Microsoft.AspNetCore.Mvc.ModelBinding.Binders.FloatingPointTypeModelBinderProvider","Microsoft.AspNetCore.Mvc.ModelBinding.Binders.EnumTypeModelBinderProvider","Microsoft.AspNetCore.Mvc.ModelBinding.Binders.DateTimeModelBinderProvider","Microsoft.AspNetCore.Mvc.ModelBinding.Binders.SimpleTypeModelBinderProvider","Microsoft.AspNetCore.Mvc.ModelBinding.Binders.TryParseModelBinderProvider","Microsoft.AspNetCore.Mvc.ModelBinding.Binders.CancellationTokenModelBinderProvider","Microsoft.AspNetCore.Mvc.ModelBinding.Binders.ByteArrayModelBinderProvider","Microsoft.AspNetCore.Mvc.ModelBinding.Binders.FormFileModelBinderProvider","Microsoft.AspNetCore.Mvc.ModelBinding.Binders.FormCollectionModelBinderProvider","Microsoft.AspNetCore.Mvc.ModelBinding.Binders.KeyValuePairModelBinderProvider","Microsoft.AspNetCore.Mvc.ModelBinding.Binders.DictionaryModelBinderProvider","Microsoft.AspNetCore.Mvc.ModelBinding.Binders.ArrayModelBinderProvider","Microsoft.AspNetCore.Mvc.ModelBinding.Binders.CollectionModelBinderProvider","Microsoft.AspNetCore.Mvc.ModelBinding.Binders.ComplexObjectModelBinderProvider"]
[2024-08-12 13:01:24.741 +06:00  DBG]  Hosting starting
[2024-08-12 13:01:24.836 +06:00  INF]  Now listening on: http://localhost:5183
[2024-08-12 13:01:24.837 +06:00  DBG]  Loaded hosting startup assembly PaymentService
[2024-08-12 13:01:24.837 +06:00  DBG]  Loaded hosting startup assembly Microsoft.AspNetCore.Watch.BrowserRefresh
[2024-08-12 13:01:24.837 +06:00  DBG]  Loaded hosting startup assembly Microsoft.WebTools.BrowserLink.Net
[2024-08-12 13:01:24.837 +06:00  INF]  Application started. Press Ctrl+C to shut down.
[2024-08-12 13:01:24.837 +06:00  INF]  Hosting environment: Development
[2024-08-12 13:01:24.837 +06:00  INF]  Content root path: D:\Project\necpaybd-core\backend\PaymentService
[2024-08-12 13:01:24.837 +06:00  DBG]  Hosting started
[2024-08-12 13:01:25.022 +06:00  DBG]  Connection id "0HN5QJIA99RCH" accepted.
[2024-08-12 13:01:25.023 +06:00  DBG]  Connection id "0HN5QJIA99RCH" started.
[2024-08-12 13:01:25.048 +06:00  DBG]  Connection id "0HN5QJIA99RCI" accepted.
[2024-08-12 13:01:25.048 +06:00  DBG]  Connection id "0HN5QJIA99RCI" started.
[2024-08-12 13:01:25.065 +06:00  DBG]  Connection id "0HN5QJIA99RCI" received FIN.
[2024-08-12 13:01:25.065 +06:00  DBG]  Connection id "0HN5QJIA99RCH" received FIN.
[2024-08-12 13:01:25.073 +06:00  DBG]  Connection id "0HN5QJIA99RCH" sending FIN because: "The Socket transport's send loop completed gracefully."
[2024-08-12 13:01:25.073 +06:00  DBG]  Connection id "0HN5QJIA99RCI" sending FIN because: "The Socket transport's send loop completed gracefully."
[2024-08-12 13:01:25.075 +06:00  DBG]  Connection id "0HN5QJIA99RCH" disconnecting.
[2024-08-12 13:01:25.075 +06:00  DBG]  Connection id "0HN5QJIA99RCI" disconnecting.
[2024-08-12 13:01:25.083 +06:00  DBG]  Connection id "0HN5QJIA99RCH" stopped.
[2024-08-12 13:01:25.083 +06:00  DBG]  Connection id "0HN5QJIA99RCI" stopped.
[2024-08-12 13:01:25.239 +06:00  DBG]  Connection id "0HN5QJIA99RCJ" accepted.
[2024-08-12 13:01:25.239 +06:00  DBG]  Connection id "0HN5QJIA99RCJ" started.
[2024-08-12 13:01:25.240 +06:00  DBG]  Connection id "0HN5QJIA99RCK" accepted.
[2024-08-12 13:01:25.240 +06:00  DBG]  Connection id "0HN5QJIA99RCK" started.
[2024-08-12 13:01:25.275 +06:00  INF]  Request starting HTTP/1.1 GET http://localhost:5183/swagger/index.html - null null
[2024-08-12 13:01:25.342 +06:00  DBG]  Wildcard detected, all requests with hosts will be allowed.
[2024-08-12 13:01:25.357 +06:00  DBG]  No candidates found for the request path '/swagger/index.html'
[2024-08-12 13:01:25.358 +06:00  DBG]  Request did not match any endpoints
[2024-08-12 13:01:25.401 +06:00  DBG]  Response markup is scheduled to include Browser Link script injection.
[2024-08-12 13:01:25.402 +06:00  DBG]  Response markup is scheduled to include browser refresh script injection.
[2024-08-12 13:01:25.410 +06:00  DBG]  Response markup was updated to include Browser Link script injection.
[2024-08-12 13:01:25.410 +06:00  DBG]  Response markup was updated to include browser refresh script injection.
[2024-08-12 13:01:25.410 +06:00  DBG]  Connection id "0HN5QJIA99RCJ" completed keep alive response.
[2024-08-12 13:01:25.412 +06:00  INF]  Request finished HTTP/1.1 GET http://localhost:5183/swagger/index.html - 200 null text/html;charset=utf-8 142.5439ms
[2024-08-12 13:01:25.446 +06:00  INF]  Request starting HTTP/1.1 GET http://localhost:5183/_vs/browserLink - null null
[2024-08-12 13:01:25.461 +06:00  INF]  Request starting HTTP/1.1 GET http://localhost:5183/_framework/aspnetcore-browser-refresh.js - null null
[2024-08-12 13:01:25.463 +06:00  DBG]  Connection id "0HN5QJIA99RCK" completed keep alive response.
[2024-08-12 13:01:25.463 +06:00  INF]  Request finished HTTP/1.1 GET http://localhost:5183/_framework/aspnetcore-browser-refresh.js - 200 13768 application/javascript; charset=utf-8 2.268ms
[2024-08-12 13:01:25.472 +06:00  DBG]  Connection id "0HN5QJIA99RCJ" completed keep alive response.
[2024-08-12 13:01:25.472 +06:00  INF]  Request finished HTTP/1.1 GET http://localhost:5183/_vs/browserLink - 200 null text/javascript; charset=UTF-8 25.7883ms
[2024-08-12 13:01:25.646 +06:00  INF]  Request starting HTTP/1.1 GET http://localhost:5183/swagger/v1/swagger.json - null null
[2024-08-12 13:01:25.646 +06:00  DBG]  No candidates found for the request path '/swagger/v1/swagger.json'
[2024-08-12 13:01:25.646 +06:00  DBG]  Request did not match any endpoints
[2024-08-12 13:01:25.709 +06:00  DBG]  Connection id "0HN5QJIA99RCJ" completed keep alive response.
[2024-08-12 13:01:25.709 +06:00  INF]  Request finished HTTP/1.1 GET http://localhost:5183/swagger/v1/swagger.json - 200 null application/json;charset=utf-8 63.5115ms
[2024-08-12 13:01:28.553 +06:00  DBG]  Connection id "0HN5QJIA99RCL" accepted.
[2024-08-12 13:01:28.553 +06:00  DBG]  Connection id "0HN5QJIA99RCL" received FIN.
[2024-08-12 13:01:28.553 +06:00  DBG]  Connection id "0HN5QJIA99RCL" started.
[2024-08-12 13:01:28.553 +06:00  DBG]  Connection id "0HN5QJIA99RCM" accepted.
[2024-08-12 13:01:28.553 +06:00  DBG]  Connection id "0HN5QJIA99RCM" started.
[2024-08-12 13:01:28.553 +06:00  DBG]  Connection id "0HN5QJIA99RCL" sending FIN because: "The Socket transport's send loop completed gracefully."
[2024-08-12 13:01:28.554 +06:00  DBG]  Connection id "0HN5QJIA99RCL" disconnecting.
[2024-08-12 13:01:28.556 +06:00  DBG]  Connection id "0HN5QJIA99RCL" stopped.
[2024-08-12 13:01:28.557 +06:00  INF]  Request starting HTTP/1.1 POST http://localhost:5183/api/SendMoney/Send - application/json 200
[2024-08-12 13:01:28.559 +06:00  DBG]  1 candidate(s) found for the request path '/api/SendMoney/Send'
[2024-08-12 13:01:28.560 +06:00  DBG]  Endpoint 'PaymentService.Controllers.SendMoneyController.Send (PaymentService)' with route pattern 'api/SendMoney/Send' is valid for the request path '/api/SendMoney/Send'
[2024-08-12 13:01:28.560 +06:00  DBG]  Request matched endpoint 'PaymentService.Controllers.SendMoneyController.Send (PaymentService)'
[2024-08-12 13:01:28.561 +06:00  DBG]  Static files was skipped as the request already matched an endpoint.
[2024-08-12 13:01:28.563 +06:00  INF]  Executing endpoint 'PaymentService.Controllers.SendMoneyController.Send (PaymentService)'
[2024-08-12 13:01:28.575 +06:00  INF]  Route matched with {action = "Send", controller = "SendMoney"}. Executing controller action with signature System.Threading.Tasks.Task`1[Microsoft.AspNetCore.Mvc.IActionResult] Send(PaymentService.Application.Request.Send.Command.AddOrEditTransaction) on controller PaymentService.Controllers.SendMoneyController (PaymentService).
[2024-08-12 13:01:28.576 +06:00  DBG]  Execution plan of authorization filters (in the following order): ["None"]
[2024-08-12 13:01:28.576 +06:00  DBG]  Execution plan of resource filters (in the following order): ["None"]
[2024-08-12 13:01:28.576 +06:00  DBG]  Execution plan of action filters (in the following order): ["Microsoft.AspNetCore.Mvc.ModelBinding.UnsupportedContentTypeFilter (Order: -3000)","Microsoft.AspNetCore.Mvc.Infrastructure.ModelStateInvalidFilter (Order: -2000)"]
[2024-08-12 13:01:28.576 +06:00  DBG]  Execution plan of exception filters (in the following order): ["None"]
[2024-08-12 13:01:28.576 +06:00  DBG]  Execution plan of result filters (in the following order): ["Microsoft.AspNetCore.Mvc.Infrastructure.ClientErrorResultFilter (Order: -2000)"]
[2024-08-12 13:01:28.577 +06:00  DBG]  Executing controller factory for controller PaymentService.Controllers.SendMoneyController (PaymentService)
[2024-08-12 13:01:28.577 +06:00  DBG]  Executed controller factory for controller PaymentService.Controllers.SendMoneyController (PaymentService)
[2024-08-12 13:01:28.579 +06:00  DBG]  Attempting to bind parameter 'command' of type 'PaymentService.Application.Request.Send.Command.AddOrEditTransaction' ...
[2024-08-12 13:01:28.580 +06:00  DBG]  Attempting to bind parameter 'command' of type 'PaymentService.Application.Request.Send.Command.AddOrEditTransaction' using the name '' in request data ...
[2024-08-12 13:01:28.580 +06:00  DBG]  Selected input formatter 'Microsoft.AspNetCore.Mvc.Formatters.SystemTextJsonInputFormatter' for content type 'application/json'.
[2024-08-12 13:01:28.584 +06:00  DBG]  Connection id "0HN5QJIA99RCM", Request id "0HN5QJIA99RCM:00000001": started reading request body.
[2024-08-12 13:01:28.585 +06:00  DBG]  Connection id "0HN5QJIA99RCM", Request id "0HN5QJIA99RCM:00000001": done reading request body.
[2024-08-12 13:01:28.587 +06:00  DBG]  JSON input formatter succeeded, deserializing to type 'PaymentService.Application.Request.Send.Command.AddOrEditTransaction'
[2024-08-12 13:01:28.588 +06:00  DBG]  Done attempting to bind parameter 'command' of type 'PaymentService.Application.Request.Send.Command.AddOrEditTransaction'.
[2024-08-12 13:01:28.588 +06:00  DBG]  Done attempting to bind parameter 'command' of type 'PaymentService.Application.Request.Send.Command.AddOrEditTransaction'.
[2024-08-12 13:01:28.588 +06:00  DBG]  Attempting to validate the bound parameter 'command' of type 'PaymentService.Application.Request.Send.Command.AddOrEditTransaction' ...
[2024-08-12 13:01:28.591 +06:00  DBG]  Done attempting to validate the bound parameter 'command' of type 'PaymentService.Application.Request.Send.Command.AddOrEditTransaction'.
[2024-08-12 13:01:31.646 +06:00  INF]  requst received from this contact no: 113150amount :10
[2024-08-12 13:03:47.699 +06:00  DBG]  Registered model binder providers, in the following order: ["Microsoft.AspNetCore.Mvc.ModelBinding.Binders.BinderTypeModelBinderProvider","Microsoft.AspNetCore.Mvc.ModelBinding.Binders.ServicesModelBinderProvider","Microsoft.AspNetCore.Mvc.ModelBinding.Binders.BodyModelBinderProvider","Microsoft.AspNetCore.Mvc.ModelBinding.Binders.HeaderModelBinderProvider","Microsoft.AspNetCore.Mvc.ModelBinding.Binders.FloatingPointTypeModelBinderProvider","Microsoft.AspNetCore.Mvc.ModelBinding.Binders.EnumTypeModelBinderProvider","Microsoft.AspNetCore.Mvc.ModelBinding.Binders.DateTimeModelBinderProvider","Microsoft.AspNetCore.Mvc.ModelBinding.Binders.SimpleTypeModelBinderProvider","Microsoft.AspNetCore.Mvc.ModelBinding.Binders.TryParseModelBinderProvider","Microsoft.AspNetCore.Mvc.ModelBinding.Binders.CancellationTokenModelBinderProvider","Microsoft.AspNetCore.Mvc.ModelBinding.Binders.ByteArrayModelBinderProvider","Microsoft.AspNetCore.Mvc.ModelBinding.Binders.FormFileModelBinderProvider","Microsoft.AspNetCore.Mvc.ModelBinding.Binders.FormCollectionModelBinderProvider","Microsoft.AspNetCore.Mvc.ModelBinding.Binders.KeyValuePairModelBinderProvider","Microsoft.AspNetCore.Mvc.ModelBinding.Binders.DictionaryModelBinderProvider","Microsoft.AspNetCore.Mvc.ModelBinding.Binders.ArrayModelBinderProvider","Microsoft.AspNetCore.Mvc.ModelBinding.Binders.CollectionModelBinderProvider","Microsoft.AspNetCore.Mvc.ModelBinding.Binders.ComplexObjectModelBinderProvider"]
[2024-08-12 13:03:47.738 +06:00  DBG]  Hosting starting
[2024-08-12 13:03:47.818 +06:00  INF]  Now listening on: http://localhost:5183
[2024-08-12 13:03:47.818 +06:00  DBG]  Loaded hosting startup assembly PaymentService
[2024-08-12 13:03:47.818 +06:00  DBG]  Loaded hosting startup assembly Microsoft.AspNetCore.Watch.BrowserRefresh
[2024-08-12 13:03:47.818 +06:00  DBG]  Loaded hosting startup assembly Microsoft.WebTools.BrowserLink.Net
[2024-08-12 13:03:47.818 +06:00  INF]  Application started. Press Ctrl+C to shut down.
[2024-08-12 13:03:47.818 +06:00  INF]  Hosting environment: Development
[2024-08-12 13:03:47.818 +06:00  INF]  Content root path: D:\Project\necpaybd-core\backend\PaymentService
[2024-08-12 13:03:47.818 +06:00  DBG]  Hosting started
[2024-08-12 13:03:48.119 +06:00  DBG]  Connection id "0HN5QJJKTV6N8" received FIN.
[2024-08-12 13:03:48.119 +06:00  DBG]  Connection id "0HN5QJJKTV6N7" received FIN.
[2024-08-12 13:03:48.139 +06:00  DBG]  Connection id "0HN5QJJKTV6N8" accepted.
[2024-08-12 13:03:48.139 +06:00  DBG]  Connection id "0HN5QJJKTV6N7" accepted.
[2024-08-12 13:03:48.140 +06:00  DBG]  Connection id "0HN5QJJKTV6N8" started.
[2024-08-12 13:03:48.140 +06:00  DBG]  Connection id "0HN5QJJKTV6N7" started.
[2024-08-12 13:03:48.149 +06:00  DBG]  Connection id "0HN5QJJKTV6N7" sending FIN because: "The Socket transport's send loop completed gracefully."
[2024-08-12 13:03:48.149 +06:00  DBG]  Connection id "0HN5QJJKTV6N8" sending FIN because: "The Socket transport's send loop completed gracefully."
[2024-08-12 13:03:48.152 +06:00  DBG]  Connection id "0HN5QJJKTV6N8" disconnecting.
[2024-08-12 13:03:48.152 +06:00  DBG]  Connection id "0HN5QJJKTV6N7" disconnecting.
[2024-08-12 13:03:48.154 +06:00  DBG]  Connection id "0HN5QJJKTV6N7" stopped.
[2024-08-12 13:03:48.154 +06:00  DBG]  Connection id "0HN5QJJKTV6N8" stopped.
[2024-08-12 13:03:48.340 +06:00  DBG]  Connection id "0HN5QJJKTV6N9" accepted.
[2024-08-12 13:03:48.341 +06:00  DBG]  Connection id "0HN5QJJKTV6N9" started.
[2024-08-12 13:03:48.341 +06:00  DBG]  Connection id "0HN5QJJKTV6NA" accepted.
[2024-08-12 13:03:48.341 +06:00  DBG]  Connection id "0HN5QJJKTV6NA" started.
[2024-08-12 13:03:48.371 +06:00  INF]  Request starting HTTP/1.1 GET http://localhost:5183/swagger/index.html - null null
[2024-08-12 13:03:48.430 +06:00  DBG]  Wildcard detected, all requests with hosts will be allowed.
[2024-08-12 13:03:48.447 +06:00  DBG]  No candidates found for the request path '/swagger/index.html'
[2024-08-12 13:03:48.447 +06:00  DBG]  Request did not match any endpoints
[2024-08-12 13:03:48.491 +06:00  DBG]  Response markup is scheduled to include Browser Link script injection.
[2024-08-12 13:03:48.492 +06:00  DBG]  Response markup is scheduled to include browser refresh script injection.
[2024-08-12 13:03:48.505 +06:00  DBG]  Response markup was updated to include Browser Link script injection.
[2024-08-12 13:03:48.505 +06:00  DBG]  Response markup was updated to include browser refresh script injection.
[2024-08-12 13:03:48.505 +06:00  DBG]  Connection id "0HN5QJJKTV6N9" completed keep alive response.
[2024-08-12 13:03:48.507 +06:00  INF]  Request finished HTTP/1.1 GET http://localhost:5183/swagger/index.html - 200 null text/html;charset=utf-8 139.8145ms
[2024-08-12 13:03:48.565 +06:00  INF]  Request starting HTTP/1.1 GET http://localhost:5183/_framework/aspnetcore-browser-refresh.js - null null
[2024-08-12 13:03:48.567 +06:00  DBG]  Connection id "0HN5QJJKTV6N9" completed keep alive response.
[2024-08-12 13:03:48.567 +06:00  INF]  Request finished HTTP/1.1 GET http://localhost:5183/_framework/aspnetcore-browser-refresh.js - 200 13768 application/javascript; charset=utf-8 1.5086ms
[2024-08-12 13:03:48.573 +06:00  INF]  Request starting HTTP/1.1 GET http://localhost:5183/_vs/browserLink - null null
[2024-08-12 13:03:48.605 +06:00  DBG]  Connection id "0HN5QJJKTV6NA" completed keep alive response.
[2024-08-12 13:03:48.606 +06:00  INF]  Request finished HTTP/1.1 GET http://localhost:5183/_vs/browserLink - 200 null text/javascript; charset=UTF-8 33.0797ms
[2024-08-12 13:03:48.715 +06:00  INF]  Request starting HTTP/1.1 GET http://localhost:5183/swagger/v1/swagger.json - null null
[2024-08-12 13:03:48.717 +06:00  DBG]  No candidates found for the request path '/swagger/v1/swagger.json'
[2024-08-12 13:03:48.717 +06:00  DBG]  Request did not match any endpoints
[2024-08-12 13:03:48.782 +06:00  DBG]  Connection id "0HN5QJJKTV6NA" completed keep alive response.
[2024-08-12 13:03:48.782 +06:00  INF]  Request finished HTTP/1.1 GET http://localhost:5183/swagger/v1/swagger.json - 200 null application/json;charset=utf-8 68.3036ms
[2024-08-12 13:03:52.105 +06:00  DBG]  Connection id "0HN5QJJKTV6NB" accepted.
[2024-08-12 13:03:52.105 +06:00  DBG]  Connection id "0HN5QJJKTV6NB" started.
[2024-08-12 13:03:52.105 +06:00  DBG]  Connection id "0HN5QJJKTV6NB" received FIN.
[2024-08-12 13:03:52.106 +06:00  DBG]  Connection id "0HN5QJJKTV6NB" sending FIN because: "The Socket transport's send loop completed gracefully."
[2024-08-12 13:03:52.106 +06:00  DBG]  Connection id "0HN5QJJKTV6NC" accepted.
[2024-08-12 13:03:52.106 +06:00  DBG]  Connection id "0HN5QJJKTV6NB" disconnecting.
[2024-08-12 13:03:52.106 +06:00  DBG]  Connection id "0HN5QJJKTV6NC" started.
[2024-08-12 13:03:52.108 +06:00  DBG]  Connection id "0HN5QJJKTV6NB" stopped.
[2024-08-12 13:03:52.109 +06:00  INF]  Request starting HTTP/1.1 POST http://localhost:5183/api/SendMoney/Send - application/json 200
[2024-08-12 13:03:52.112 +06:00  DBG]  1 candidate(s) found for the request path '/api/SendMoney/Send'
[2024-08-12 13:03:52.113 +06:00  DBG]  Endpoint 'PaymentService.Controllers.SendMoneyController.Send (PaymentService)' with route pattern 'api/SendMoney/Send' is valid for the request path '/api/SendMoney/Send'
[2024-08-12 13:03:52.113 +06:00  DBG]  Request matched endpoint 'PaymentService.Controllers.SendMoneyController.Send (PaymentService)'
[2024-08-12 13:03:52.114 +06:00  DBG]  Static files was skipped as the request already matched an endpoint.
[2024-08-12 13:03:52.116 +06:00  INF]  Executing endpoint 'PaymentService.Controllers.SendMoneyController.Send (PaymentService)'
[2024-08-12 13:03:52.129 +06:00  INF]  Route matched with {action = "Send", controller = "SendMoney"}. Executing controller action with signature System.Threading.Tasks.Task`1[Microsoft.AspNetCore.Mvc.IActionResult] Send(PaymentService.Application.Request.Send.Command.AddOrEditTransaction) on controller PaymentService.Controllers.SendMoneyController (PaymentService).
[2024-08-12 13:03:52.129 +06:00  DBG]  Execution plan of authorization filters (in the following order): ["None"]
[2024-08-12 13:03:52.129 +06:00  DBG]  Execution plan of resource filters (in the following order): ["None"]
[2024-08-12 13:03:52.130 +06:00  DBG]  Execution plan of action filters (in the following order): ["Microsoft.AspNetCore.Mvc.ModelBinding.UnsupportedContentTypeFilter (Order: -3000)","Microsoft.AspNetCore.Mvc.Infrastructure.ModelStateInvalidFilter (Order: -2000)"]
[2024-08-12 13:03:52.130 +06:00  DBG]  Execution plan of exception filters (in the following order): ["None"]
[2024-08-12 13:03:52.130 +06:00  DBG]  Execution plan of result filters (in the following order): ["Microsoft.AspNetCore.Mvc.Infrastructure.ClientErrorResultFilter (Order: -2000)"]
[2024-08-12 13:03:52.130 +06:00  DBG]  Executing controller factory for controller PaymentService.Controllers.SendMoneyController (PaymentService)
[2024-08-12 13:03:52.131 +06:00  DBG]  Executed controller factory for controller PaymentService.Controllers.SendMoneyController (PaymentService)
[2024-08-12 13:03:52.132 +06:00  DBG]  Attempting to bind parameter 'command' of type 'PaymentService.Application.Request.Send.Command.AddOrEditTransaction' ...
[2024-08-12 13:03:52.133 +06:00  DBG]  Attempting to bind parameter 'command' of type 'PaymentService.Application.Request.Send.Command.AddOrEditTransaction' using the name '' in request data ...
[2024-08-12 13:03:52.134 +06:00  DBG]  Selected input formatter 'Microsoft.AspNetCore.Mvc.Formatters.SystemTextJsonInputFormatter' for content type 'application/json'.
[2024-08-12 13:03:52.138 +06:00  DBG]  Connection id "0HN5QJJKTV6NC", Request id "0HN5QJJKTV6NC:00000001": started reading request body.
[2024-08-12 13:03:52.138 +06:00  DBG]  Connection id "0HN5QJJKTV6NC", Request id "0HN5QJJKTV6NC:00000001": done reading request body.
[2024-08-12 13:03:52.141 +06:00  DBG]  JSON input formatter succeeded, deserializing to type 'PaymentService.Application.Request.Send.Command.AddOrEditTransaction'
[2024-08-12 13:03:52.141 +06:00  DBG]  Done attempting to bind parameter 'command' of type 'PaymentService.Application.Request.Send.Command.AddOrEditTransaction'.
[2024-08-12 13:03:52.141 +06:00  DBG]  Done attempting to bind parameter 'command' of type 'PaymentService.Application.Request.Send.Command.AddOrEditTransaction'.
[2024-08-12 13:03:52.141 +06:00  DBG]  Attempting to validate the bound parameter 'command' of type 'PaymentService.Application.Request.Send.Command.AddOrEditTransaction' ...
[2024-08-12 13:03:52.144 +06:00  DBG]  Done attempting to validate the bound parameter 'command' of type 'PaymentService.Application.Request.Send.Command.AddOrEditTransaction'.
[2024-08-12 13:03:55.300 +06:00  INF]  requst received from this contact no: 113150 amount :10
[2024-08-12 13:04:02.388 +06:00  INF]  send money request successfully processed
[2024-08-12 13:04:06.568 +06:00  INF]  notification successfully processed
[2024-08-12 17:35:58.126 +06:00  DBG]  Registered model binder providers, in the following order: ["Microsoft.AspNetCore.Mvc.ModelBinding.Binders.BinderTypeModelBinderProvider","Microsoft.AspNetCore.Mvc.ModelBinding.Binders.ServicesModelBinderProvider","Microsoft.AspNetCore.Mvc.ModelBinding.Binders.BodyModelBinderProvider","Microsoft.AspNetCore.Mvc.ModelBinding.Binders.HeaderModelBinderProvider","Microsoft.AspNetCore.Mvc.ModelBinding.Binders.FloatingPointTypeModelBinderProvider","Microsoft.AspNetCore.Mvc.ModelBinding.Binders.EnumTypeModelBinderProvider","Microsoft.AspNetCore.Mvc.ModelBinding.Binders.DateTimeModelBinderProvider","Microsoft.AspNetCore.Mvc.ModelBinding.Binders.SimpleTypeModelBinderProvider","Microsoft.AspNetCore.Mvc.ModelBinding.Binders.TryParseModelBinderProvider","Microsoft.AspNetCore.Mvc.ModelBinding.Binders.CancellationTokenModelBinderProvider","Microsoft.AspNetCore.Mvc.ModelBinding.Binders.ByteArrayModelBinderProvider","Microsoft.AspNetCore.Mvc.ModelBinding.Binders.FormFileModelBinderProvider","Microsoft.AspNetCore.Mvc.ModelBinding.Binders.FormCollectionModelBinderProvider","Microsoft.AspNetCore.Mvc.ModelBinding.Binders.KeyValuePairModelBinderProvider","Microsoft.AspNetCore.Mvc.ModelBinding.Binders.DictionaryModelBinderProvider","Microsoft.AspNetCore.Mvc.ModelBinding.Binders.ArrayModelBinderProvider","Microsoft.AspNetCore.Mvc.ModelBinding.Binders.CollectionModelBinderProvider","Microsoft.AspNetCore.Mvc.ModelBinding.Binders.ComplexObjectModelBinderProvider"]
[2024-08-12 17:35:58.163 +06:00  DBG]  Hosting starting
[2024-08-12 17:35:58.229 +06:00  INF]  Now listening on: http://localhost:5183
[2024-08-12 17:35:58.229 +06:00  DBG]  Loaded hosting startup assembly PaymentService
[2024-08-12 17:35:58.229 +06:00  DBG]  Loaded hosting startup assembly Microsoft.AspNetCore.Watch.BrowserRefresh
[2024-08-12 17:35:58.229 +06:00  DBG]  Loaded hosting startup assembly Microsoft.WebTools.BrowserLink.Net
[2024-08-12 17:35:58.229 +06:00  INF]  Application started. Press Ctrl+C to shut down.
[2024-08-12 17:35:58.229 +06:00  INF]  Hosting environment: Development
[2024-08-12 17:35:58.229 +06:00  INF]  Content root path: D:\Project\necpaybd-core\backend\PaymentService
[2024-08-12 17:35:58.229 +06:00  DBG]  Hosting started
[2024-08-12 17:35:58.534 +06:00  DBG]  Connection id "0HN5QOBNOUTVQ" accepted.
[2024-08-12 17:35:58.535 +06:00  DBG]  Connection id "0HN5QOBNOUTVQ" started.
[2024-08-12 17:35:58.546 +06:00  DBG]  Connection id "0HN5QOBNOUTVR" accepted.
[2024-08-12 17:35:58.546 +06:00  DBG]  Connection id "0HN5QOBNOUTVR" started.
[2024-08-12 17:35:58.547 +06:00  DBG]  Connection id "0HN5QOBNOUTVQ" received FIN.
[2024-08-12 17:35:58.547 +06:00  DBG]  Connection id "0HN5QOBNOUTVR" received FIN.
[2024-08-12 17:35:58.553 +06:00  DBG]  Connection id "0HN5QOBNOUTVQ" disconnecting.
[2024-08-12 17:35:58.558 +06:00  DBG]  Connection id "0HN5QOBNOUTVR" sending FIN because: "The Socket transport's send loop completed gracefully."
[2024-08-12 17:35:58.558 +06:00  DBG]  Connection id "0HN5QOBNOUTVQ" stopped.
[2024-08-12 17:35:58.559 +06:00  DBG]  Connection id "0HN5QOBNOUTVR" disconnecting.
[2024-08-12 17:35:58.559 +06:00  DBG]  Connection id "0HN5QOBNOUTVR" stopped.
[2024-08-12 17:35:58.560 +06:00  DBG]  Connection id "0HN5QOBNOUTVQ" sending FIN because: "The Socket transport's send loop completed gracefully."
[2024-08-12 17:35:58.700 +06:00  DBG]  Connection id "0HN5QOBNOUTVS" accepted.
[2024-08-12 17:35:58.701 +06:00  DBG]  Connection id "0HN5QOBNOUTVS" started.
[2024-08-12 17:35:58.702 +06:00  DBG]  Connection id "0HN5QOBNOUTVT" accepted.
[2024-08-12 17:35:58.702 +06:00  DBG]  Connection id "0HN5QOBNOUTVT" started.
[2024-08-12 17:35:58.738 +06:00  INF]  Request starting HTTP/1.1 GET http://localhost:5183/swagger/index.html - null null
[2024-08-12 17:35:58.805 +06:00  DBG]  Wildcard detected, all requests with hosts will be allowed.
[2024-08-12 17:35:58.812 +06:00  DBG]  No candidates found for the request path '/swagger/index.html'
[2024-08-12 17:35:58.813 +06:00  DBG]  Request did not match any endpoints
[2024-08-12 17:35:58.854 +06:00  DBG]  Response markup is scheduled to include Browser Link script injection.
[2024-08-12 17:35:58.854 +06:00  DBG]  Response markup is scheduled to include browser refresh script injection.
[2024-08-12 17:35:58.865 +06:00  DBG]  Response markup was updated to include Browser Link script injection.
[2024-08-12 17:35:58.865 +06:00  DBG]  Response markup was updated to include browser refresh script injection.
[2024-08-12 17:35:58.866 +06:00  DBG]  Connection id "0HN5QOBNOUTVS" completed keep alive response.
[2024-08-12 17:35:58.868 +06:00  INF]  Request finished HTTP/1.1 GET http://localhost:5183/swagger/index.html - 200 null text/html;charset=utf-8 134.859ms
[2024-08-12 17:35:58.989 +06:00  INF]  Request starting HTTP/1.1 GET http://localhost:5183/_framework/aspnetcore-browser-refresh.js - null null
[2024-08-12 17:35:58.989 +06:00  INF]  Request starting HTTP/1.1 GET http://localhost:5183/_vs/browserLink - null null
[2024-08-12 17:35:58.991 +06:00  DBG]  Connection id "0HN5QOBNOUTVS" completed keep alive response.
[2024-08-12 17:35:58.991 +06:00  INF]  Request finished HTTP/1.1 GET http://localhost:5183/_framework/aspnetcore-browser-refresh.js - 200 13768 application/javascript; charset=utf-8 1.6757ms
[2024-08-12 17:35:59.010 +06:00  DBG]  Connection id "0HN5QOBNOUTVT" completed keep alive response.
[2024-08-12 17:35:59.010 +06:00  INF]  Request finished HTTP/1.1 GET http://localhost:5183/_vs/browserLink - 200 null text/javascript; charset=UTF-8 20.7071ms
[2024-08-12 17:35:59.126 +06:00  INF]  Request starting HTTP/1.1 GET http://localhost:5183/swagger/v1/swagger.json - null null
[2024-08-12 17:35:59.127 +06:00  DBG]  No candidates found for the request path '/swagger/v1/swagger.json'
[2024-08-12 17:35:59.127 +06:00  DBG]  Request did not match any endpoints
[2024-08-12 17:35:59.188 +06:00  DBG]  Connection id "0HN5QOBNOUTVT" completed keep alive response.
[2024-08-12 17:35:59.189 +06:00  INF]  Request finished HTTP/1.1 GET http://localhost:5183/swagger/v1/swagger.json - 200 null application/json;charset=utf-8 62.6079ms
[2024-08-12 17:36:05.694 +06:00  DBG]  Connection id "0HN5QOBNOUTVU" received FIN.
[2024-08-12 17:36:05.694 +06:00  DBG]  Connection id "0HN5QOBNOUTVU" accepted.
[2024-08-12 17:36:05.694 +06:00  DBG]  Connection id "0HN5QOBNOUTVU" started.
[2024-08-12 17:36:05.694 +06:00  DBG]  Connection id "0HN5QOBNOUTVV" accepted.
[2024-08-12 17:36:05.694 +06:00  DBG]  Connection id "0HN5QOBNOUTVU" sending FIN because: "The Socket transport's send loop completed gracefully."
[2024-08-12 17:36:05.695 +06:00  DBG]  Connection id "0HN5QOBNOUTVV" started.
[2024-08-12 17:36:05.695 +06:00  DBG]  Connection id "0HN5QOBNOUTVU" disconnecting.
[2024-08-12 17:36:05.695 +06:00  DBG]  Connection id "0HN5QOBNOUTVU" stopped.
[2024-08-12 17:36:05.695 +06:00  INF]  Request starting HTTP/1.1 POST http://localhost:5183/api/SendMoney/Send - application/json 201
[2024-08-12 17:36:05.697 +06:00  DBG]  1 candidate(s) found for the request path '/api/SendMoney/Send'
[2024-08-12 17:36:05.699 +06:00  DBG]  Endpoint 'PaymentService.Controllers.SendMoneyController.Send (PaymentService)' with route pattern 'api/SendMoney/Send' is valid for the request path '/api/SendMoney/Send'
[2024-08-12 17:36:05.699 +06:00  DBG]  Request matched endpoint 'PaymentService.Controllers.SendMoneyController.Send (PaymentService)'
[2024-08-12 17:36:05.700 +06:00  DBG]  Static files was skipped as the request already matched an endpoint.
[2024-08-12 17:36:05.701 +06:00  INF]  Executing endpoint 'PaymentService.Controllers.SendMoneyController.Send (PaymentService)'
[2024-08-12 17:36:05.714 +06:00  INF]  Route matched with {action = "Send", controller = "SendMoney"}. Executing controller action with signature System.Threading.Tasks.Task`1[Microsoft.AspNetCore.Mvc.IActionResult] Send(PaymentService.Application.Request.Send.Command.AddOrEditTransaction) on controller PaymentService.Controllers.SendMoneyController (PaymentService).
[2024-08-12 17:36:05.714 +06:00  DBG]  Execution plan of authorization filters (in the following order): ["None"]
[2024-08-12 17:36:05.714 +06:00  DBG]  Execution plan of resource filters (in the following order): ["None"]
[2024-08-12 17:36:05.715 +06:00  DBG]  Execution plan of action filters (in the following order): ["Microsoft.AspNetCore.Mvc.ModelBinding.UnsupportedContentTypeFilter (Order: -3000)","Microsoft.AspNetCore.Mvc.Infrastructure.ModelStateInvalidFilter (Order: -2000)"]
[2024-08-12 17:36:05.715 +06:00  DBG]  Execution plan of exception filters (in the following order): ["None"]
[2024-08-12 17:36:05.715 +06:00  DBG]  Execution plan of result filters (in the following order): ["Microsoft.AspNetCore.Mvc.Infrastructure.ClientErrorResultFilter (Order: -2000)"]
[2024-08-12 17:36:05.715 +06:00  DBG]  Executing controller factory for controller PaymentService.Controllers.SendMoneyController (PaymentService)
[2024-08-12 17:36:05.716 +06:00  DBG]  Executed controller factory for controller PaymentService.Controllers.SendMoneyController (PaymentService)
[2024-08-12 17:36:05.718 +06:00  DBG]  Attempting to bind parameter 'command' of type 'PaymentService.Application.Request.Send.Command.AddOrEditTransaction' ...
[2024-08-12 17:36:05.718 +06:00  DBG]  Attempting to bind parameter 'command' of type 'PaymentService.Application.Request.Send.Command.AddOrEditTransaction' using the name '' in request data ...
[2024-08-12 17:36:05.719 +06:00  DBG]  Selected input formatter 'Microsoft.AspNetCore.Mvc.Formatters.SystemTextJsonInputFormatter' for content type 'application/json'.
[2024-08-12 17:36:05.723 +06:00  DBG]  Connection id "0HN5QOBNOUTVV", Request id "0HN5QOBNOUTVV:00000001": started reading request body.
[2024-08-12 17:36:05.723 +06:00  DBG]  Connection id "0HN5QOBNOUTVV", Request id "0HN5QOBNOUTVV:00000001": done reading request body.
[2024-08-12 17:36:05.726 +06:00  DBG]  JSON input formatter succeeded, deserializing to type 'PaymentService.Application.Request.Send.Command.AddOrEditTransaction'
[2024-08-12 17:36:05.726 +06:00  DBG]  Done attempting to bind parameter 'command' of type 'PaymentService.Application.Request.Send.Command.AddOrEditTransaction'.
[2024-08-12 17:36:05.726 +06:00  DBG]  Done attempting to bind parameter 'command' of type 'PaymentService.Application.Request.Send.Command.AddOrEditTransaction'.
[2024-08-12 17:36:05.726 +06:00  DBG]  Attempting to validate the bound parameter 'command' of type 'PaymentService.Application.Request.Send.Command.AddOrEditTransaction' ...
[2024-08-12 17:36:05.729 +06:00  DBG]  Done attempting to validate the bound parameter 'command' of type 'PaymentService.Application.Request.Send.Command.AddOrEditTransaction'.
[2024-08-12 17:36:13.610 +06:00  DBG]  List of registered output formatters, in the following order: ["Microsoft.AspNetCore.Mvc.Formatters.HttpNoContentOutputFormatter","Microsoft.AspNetCore.Mvc.Formatters.StringOutputFormatter","Microsoft.AspNetCore.Mvc.Formatters.StreamOutputFormatter","Microsoft.AspNetCore.Mvc.Formatters.SystemTextJsonOutputFormatter"]
[2024-08-12 17:36:13.611 +06:00  DBG]  No information found on request to perform content negotiation.
[2024-08-12 17:36:13.611 +06:00  DBG]  Attempting to select an output formatter without using a content type as no explicit content types were specified for the response.
[2024-08-12 17:36:13.611 +06:00  DBG]  Attempting to select the first formatter in the output formatters list which can write the result.
[2024-08-12 17:36:13.612 +06:00  DBG]  Selected output formatter 'Microsoft.AspNetCore.Mvc.Formatters.StringOutputFormatter' and content type 'text/plain' to write the response.
[2024-08-12 17:36:13.612 +06:00  INF]  Executing OkObjectResult, writing value of type 'System.String'.
[2024-08-12 17:36:13.620 +06:00  INF]  Executed action PaymentService.Controllers.SendMoneyController.Send (PaymentService) in 7898.6443ms
[2024-08-12 17:36:13.620 +06:00  INF]  Executed endpoint 'PaymentService.Controllers.SendMoneyController.Send (PaymentService)'
[2024-08-12 17:36:13.620 +06:00  DBG]  Connection id "0HN5QOBNOUTVV" completed keep alive response.
[2024-08-12 17:36:13.620 +06:00  INF]  Request finished HTTP/1.1 POST http://localhost:5183/api/SendMoney/Send - 200 null text/plain; charset=utf-8 7925.3041ms
[2024-08-12 17:36:21.171 +06:00  INF]  Request starting HTTP/1.1 POST http://localhost:5183/api/SendMoney/Send - application/json 200
[2024-08-12 17:36:21.172 +06:00  DBG]  1 candidate(s) found for the request path '/api/SendMoney/Send'
[2024-08-12 17:36:21.172 +06:00  DBG]  Endpoint 'PaymentService.Controllers.SendMoneyController.Send (PaymentService)' with route pattern 'api/SendMoney/Send' is valid for the request path '/api/SendMoney/Send'
[2024-08-12 17:36:21.172 +06:00  DBG]  Request matched endpoint 'PaymentService.Controllers.SendMoneyController.Send (PaymentService)'
[2024-08-12 17:36:21.172 +06:00  DBG]  Static files was skipped as the request already matched an endpoint.
[2024-08-12 17:36:21.172 +06:00  INF]  Executing endpoint 'PaymentService.Controllers.SendMoneyController.Send (PaymentService)'
[2024-08-12 17:36:21.172 +06:00  INF]  Route matched with {action = "Send", controller = "SendMoney"}. Executing controller action with signature System.Threading.Tasks.Task`1[Microsoft.AspNetCore.Mvc.IActionResult] Send(PaymentService.Application.Request.Send.Command.AddOrEditTransaction) on controller PaymentService.Controllers.SendMoneyController (PaymentService).
[2024-08-12 17:36:21.172 +06:00  DBG]  Execution plan of authorization filters (in the following order): ["None"]
[2024-08-12 17:36:21.172 +06:00  DBG]  Execution plan of resource filters (in the following order): ["None"]
[2024-08-12 17:36:21.172 +06:00  DBG]  Execution plan of action filters (in the following order): ["Microsoft.AspNetCore.Mvc.ModelBinding.UnsupportedContentTypeFilter (Order: -3000)","Microsoft.AspNetCore.Mvc.Infrastructure.ModelStateInvalidFilter (Order: -2000)"]
[2024-08-12 17:36:21.172 +06:00  DBG]  Execution plan of exception filters (in the following order): ["None"]
[2024-08-12 17:36:21.172 +06:00  DBG]  Execution plan of result filters (in the following order): ["Microsoft.AspNetCore.Mvc.Infrastructure.ClientErrorResultFilter (Order: -2000)"]
[2024-08-12 17:36:21.172 +06:00  DBG]  Executing controller factory for controller PaymentService.Controllers.SendMoneyController (PaymentService)
[2024-08-12 17:36:21.172 +06:00  DBG]  Executed controller factory for controller PaymentService.Controllers.SendMoneyController (PaymentService)
[2024-08-12 17:36:21.173 +06:00  DBG]  Attempting to bind parameter 'command' of type 'PaymentService.Application.Request.Send.Command.AddOrEditTransaction' ...
[2024-08-12 17:36:21.173 +06:00  DBG]  Attempting to bind parameter 'command' of type 'PaymentService.Application.Request.Send.Command.AddOrEditTransaction' using the name '' in request data ...
[2024-08-12 17:36:21.173 +06:00  DBG]  Selected input formatter 'Microsoft.AspNetCore.Mvc.Formatters.SystemTextJsonInputFormatter' for content type 'application/json'.
[2024-08-12 17:36:21.173 +06:00  DBG]  Connection id "0HN5QOBNOUTVV", Request id "0HN5QOBNOUTVV:00000002": started reading request body.
[2024-08-12 17:36:21.173 +06:00  DBG]  Connection id "0HN5QOBNOUTVV", Request id "0HN5QOBNOUTVV:00000002": done reading request body.
[2024-08-12 17:36:21.173 +06:00  DBG]  JSON input formatter succeeded, deserializing to type 'PaymentService.Application.Request.Send.Command.AddOrEditTransaction'
[2024-08-12 17:36:21.173 +06:00  DBG]  Done attempting to bind parameter 'command' of type 'PaymentService.Application.Request.Send.Command.AddOrEditTransaction'.
[2024-08-12 17:36:21.173 +06:00  DBG]  Done attempting to bind parameter 'command' of type 'PaymentService.Application.Request.Send.Command.AddOrEditTransaction'.
[2024-08-12 17:36:21.173 +06:00  DBG]  Attempting to validate the bound parameter 'command' of type 'PaymentService.Application.Request.Send.Command.AddOrEditTransaction' ...
[2024-08-12 17:36:21.173 +06:00  DBG]  Done attempting to validate the bound parameter 'command' of type 'PaymentService.Application.Request.Send.Command.AddOrEditTransaction'.
