[2024-08-13 14:42:55.303 +06:00  DBG]  Registered model binder providers, in the following order: ["Microsoft.AspNetCore.Mvc.ModelBinding.Binders.BinderTypeModelBinderProvider","Microsoft.AspNetCore.Mvc.ModelBinding.Binders.ServicesModelBinderProvider","Microsoft.AspNetCore.Mvc.ModelBinding.Binders.BodyModelBinderProvider","Microsoft.AspNetCore.Mvc.ModelBinding.Binders.HeaderModelBinderProvider","Microsoft.AspNetCore.Mvc.ModelBinding.Binders.FloatingPointTypeModelBinderProvider","Microsoft.AspNetCore.Mvc.ModelBinding.Binders.EnumTypeModelBinderProvider","Microsoft.AspNetCore.Mvc.ModelBinding.Binders.DateTimeModelBinderProvider","Microsoft.AspNetCore.Mvc.ModelBinding.Binders.SimpleTypeModelBinderProvider","Microsoft.AspNetCore.Mvc.ModelBinding.Binders.TryParseModelBinderProvider","Microsoft.AspNetCore.Mvc.ModelBinding.Binders.CancellationTokenModelBinderProvider","Microsoft.AspNetCore.Mvc.ModelBinding.Binders.ByteArrayModelBinderProvider","Microsoft.AspNetCore.Mvc.ModelBinding.Binders.FormFileModelBinderProvider","Microsoft.AspNetCore.Mvc.ModelBinding.Binders.FormCollectionModelBinderProvider","Microsoft.AspNetCore.Mvc.ModelBinding.Binders.KeyValuePairModelBinderProvider","Microsoft.AspNetCore.Mvc.ModelBinding.Binders.DictionaryModelBinderProvider","Microsoft.AspNetCore.Mvc.ModelBinding.Binders.ArrayModelBinderProvider","Microsoft.AspNetCore.Mvc.ModelBinding.Binders.CollectionModelBinderProvider","Microsoft.AspNetCore.Mvc.ModelBinding.Binders.ComplexObjectModelBinderProvider"]
[2024-08-13 14:42:55.381 +06:00  DBG]  Hosting starting
[2024-08-13 14:42:55.616 +06:00  INF]  Now listening on: http://localhost:5183
[2024-08-13 14:42:55.616 +06:00  DBG]  Loaded hosting startup assembly PaymentService
[2024-08-13 14:42:55.616 +06:00  DBG]  Loaded hosting startup assembly Microsoft.AspNetCore.Watch.BrowserRefresh
[2024-08-13 14:42:55.616 +06:00  DBG]  Loaded hosting startup assembly Microsoft.WebTools.BrowserLink.Net
[2024-08-13 14:42:55.616 +06:00  INF]  Application started. Press Ctrl+C to shut down.
[2024-08-13 14:42:55.617 +06:00  INF]  Hosting environment: Development
[2024-08-13 14:42:55.617 +06:00  INF]  Content root path: D:\Project\necpaybd-core\backend\PaymentService
[2024-08-13 14:42:55.617 +06:00  DBG]  Hosting started
[2024-08-13 14:42:55.706 +06:00  DBG]  Connection id "0HN5REFML6D1K" accepted.
[2024-08-13 14:42:55.706 +06:00  DBG]  Connection id "0HN5REFML6D1K" started.
[2024-08-13 14:42:55.715 +06:00  DBG]  Connection id "0HN5REFML6D1L" accepted.
[2024-08-13 14:42:55.715 +06:00  DBG]  Connection id "0HN5REFML6D1L" started.
[2024-08-13 14:42:55.958 +06:00  DBG]  Connection id "0HN5REFML6D1M" accepted.
[2024-08-13 14:42:55.958 +06:00  DBG]  Connection id "0HN5REFML6D1M" started.
[2024-08-13 14:42:55.959 +06:00  DBG]  Connection id "0HN5REFML6D1N" accepted.
[2024-08-13 14:42:55.959 +06:00  DBG]  Connection id "0HN5REFML6D1N" started.
[2024-08-13 14:42:56.020 +06:00  INF]  Request starting HTTP/1.1 GET http://localhost:5183/swagger/index.html - null null
[2024-08-13 14:42:56.157 +06:00  DBG]  Wildcard detected, all requests with hosts will be allowed.
[2024-08-13 14:42:56.167 +06:00  DBG]  No candidates found for the request path '/swagger/index.html'
[2024-08-13 14:42:56.167 +06:00  DBG]  Request did not match any endpoints
[2024-08-13 14:42:56.208 +06:00  DBG]  Response markup is scheduled to include Browser Link script injection.
[2024-08-13 14:42:56.209 +06:00  DBG]  Response markup is scheduled to include browser refresh script injection.
[2024-08-13 14:42:56.241 +06:00  DBG]  Response markup was updated to include Browser Link script injection.
[2024-08-13 14:42:56.241 +06:00  DBG]  Response markup was updated to include browser refresh script injection.
[2024-08-13 14:42:56.241 +06:00  DBG]  Connection id "0HN5REFML6D1M" completed keep alive response.
[2024-08-13 14:42:56.242 +06:00  INF]  Request finished HTTP/1.1 GET http://localhost:5183/swagger/index.html - 200 null text/html;charset=utf-8 225.7633ms
[2024-08-13 14:42:56.267 +06:00  INF]  Request starting HTTP/1.1 GET http://localhost:5183/_framework/aspnetcore-browser-refresh.js - null null
[2024-08-13 14:42:56.268 +06:00  DBG]  Connection id "0HN5REFML6D1M" completed keep alive response.
[2024-08-13 14:42:56.269 +06:00  INF]  Request finished HTTP/1.1 GET http://localhost:5183/_framework/aspnetcore-browser-refresh.js - 200 13768 application/javascript; charset=utf-8 1.6717ms
[2024-08-13 14:42:56.276 +06:00  INF]  Request starting HTTP/1.1 GET http://localhost:5183/_vs/browserLink - null null
[2024-08-13 14:42:56.284 +06:00  DBG]  Connection id "0HN5REFML6D1O" accepted.
[2024-08-13 14:42:56.285 +06:00  DBG]  Connection id "0HN5REFML6D1O" started.
[2024-08-13 14:42:56.286 +06:00  INF]  Request starting HTTP/1.1 GET http://localhost:5183/swagger/swagger-ui-bundle.js - null null
[2024-08-13 14:42:56.288 +06:00  DBG]  Connection id "0HN5REFML6D1P" accepted.
[2024-08-13 14:42:56.289 +06:00  DBG]  Connection id "0HN5REFML6D1P" started.
[2024-08-13 14:42:56.291 +06:00  DBG]  Connection id "0HN5REFML6D1Q" accepted.
[2024-08-13 14:42:56.290 +06:00  DBG]  No candidates found for the request path '/swagger/swagger-ui-bundle.js'
[2024-08-13 14:42:56.291 +06:00  DBG]  Connection id "0HN5REFML6D1Q" started.
[2024-08-13 14:42:56.291 +06:00  INF]  Request starting HTTP/1.1 GET http://localhost:5183/_framework/aspnetcore-browser-refresh.js - null null
[2024-08-13 14:42:56.291 +06:00  DBG]  Request did not match any endpoints
[2024-08-13 14:42:56.291 +06:00  INF]  Request starting HTTP/1.1 GET http://localhost:5183/swagger/swagger-ui-standalone-preset.js - null null
[2024-08-13 14:42:56.291 +06:00  DBG]  No candidates found for the request path '/swagger/swagger-ui-standalone-preset.js'
[2024-08-13 14:42:56.291 +06:00  DBG]  Connection id "0HN5REFML6D1P" completed keep alive response.
[2024-08-13 14:42:56.291 +06:00  DBG]  Request did not match any endpoints
[2024-08-13 14:42:56.291 +06:00  INF]  Request finished HTTP/1.1 GET http://localhost:5183/_framework/aspnetcore-browser-refresh.js - 200 13768 application/javascript; charset=utf-8 0.5438ms
[2024-08-13 14:42:56.324 +06:00  INF]  Sending file. Request path: '/swagger-ui-standalone-preset.js'. Physical path: 'N/A'
[2024-08-13 14:42:56.325 +06:00  DBG]  Connection id "0HN5REFML6D1Q" completed keep alive response.
[2024-08-13 14:42:56.325 +06:00  INF]  Request finished HTTP/1.1 GET http://localhost:5183/swagger/swagger-ui-standalone-preset.js - 200 339486 text/javascript 34.1672ms
[2024-08-13 14:42:56.327 +06:00  DBG]  Connection id "0HN5REFML6D1M" completed keep alive response.
[2024-08-13 14:42:56.327 +06:00  INF]  Request finished HTTP/1.1 GET http://localhost:5183/_vs/browserLink - 200 null text/javascript; charset=UTF-8 51.1995ms
[2024-08-13 14:42:56.329 +06:00  INF]  Sending file. Request path: '/swagger-ui-bundle.js'. Physical path: 'N/A'
[2024-08-13 14:42:56.329 +06:00  DBG]  Connection id "0HN5REFML6D1O" completed keep alive response.
[2024-08-13 14:42:56.329 +06:00  INF]  Request finished HTTP/1.1 GET http://localhost:5183/swagger/swagger-ui-bundle.js - 200 1096145 text/javascript 43.2785ms
[2024-08-13 14:42:56.421 +06:00  INF]  Request starting HTTP/1.1 GET http://localhost:5183/swagger/v1/swagger.json - null null
[2024-08-13 14:42:56.421 +06:00  DBG]  No candidates found for the request path '/swagger/v1/swagger.json'
[2024-08-13 14:42:56.421 +06:00  DBG]  Request did not match any endpoints
[2024-08-13 14:42:56.483 +06:00  DBG]  Connection id "0HN5REFML6D1M" completed keep alive response.
[2024-08-13 14:42:56.483 +06:00  INF]  Request finished HTTP/1.1 GET http://localhost:5183/swagger/v1/swagger.json - 200 null application/json;charset=utf-8 62.2833ms
[2024-08-13 14:42:57.355 +06:00  INF]  Request starting HTTP/1.1 GET http://localhost:5183/_vs/browserLink - null null
[2024-08-13 14:42:57.359 +06:00  DBG]  Connection id "0HN5REFML6D1O" completed keep alive response.
[2024-08-13 14:42:57.360 +06:00  INF]  Request finished HTTP/1.1 GET http://localhost:5183/_vs/browserLink - 200 null text/javascript; charset=UTF-8 4.6567ms
[2024-08-13 19:24:56.572 +06:00  DBG]  Registered model binder providers, in the following order: ["Microsoft.AspNetCore.Mvc.ModelBinding.Binders.BinderTypeModelBinderProvider","Microsoft.AspNetCore.Mvc.ModelBinding.Binders.ServicesModelBinderProvider","Microsoft.AspNetCore.Mvc.ModelBinding.Binders.BodyModelBinderProvider","Microsoft.AspNetCore.Mvc.ModelBinding.Binders.HeaderModelBinderProvider","Microsoft.AspNetCore.Mvc.ModelBinding.Binders.FloatingPointTypeModelBinderProvider","Microsoft.AspNetCore.Mvc.ModelBinding.Binders.EnumTypeModelBinderProvider","Microsoft.AspNetCore.Mvc.ModelBinding.Binders.DateTimeModelBinderProvider","Microsoft.AspNetCore.Mvc.ModelBinding.Binders.SimpleTypeModelBinderProvider","Microsoft.AspNetCore.Mvc.ModelBinding.Binders.TryParseModelBinderProvider","Microsoft.AspNetCore.Mvc.ModelBinding.Binders.CancellationTokenModelBinderProvider","Microsoft.AspNetCore.Mvc.ModelBinding.Binders.ByteArrayModelBinderProvider","Microsoft.AspNetCore.Mvc.ModelBinding.Binders.FormFileModelBinderProvider","Microsoft.AspNetCore.Mvc.ModelBinding.Binders.FormCollectionModelBinderProvider","Microsoft.AspNetCore.Mvc.ModelBinding.Binders.KeyValuePairModelBinderProvider","Microsoft.AspNetCore.Mvc.ModelBinding.Binders.DictionaryModelBinderProvider","Microsoft.AspNetCore.Mvc.ModelBinding.Binders.ArrayModelBinderProvider","Microsoft.AspNetCore.Mvc.ModelBinding.Binders.CollectionModelBinderProvider","Microsoft.AspNetCore.Mvc.ModelBinding.Binders.ComplexObjectModelBinderProvider"]
[2024-08-13 19:24:56.607 +06:00  DBG]  Hosting starting
[2024-08-13 19:24:56.670 +06:00  INF]  Now listening on: http://localhost:5183
[2024-08-13 19:24:56.670 +06:00  DBG]  Loaded hosting startup assembly PaymentService
[2024-08-13 19:24:56.670 +06:00  DBG]  Loaded hosting startup assembly Microsoft.AspNetCore.Watch.BrowserRefresh
[2024-08-13 19:24:56.670 +06:00  DBG]  Loaded hosting startup assembly Microsoft.WebTools.BrowserLink.Net
[2024-08-13 19:24:56.670 +06:00  INF]  Application started. Press Ctrl+C to shut down.
[2024-08-13 19:24:56.670 +06:00  INF]  Hosting environment: Development
[2024-08-13 19:24:56.670 +06:00  INF]  Content root path: D:\Project\necpaybd-core\backend\PaymentService
[2024-08-13 19:24:56.670 +06:00  DBG]  Hosting started
[2024-08-13 19:24:56.762 +06:00  DBG]  Connection id "0HN5RJD9GUVDR" received FIN.
[2024-08-13 19:24:56.762 +06:00  DBG]  Connection id "0HN5RJD9GUVDS" received FIN.
[2024-08-13 19:24:56.767 +06:00  DBG]  Connection id "0HN5RJD9GUVDR" accepted.
[2024-08-13 19:24:56.767 +06:00  DBG]  Connection id "0HN5RJD9GUVDS" accepted.
[2024-08-13 19:24:56.768 +06:00  DBG]  Connection id "0HN5RJD9GUVDR" started.
[2024-08-13 19:24:56.769 +06:00  DBG]  Connection id "0HN5RJD9GUVDS" started.
[2024-08-13 19:24:56.776 +06:00  DBG]  Connection id "0HN5RJD9GUVDR" sending FIN because: "The Socket transport's send loop completed gracefully."
[2024-08-13 19:24:56.776 +06:00  DBG]  Connection id "0HN5RJD9GUVDS" sending FIN because: "The Socket transport's send loop completed gracefully."
[2024-08-13 19:24:56.778 +06:00  DBG]  Connection id "0HN5RJD9GUVDR" disconnecting.
[2024-08-13 19:24:56.778 +06:00  DBG]  Connection id "0HN5RJD9GUVDS" disconnecting.
[2024-08-13 19:24:56.781 +06:00  DBG]  Connection id "0HN5RJD9GUVDR" stopped.
[2024-08-13 19:24:56.781 +06:00  DBG]  Connection id "0HN5RJD9GUVDS" stopped.
[2024-08-13 19:24:57.157 +06:00  DBG]  Connection id "0HN5RJD9GUVDT" accepted.
[2024-08-13 19:24:57.157 +06:00  DBG]  Connection id "0HN5RJD9GUVDT" started.
[2024-08-13 19:24:57.162 +06:00  DBG]  Connection id "0HN5RJD9GUVDU" accepted.
[2024-08-13 19:24:57.162 +06:00  DBG]  Connection id "0HN5RJD9GUVDU" started.
[2024-08-13 19:24:57.216 +06:00  INF]  Request starting HTTP/1.1 GET http://localhost:5183/swagger/index.html - null null
[2024-08-13 19:24:57.330 +06:00  DBG]  Wildcard detected, all requests with hosts will be allowed.
[2024-08-13 19:24:57.361 +06:00  DBG]  No candidates found for the request path '/swagger/index.html'
[2024-08-13 19:24:57.362 +06:00  DBG]  Request did not match any endpoints
[2024-08-13 19:24:57.423 +06:00  DBG]  Response markup is scheduled to include Browser Link script injection.
[2024-08-13 19:24:57.423 +06:00  DBG]  Response markup is scheduled to include browser refresh script injection.
[2024-08-13 19:24:57.459 +06:00  DBG]  Response markup was updated to include Browser Link script injection.
[2024-08-13 19:24:57.459 +06:00  DBG]  Response markup was updated to include browser refresh script injection.
[2024-08-13 19:24:57.459 +06:00  DBG]  Connection id "0HN5RJD9GUVDT" completed keep alive response.
[2024-08-13 19:24:57.460 +06:00  INF]  Request finished HTTP/1.1 GET http://localhost:5183/swagger/index.html - 200 null text/html;charset=utf-8 247.4541ms
[2024-08-13 19:24:57.469 +06:00  INF]  Request starting HTTP/1.1 GET http://localhost:5183/_framework/aspnetcore-browser-refresh.js - null null
[2024-08-13 19:24:57.472 +06:00  DBG]  Connection id "0HN5RJD9GUVDT" completed keep alive response.
[2024-08-13 19:24:57.472 +06:00  INF]  Request finished HTTP/1.1 GET http://localhost:5183/_framework/aspnetcore-browser-refresh.js - 200 13768 application/javascript; charset=utf-8 2.3618ms
[2024-08-13 19:24:57.475 +06:00  INF]  Request starting HTTP/1.1 GET http://localhost:5183/_vs/browserLink - null null
[2024-08-13 19:24:57.494 +06:00  DBG]  Connection id "0HN5RJD9GUVDT" completed keep alive response.
[2024-08-13 19:24:57.495 +06:00  INF]  Request finished HTTP/1.1 GET http://localhost:5183/_vs/browserLink - 200 null text/javascript; charset=UTF-8 19.6327ms
[2024-08-13 19:24:57.596 +06:00  INF]  Request starting HTTP/1.1 GET http://localhost:5183/swagger/v1/swagger.json - null null
[2024-08-13 19:24:57.597 +06:00  DBG]  No candidates found for the request path '/swagger/v1/swagger.json'
[2024-08-13 19:24:57.597 +06:00  DBG]  Request did not match any endpoints
[2024-08-13 19:24:57.668 +06:00  DBG]  Connection id "0HN5RJD9GUVDT" completed keep alive response.
[2024-08-13 19:24:57.669 +06:00  INF]  Request finished HTTP/1.1 GET http://localhost:5183/swagger/v1/swagger.json - 200 null application/json;charset=utf-8 72.6731ms
[2024-08-13 19:25:10.881 +06:00  DBG]  Connection id "0HN5RJD9GUVDV" accepted.
[2024-08-13 19:25:10.882 +06:00  DBG]  Connection id "0HN5RJD9GUVDV" received FIN.
[2024-08-13 19:25:10.882 +06:00  DBG]  Connection id "0HN5RJD9GUVDV" started.
[2024-08-13 19:25:10.882 +06:00  DBG]  Connection id "0HN5RJD9GUVE0" accepted.
[2024-08-13 19:25:10.882 +06:00  DBG]  Connection id "0HN5RJD9GUVE0" started.
[2024-08-13 19:25:10.882 +06:00  DBG]  Connection id "0HN5RJD9GUVDV" sending FIN because: "The Socket transport's send loop completed gracefully."
[2024-08-13 19:25:10.883 +06:00  DBG]  Connection id "0HN5RJD9GUVDV" disconnecting.
[2024-08-13 19:25:10.883 +06:00  DBG]  Connection id "0HN5RJD9GUVDV" stopped.
[2024-08-13 19:25:10.883 +06:00  INF]  Request starting HTTP/1.1 POST http://localhost:5183/api/SendMoney/Send - application/json 202
[2024-08-13 19:25:10.887 +06:00  DBG]  1 candidate(s) found for the request path '/api/SendMoney/Send'
[2024-08-13 19:25:10.888 +06:00  DBG]  Endpoint 'PaymentService.Controllers.SendMoneyController.Send (PaymentService)' with route pattern 'api/SendMoney/Send' is valid for the request path '/api/SendMoney/Send'
[2024-08-13 19:25:10.889 +06:00  DBG]  Request matched endpoint 'PaymentService.Controllers.SendMoneyController.Send (PaymentService)'
[2024-08-13 19:25:10.891 +06:00  DBG]  Static files was skipped as the request already matched an endpoint.
[2024-08-13 19:25:10.893 +06:00  INF]  Executing endpoint 'PaymentService.Controllers.SendMoneyController.Send (PaymentService)'
[2024-08-13 19:25:10.906 +06:00  INF]  Route matched with {action = "Send", controller = "SendMoney"}. Executing controller action with signature System.Threading.Tasks.Task`1[Microsoft.AspNetCore.Mvc.IActionResult] Send(PaymentService.Application.Request.Send.Command.AddOrEditTransaction) on controller PaymentService.Controllers.SendMoneyController (PaymentService).
[2024-08-13 19:25:10.906 +06:00  DBG]  Execution plan of authorization filters (in the following order): ["None"]
[2024-08-13 19:25:10.907 +06:00  DBG]  Execution plan of resource filters (in the following order): ["None"]
[2024-08-13 19:25:10.907 +06:00  DBG]  Execution plan of action filters (in the following order): ["Microsoft.AspNetCore.Mvc.ModelBinding.UnsupportedContentTypeFilter (Order: -3000)","Microsoft.AspNetCore.Mvc.Infrastructure.ModelStateInvalidFilter (Order: -2000)"]
[2024-08-13 19:25:10.907 +06:00  DBG]  Execution plan of exception filters (in the following order): ["None"]
[2024-08-13 19:25:10.907 +06:00  DBG]  Execution plan of result filters (in the following order): ["Microsoft.AspNetCore.Mvc.Infrastructure.ClientErrorResultFilter (Order: -2000)"]
[2024-08-13 19:25:10.908 +06:00  DBG]  Executing controller factory for controller PaymentService.Controllers.SendMoneyController (PaymentService)
[2024-08-13 19:25:10.908 +06:00  DBG]  Executed controller factory for controller PaymentService.Controllers.SendMoneyController (PaymentService)
[2024-08-13 19:25:10.910 +06:00  DBG]  Attempting to bind parameter 'command' of type 'PaymentService.Application.Request.Send.Command.AddOrEditTransaction' ...
[2024-08-13 19:25:10.911 +06:00  DBG]  Attempting to bind parameter 'command' of type 'PaymentService.Application.Request.Send.Command.AddOrEditTransaction' using the name '' in request data ...
[2024-08-13 19:25:10.911 +06:00  DBG]  Selected input formatter 'Microsoft.AspNetCore.Mvc.Formatters.SystemTextJsonInputFormatter' for content type 'application/json'.
[2024-08-13 19:25:10.915 +06:00  DBG]  Connection id "0HN5RJD9GUVE0", Request id "0HN5RJD9GUVE0:00000001": started reading request body.
[2024-08-13 19:25:10.915 +06:00  DBG]  Connection id "0HN5RJD9GUVE0", Request id "0HN5RJD9GUVE0:00000001": done reading request body.
[2024-08-13 19:25:10.918 +06:00  DBG]  JSON input formatter succeeded, deserializing to type 'PaymentService.Application.Request.Send.Command.AddOrEditTransaction'
[2024-08-13 19:25:10.918 +06:00  DBG]  Done attempting to bind parameter 'command' of type 'PaymentService.Application.Request.Send.Command.AddOrEditTransaction'.
[2024-08-13 19:25:10.918 +06:00  DBG]  Done attempting to bind parameter 'command' of type 'PaymentService.Application.Request.Send.Command.AddOrEditTransaction'.
[2024-08-13 19:25:10.918 +06:00  DBG]  Attempting to validate the bound parameter 'command' of type 'PaymentService.Application.Request.Send.Command.AddOrEditTransaction' ...
[2024-08-13 19:25:10.922 +06:00  DBG]  Done attempting to validate the bound parameter 'command' of type 'PaymentService.Application.Request.Send.Command.AddOrEditTransaction'.
[2024-08-13 19:25:10.923 +06:00  INF]  requst received from this contact no: 113150 amount :1000
[2024-08-13 19:25:10.954 +06:00  INF]  request receive from handler
[2024-08-13 19:25:11.035 +06:00  INF]  Request receive from service
[2024-08-13 19:25:11.189 +06:00  INF]  Request receive from dapper context connection
[2024-08-13 19:25:11.350 +06:00  INF]  connection open
[2024-08-13 19:25:11.353 +06:00  INF]  transaction open
[2024-08-13 19:25:11.484 +06:00  INF]  insufficient Balance
[2024-08-13 19:25:11.487 +06:00  INF]  request result from handler
[2024-08-13 19:25:11.487 +06:00  INF]  send money request successfully processed
[2024-08-13 19:25:11.489 +06:00  DBG]  List of registered output formatters, in the following order: ["Microsoft.AspNetCore.Mvc.Formatters.HttpNoContentOutputFormatter","Microsoft.AspNetCore.Mvc.Formatters.StringOutputFormatter","Microsoft.AspNetCore.Mvc.Formatters.StreamOutputFormatter","Microsoft.AspNetCore.Mvc.Formatters.SystemTextJsonOutputFormatter"]
[2024-08-13 19:25:11.489 +06:00  DBG]  No information found on request to perform content negotiation.
[2024-08-13 19:25:11.489 +06:00  DBG]  Attempting to select an output formatter without using a content type as no explicit content types were specified for the response.
[2024-08-13 19:25:11.489 +06:00  DBG]  Attempting to select the first formatter in the output formatters list which can write the result.
[2024-08-13 19:25:11.490 +06:00  DBG]  Selected output formatter 'Microsoft.AspNetCore.Mvc.Formatters.SystemTextJsonOutputFormatter' and content type 'application/json' to write the response.
[2024-08-13 19:25:11.490 +06:00  INF]  Executing OkObjectResult, writing value of type 'Common.Result'.
[2024-08-13 19:25:11.493 +06:00  INF]  Executed action PaymentService.Controllers.SendMoneyController.Send (PaymentService) in 584.6136ms
[2024-08-13 19:25:11.493 +06:00  INF]  Executed endpoint 'PaymentService.Controllers.SendMoneyController.Send (PaymentService)'
[2024-08-13 19:25:11.493 +06:00  DBG]  Connection id "0HN5RJD9GUVE0" completed keep alive response.
[2024-08-13 19:25:11.493 +06:00  INF]  Request finished HTTP/1.1 POST http://localhost:5183/api/SendMoney/Send - 200 null application/json; charset=utf-8 609.9361ms
[2024-08-13 19:25:17.572 +06:00  INF]  Request starting HTTP/1.1 POST http://localhost:5183/api/SendMoney/Send - application/json 203
[2024-08-13 19:25:17.572 +06:00  DBG]  1 candidate(s) found for the request path '/api/SendMoney/Send'
[2024-08-13 19:25:17.572 +06:00  DBG]  Endpoint 'PaymentService.Controllers.SendMoneyController.Send (PaymentService)' with route pattern 'api/SendMoney/Send' is valid for the request path '/api/SendMoney/Send'
[2024-08-13 19:25:17.573 +06:00  DBG]  Request matched endpoint 'PaymentService.Controllers.SendMoneyController.Send (PaymentService)'
[2024-08-13 19:25:17.573 +06:00  DBG]  Static files was skipped as the request already matched an endpoint.
[2024-08-13 19:25:17.573 +06:00  INF]  Executing endpoint 'PaymentService.Controllers.SendMoneyController.Send (PaymentService)'
[2024-08-13 19:25:17.573 +06:00  INF]  Route matched with {action = "Send", controller = "SendMoney"}. Executing controller action with signature System.Threading.Tasks.Task`1[Microsoft.AspNetCore.Mvc.IActionResult] Send(PaymentService.Application.Request.Send.Command.AddOrEditTransaction) on controller PaymentService.Controllers.SendMoneyController (PaymentService).
[2024-08-13 19:25:17.573 +06:00  DBG]  Execution plan of authorization filters (in the following order): ["None"]
[2024-08-13 19:25:17.573 +06:00  DBG]  Execution plan of resource filters (in the following order): ["None"]
[2024-08-13 19:25:17.573 +06:00  DBG]  Execution plan of action filters (in the following order): ["Microsoft.AspNetCore.Mvc.ModelBinding.UnsupportedContentTypeFilter (Order: -3000)","Microsoft.AspNetCore.Mvc.Infrastructure.ModelStateInvalidFilter (Order: -2000)"]
[2024-08-13 19:25:17.573 +06:00  DBG]  Execution plan of exception filters (in the following order): ["None"]
[2024-08-13 19:25:17.573 +06:00  DBG]  Execution plan of result filters (in the following order): ["Microsoft.AspNetCore.Mvc.Infrastructure.ClientErrorResultFilter (Order: -2000)"]
[2024-08-13 19:25:17.573 +06:00  DBG]  Executing controller factory for controller PaymentService.Controllers.SendMoneyController (PaymentService)
[2024-08-13 19:25:17.574 +06:00  DBG]  Executed controller factory for controller PaymentService.Controllers.SendMoneyController (PaymentService)
[2024-08-13 19:25:17.574 +06:00  DBG]  Attempting to bind parameter 'command' of type 'PaymentService.Application.Request.Send.Command.AddOrEditTransaction' ...
[2024-08-13 19:25:17.574 +06:00  DBG]  Attempting to bind parameter 'command' of type 'PaymentService.Application.Request.Send.Command.AddOrEditTransaction' using the name '' in request data ...
[2024-08-13 19:25:17.574 +06:00  DBG]  Selected input formatter 'Microsoft.AspNetCore.Mvc.Formatters.SystemTextJsonInputFormatter' for content type 'application/json'.
[2024-08-13 19:25:17.574 +06:00  DBG]  Connection id "0HN5RJD9GUVE0", Request id "0HN5RJD9GUVE0:00000002": started reading request body.
[2024-08-13 19:25:17.574 +06:00  DBG]  Connection id "0HN5RJD9GUVE0", Request id "0HN5RJD9GUVE0:00000002": done reading request body.
[2024-08-13 19:25:17.574 +06:00  DBG]  JSON input formatter succeeded, deserializing to type 'PaymentService.Application.Request.Send.Command.AddOrEditTransaction'
[2024-08-13 19:25:17.574 +06:00  DBG]  Done attempting to bind parameter 'command' of type 'PaymentService.Application.Request.Send.Command.AddOrEditTransaction'.
[2024-08-13 19:25:17.574 +06:00  DBG]  Done attempting to bind parameter 'command' of type 'PaymentService.Application.Request.Send.Command.AddOrEditTransaction'.
[2024-08-13 19:25:17.574 +06:00  DBG]  Attempting to validate the bound parameter 'command' of type 'PaymentService.Application.Request.Send.Command.AddOrEditTransaction' ...
[2024-08-13 19:25:17.575 +06:00  DBG]  Done attempting to validate the bound parameter 'command' of type 'PaymentService.Application.Request.Send.Command.AddOrEditTransaction'.
[2024-08-13 19:25:17.575 +06:00  DBG]  List of registered output formatters, in the following order: ["Microsoft.AspNetCore.Mvc.Formatters.HttpNoContentOutputFormatter","Microsoft.AspNetCore.Mvc.Formatters.StringOutputFormatter","Microsoft.AspNetCore.Mvc.Formatters.StreamOutputFormatter","Microsoft.AspNetCore.Mvc.Formatters.SystemTextJsonOutputFormatter"]
[2024-08-13 19:25:17.575 +06:00  DBG]  No information found on request to perform content negotiation.
[2024-08-13 19:25:17.575 +06:00  DBG]  Attempting to select an output formatter without using a content type as no explicit content types were specified for the response.
[2024-08-13 19:25:17.575 +06:00  DBG]  Attempting to select the first formatter in the output formatters list which can write the result.
[2024-08-13 19:25:17.575 +06:00  DBG]  Selected output formatter 'Microsoft.AspNetCore.Mvc.Formatters.StringOutputFormatter' and content type 'text/plain' to write the response.
[2024-08-13 19:25:17.575 +06:00  INF]  Executing OkObjectResult, writing value of type 'System.String'.
[2024-08-13 19:25:17.575 +06:00  INF]  Executed action PaymentService.Controllers.SendMoneyController.Send (PaymentService) in 1.6213ms
[2024-08-13 19:25:17.575 +06:00  INF]  Executed endpoint 'PaymentService.Controllers.SendMoneyController.Send (PaymentService)'
[2024-08-13 19:25:17.575 +06:00  DBG]  Connection id "0HN5RJD9GUVE0" completed keep alive response.
[2024-08-13 19:25:17.575 +06:00  INF]  Request finished HTTP/1.1 POST http://localhost:5183/api/SendMoney/Send - 200 null text/plain; charset=utf-8 3.3969ms
[2024-08-13 19:25:23.150 +06:00  INF]  Request starting HTTP/1.1 POST http://localhost:5183/api/SendMoney/Send - application/json 202
[2024-08-13 19:25:23.150 +06:00  DBG]  1 candidate(s) found for the request path '/api/SendMoney/Send'
[2024-08-13 19:25:23.150 +06:00  DBG]  Endpoint 'PaymentService.Controllers.SendMoneyController.Send (PaymentService)' with route pattern 'api/SendMoney/Send' is valid for the request path '/api/SendMoney/Send'
[2024-08-13 19:25:23.150 +06:00  DBG]  Request matched endpoint 'PaymentService.Controllers.SendMoneyController.Send (PaymentService)'
[2024-08-13 19:25:23.150 +06:00  DBG]  Static files was skipped as the request already matched an endpoint.
[2024-08-13 19:25:23.151 +06:00  INF]  Executing endpoint 'PaymentService.Controllers.SendMoneyController.Send (PaymentService)'
[2024-08-13 19:25:23.151 +06:00  INF]  Route matched with {action = "Send", controller = "SendMoney"}. Executing controller action with signature System.Threading.Tasks.Task`1[Microsoft.AspNetCore.Mvc.IActionResult] Send(PaymentService.Application.Request.Send.Command.AddOrEditTransaction) on controller PaymentService.Controllers.SendMoneyController (PaymentService).
[2024-08-13 19:25:23.151 +06:00  DBG]  Execution plan of authorization filters (in the following order): ["None"]
[2024-08-13 19:25:23.151 +06:00  DBG]  Execution plan of resource filters (in the following order): ["None"]
[2024-08-13 19:25:23.151 +06:00  DBG]  Execution plan of action filters (in the following order): ["Microsoft.AspNetCore.Mvc.ModelBinding.UnsupportedContentTypeFilter (Order: -3000)","Microsoft.AspNetCore.Mvc.Infrastructure.ModelStateInvalidFilter (Order: -2000)"]
[2024-08-13 19:25:23.151 +06:00  DBG]  Execution plan of exception filters (in the following order): ["None"]
[2024-08-13 19:25:23.151 +06:00  DBG]  Execution plan of result filters (in the following order): ["Microsoft.AspNetCore.Mvc.Infrastructure.ClientErrorResultFilter (Order: -2000)"]
[2024-08-13 19:25:23.151 +06:00  DBG]  Executing controller factory for controller PaymentService.Controllers.SendMoneyController (PaymentService)
[2024-08-13 19:25:23.151 +06:00  DBG]  Executed controller factory for controller PaymentService.Controllers.SendMoneyController (PaymentService)
[2024-08-13 19:25:23.152 +06:00  DBG]  Attempting to bind parameter 'command' of type 'PaymentService.Application.Request.Send.Command.AddOrEditTransaction' ...
[2024-08-13 19:25:23.152 +06:00  DBG]  Attempting to bind parameter 'command' of type 'PaymentService.Application.Request.Send.Command.AddOrEditTransaction' using the name '' in request data ...
[2024-08-13 19:25:23.152 +06:00  DBG]  Selected input formatter 'Microsoft.AspNetCore.Mvc.Formatters.SystemTextJsonInputFormatter' for content type 'application/json'.
[2024-08-13 19:25:23.152 +06:00  DBG]  Connection id "0HN5RJD9GUVE0", Request id "0HN5RJD9GUVE0:00000003": started reading request body.
[2024-08-13 19:25:23.152 +06:00  DBG]  Connection id "0HN5RJD9GUVE0", Request id "0HN5RJD9GUVE0:00000003": done reading request body.
[2024-08-13 19:25:23.152 +06:00  DBG]  JSON input formatter succeeded, deserializing to type 'PaymentService.Application.Request.Send.Command.AddOrEditTransaction'
[2024-08-13 19:25:23.152 +06:00  DBG]  Done attempting to bind parameter 'command' of type 'PaymentService.Application.Request.Send.Command.AddOrEditTransaction'.
[2024-08-13 19:25:23.152 +06:00  DBG]  Done attempting to bind parameter 'command' of type 'PaymentService.Application.Request.Send.Command.AddOrEditTransaction'.
[2024-08-13 19:25:23.152 +06:00  DBG]  Attempting to validate the bound parameter 'command' of type 'PaymentService.Application.Request.Send.Command.AddOrEditTransaction' ...
[2024-08-13 19:25:23.152 +06:00  DBG]  Done attempting to validate the bound parameter 'command' of type 'PaymentService.Application.Request.Send.Command.AddOrEditTransaction'.
[2024-08-13 19:25:23.152 +06:00  INF]  requst received from this contact no: 113150 amount :1000
[2024-08-13 19:25:23.152 +06:00  INF]  request receive from handler
[2024-08-13 19:25:23.152 +06:00  INF]  Request receive from service
[2024-08-13 19:25:23.152 +06:00  INF]  Request receive from dapper context connection
[2024-08-13 19:25:23.153 +06:00  INF]  connection open
[2024-08-13 19:25:23.154 +06:00  INF]  transaction open
[2024-08-13 19:25:23.156 +06:00  INF]  insufficient Balance
[2024-08-13 19:25:23.157 +06:00  INF]  request result from handler
[2024-08-13 19:25:23.157 +06:00  INF]  send money request successfully processed
[2024-08-13 19:25:23.157 +06:00  DBG]  List of registered output formatters, in the following order: ["Microsoft.AspNetCore.Mvc.Formatters.HttpNoContentOutputFormatter","Microsoft.AspNetCore.Mvc.Formatters.StringOutputFormatter","Microsoft.AspNetCore.Mvc.Formatters.StreamOutputFormatter","Microsoft.AspNetCore.Mvc.Formatters.SystemTextJsonOutputFormatter"]
[2024-08-13 19:25:23.157 +06:00  DBG]  No information found on request to perform content negotiation.
[2024-08-13 19:25:23.157 +06:00  DBG]  Attempting to select an output formatter without using a content type as no explicit content types were specified for the response.
[2024-08-13 19:25:23.157 +06:00  DBG]  Attempting to select the first formatter in the output formatters list which can write the result.
[2024-08-13 19:25:23.157 +06:00  DBG]  Selected output formatter 'Microsoft.AspNetCore.Mvc.Formatters.SystemTextJsonOutputFormatter' and content type 'application/json' to write the response.
[2024-08-13 19:25:23.157 +06:00  INF]  Executing OkObjectResult, writing value of type 'Common.Result'.
[2024-08-13 19:25:23.158 +06:00  INF]  Executed action PaymentService.Controllers.SendMoneyController.Send (PaymentService) in 6.252ms
[2024-08-13 19:25:23.158 +06:00  INF]  Executed endpoint 'PaymentService.Controllers.SendMoneyController.Send (PaymentService)'
[2024-08-13 19:25:23.158 +06:00  DBG]  Connection id "0HN5RJD9GUVE0" completed keep alive response.
[2024-08-13 19:25:23.158 +06:00  INF]  Request finished HTTP/1.1 POST http://localhost:5183/api/SendMoney/Send - 200 null application/json; charset=utf-8 7.653ms
