[2024-08-04 12:03:26.585 +06:00  DBG]  Registered model binder providers, in the following order: ["Microsoft.AspNetCore.Mvc.ModelBinding.Binders.BinderTypeModelBinderProvider","Microsoft.AspNetCore.Mvc.ModelBinding.Binders.ServicesModelBinderProvider","Microsoft.AspNetCore.Mvc.ModelBinding.Binders.BodyModelBinderProvider","Microsoft.AspNetCore.Mvc.ModelBinding.Binders.HeaderModelBinderProvider","Microsoft.AspNetCore.Mvc.ModelBinding.Binders.FloatingPointTypeModelBinderProvider","Microsoft.AspNetCore.Mvc.ModelBinding.Binders.EnumTypeModelBinderProvider","Microsoft.AspNetCore.Mvc.ModelBinding.Binders.DateTimeModelBinderProvider","Microsoft.AspNetCore.Mvc.ModelBinding.Binders.SimpleTypeModelBinderProvider","Microsoft.AspNetCore.Mvc.ModelBinding.Binders.TryParseModelBinderProvider","Microsoft.AspNetCore.Mvc.ModelBinding.Binders.CancellationTokenModelBinderProvider","Microsoft.AspNetCore.Mvc.ModelBinding.Binders.ByteArrayModelBinderProvider","Microsoft.AspNetCore.Mvc.ModelBinding.Binders.FormFileModelBinderProvider","Microsoft.AspNetCore.Mvc.ModelBinding.Binders.FormCollectionModelBinderProvider","Microsoft.AspNetCore.Mvc.ModelBinding.Binders.KeyValuePairModelBinderProvider","Microsoft.AspNetCore.Mvc.ModelBinding.Binders.DictionaryModelBinderProvider","Microsoft.AspNetCore.Mvc.ModelBinding.Binders.ArrayModelBinderProvider","Microsoft.AspNetCore.Mvc.ModelBinding.Binders.CollectionModelBinderProvider","Microsoft.AspNetCore.Mvc.ModelBinding.Binders.ComplexObjectModelBinderProvider"]
[2024-08-04 12:03:26.675 +06:00  DBG]  Hosting starting
[2024-08-04 12:03:26.912 +06:00  DBG]  Connection id "0HN5K9CK2ILNR" accepted.
[2024-08-04 12:03:26.912 +06:00  DBG]  Connection id "0HN5K9CK2ILNR" started.
[2024-08-04 12:03:26.913 +06:00  INF]  Now listening on: http://localhost:5183
[2024-08-04 12:03:26.913 +06:00  DBG]  Loaded hosting startup assembly PaymentService
[2024-08-04 12:03:26.913 +06:00  DBG]  Loaded hosting startup assembly Microsoft.AspNetCore.Watch.BrowserRefresh
[2024-08-04 12:03:26.913 +06:00  DBG]  Loaded hosting startup assembly Microsoft.WebTools.BrowserLink.Net
[2024-08-04 12:03:26.913 +06:00  INF]  Application started. Press Ctrl+C to shut down.
[2024-08-04 12:03:26.913 +06:00  INF]  Hosting environment: Development
[2024-08-04 12:03:26.913 +06:00  INF]  Content root path: D:\Project\necpaybd-core\backend\PaymentService
[2024-08-04 12:03:26.913 +06:00  DBG]  Hosting started
[2024-08-04 12:03:27.353 +06:00  DBG]  Connection id "0HN5K9CK2ILNS" accepted.
[2024-08-04 12:03:27.353 +06:00  DBG]  Connection id "0HN5K9CK2ILNS" started.
[2024-08-04 12:03:27.362 +06:00  DBG]  Connection id "0HN5K9CK2ILNT" accepted.
[2024-08-04 12:03:27.363 +06:00  DBG]  Connection id "0HN5K9CK2ILNU" accepted.
[2024-08-04 12:03:27.363 +06:00  DBG]  Connection id "0HN5K9CK2ILNT" started.
[2024-08-04 12:03:27.363 +06:00  DBG]  Connection id "0HN5K9CK2ILNU" started.
[2024-08-04 12:03:27.415 +06:00  INF]  Request starting HTTP/1.1 GET http://localhost:5183/swagger/index.html - null null
[2024-08-04 12:03:27.540 +06:00  DBG]  Wildcard detected, all requests with hosts will be allowed.
[2024-08-04 12:03:27.549 +06:00  DBG]  No candidates found for the request path '/swagger/index.html'
[2024-08-04 12:03:27.549 +06:00  DBG]  Request did not match any endpoints
[2024-08-04 12:03:27.592 +06:00  DBG]  Response markup is scheduled to include Browser Link script injection.
[2024-08-04 12:03:27.593 +06:00  DBG]  Response markup is scheduled to include browser refresh script injection.
[2024-08-04 12:03:27.624 +06:00  DBG]  Response markup was updated to include Browser Link script injection.
[2024-08-04 12:03:27.625 +06:00  DBG]  Response markup was updated to include browser refresh script injection.
[2024-08-04 12:03:27.625 +06:00  DBG]  Connection id "0HN5K9CK2ILNT" completed keep alive response.
[2024-08-04 12:03:27.626 +06:00  INF]  Request finished HTTP/1.1 GET http://localhost:5183/swagger/index.html - 200 null text/html;charset=utf-8 214.6517ms
[2024-08-04 12:03:27.662 +06:00  INF]  Request starting HTTP/1.1 GET http://localhost:5183/_framework/aspnetcore-browser-refresh.js - null null
[2024-08-04 12:03:27.664 +06:00  INF]  Request starting HTTP/1.1 GET http://localhost:5183/_vs/browserLink - null null
[2024-08-04 12:03:27.664 +06:00  DBG]  Connection id "0HN5K9CK2ILNT" completed keep alive response.
[2024-08-04 12:03:27.664 +06:00  INF]  Request finished HTTP/1.1 GET http://localhost:5183/_framework/aspnetcore-browser-refresh.js - 200 13768 application/javascript; charset=utf-8 2.6496ms
[2024-08-04 12:03:27.696 +06:00  DBG]  Connection id "0HN5K9CK2ILNU" completed keep alive response.
[2024-08-04 12:03:27.696 +06:00  INF]  Request finished HTTP/1.1 GET http://localhost:5183/_vs/browserLink - 200 null text/javascript; charset=UTF-8 31.9457ms
[2024-08-04 12:03:27.797 +06:00  INF]  Request starting HTTP/1.1 GET http://localhost:5183/swagger/v1/swagger.json - null null
[2024-08-04 12:03:27.799 +06:00  DBG]  No candidates found for the request path '/swagger/v1/swagger.json'
[2024-08-04 12:03:27.799 +06:00  DBG]  Request did not match any endpoints
[2024-08-04 12:03:27.814 +06:00  INF]  Request starting HTTP/1.1 GET http://localhost:5183/swagger/favicon-32x32.png - null null
[2024-08-04 12:03:27.814 +06:00  DBG]  No candidates found for the request path '/swagger/favicon-32x32.png'
[2024-08-04 12:03:27.814 +06:00  DBG]  Request did not match any endpoints
[2024-08-04 12:03:27.822 +06:00  INF]  Sending file. Request path: '/favicon-32x32.png'. Physical path: 'N/A'
[2024-08-04 12:03:27.822 +06:00  DBG]  Connection id "0HN5K9CK2ILNT" completed keep alive response.
[2024-08-04 12:03:27.822 +06:00  INF]  Request finished HTTP/1.1 GET http://localhost:5183/swagger/favicon-32x32.png - 200 628 image/png 8.5817ms
[2024-08-04 12:03:27.864 +06:00  DBG]  Connection id "0HN5K9CK2ILNU" completed keep alive response.
[2024-08-04 12:03:27.865 +06:00  INF]  Request finished HTTP/1.1 GET http://localhost:5183/swagger/v1/swagger.json - 200 null application/json;charset=utf-8 67.5075ms
[2024-08-04 12:08:28.459 +06:00  DBG]  Connection id "0HN5K9CK2ILNT" received FIN.
[2024-08-04 12:08:28.460 +06:00  DBG]  Connection id "0HN5K9CK2ILNU" received FIN.
[2024-08-04 12:08:28.467 +06:00  DBG]  Connection id "0HN5K9CK2ILNT" sending FIN because: "The Socket transport's send loop completed gracefully."
[2024-08-04 12:08:28.467 +06:00  DBG]  Connection id "0HN5K9CK2ILNU" disconnecting.
[2024-08-04 12:08:28.470 +06:00  DBG]  Connection id "0HN5K9CK2ILNU" sending FIN because: "The Socket transport's send loop completed gracefully."
[2024-08-04 12:08:28.470 +06:00  DBG]  Connection id "0HN5K9CK2ILNT" disconnecting.
[2024-08-04 12:08:28.474 +06:00  DBG]  Connection id "0HN5K9CK2ILNT" stopped.
[2024-08-04 12:08:28.474 +06:00  DBG]  Connection id "0HN5K9CK2ILNU" stopped.
[2024-08-04 12:08:28.923 +06:00  DBG]  Connection id "0HN5K9CK2ILNV" accepted.
[2024-08-04 12:08:28.923 +06:00  DBG]  Connection id "0HN5K9CK2ILNV" started.
[2024-08-04 12:08:28.923 +06:00  DBG]  Connection id "0HN5K9CK2ILNV" received FIN.
[2024-08-04 12:08:28.924 +06:00  DBG]  Connection id "0HN5K9CK2ILNV" sending FIN because: "The Socket transport's send loop completed gracefully."
[2024-08-04 12:08:28.924 +06:00  DBG]  Connection id "0HN5K9CK2ILO0" accepted.
[2024-08-04 12:08:28.924 +06:00  DBG]  Connection id "0HN5K9CK2ILNV" disconnecting.
[2024-08-04 12:08:28.924 +06:00  DBG]  Connection id "0HN5K9CK2ILO0" started.
[2024-08-04 12:08:28.924 +06:00  DBG]  Connection id "0HN5K9CK2ILNV" stopped.
[2024-08-04 12:08:28.927 +06:00  INF]  Request starting HTTP/1.1 POST http://localhost:5183/api/SendMoney/Send - application/json 200
[2024-08-04 12:08:28.929 +06:00  DBG]  1 candidate(s) found for the request path '/api/SendMoney/Send'
[2024-08-04 12:08:28.931 +06:00  DBG]  Endpoint 'PaymentService.Controllers.SendMoneyController.Send (PaymentService)' with route pattern 'api/SendMoney/Send' is valid for the request path '/api/SendMoney/Send'
[2024-08-04 12:08:28.931 +06:00  DBG]  Request matched endpoint 'PaymentService.Controllers.SendMoneyController.Send (PaymentService)'
[2024-08-04 12:08:28.932 +06:00  DBG]  Static files was skipped as the request already matched an endpoint.
[2024-08-04 12:08:28.933 +06:00  INF]  Executing endpoint 'PaymentService.Controllers.SendMoneyController.Send (PaymentService)'
[2024-08-04 12:08:28.946 +06:00  INF]  Route matched with {action = "Send", controller = "SendMoney"}. Executing controller action with signature System.Threading.Tasks.Task`1[Microsoft.AspNetCore.Mvc.IActionResult] Send(PaymentService.Application.Request.Send.Command.AddOrEditTransaction) on controller PaymentService.Controllers.SendMoneyController (PaymentService).
[2024-08-04 12:08:28.947 +06:00  DBG]  Execution plan of authorization filters (in the following order): ["None"]
[2024-08-04 12:08:28.947 +06:00  DBG]  Execution plan of resource filters (in the following order): ["None"]
[2024-08-04 12:08:28.947 +06:00  DBG]  Execution plan of action filters (in the following order): ["Microsoft.AspNetCore.Mvc.ModelBinding.UnsupportedContentTypeFilter (Order: -3000)","Microsoft.AspNetCore.Mvc.Infrastructure.ModelStateInvalidFilter (Order: -2000)"]
[2024-08-04 12:08:28.947 +06:00  DBG]  Execution plan of exception filters (in the following order): ["None"]
[2024-08-04 12:08:28.947 +06:00  DBG]  Execution plan of result filters (in the following order): ["Microsoft.AspNetCore.Mvc.Infrastructure.ClientErrorResultFilter (Order: -2000)"]
[2024-08-04 12:08:28.948 +06:00  DBG]  Executing controller factory for controller PaymentService.Controllers.SendMoneyController (PaymentService)
[2024-08-04 12:08:28.948 +06:00  DBG]  Executed controller factory for controller PaymentService.Controllers.SendMoneyController (PaymentService)
[2024-08-04 12:08:28.950 +06:00  DBG]  Attempting to bind parameter 'command' of type 'PaymentService.Application.Request.Send.Command.AddOrEditTransaction' ...
[2024-08-04 12:08:28.951 +06:00  DBG]  Attempting to bind parameter 'command' of type 'PaymentService.Application.Request.Send.Command.AddOrEditTransaction' using the name '' in request data ...
[2024-08-04 12:08:28.951 +06:00  DBG]  Selected input formatter 'Microsoft.AspNetCore.Mvc.Formatters.SystemTextJsonInputFormatter' for content type 'application/json'.
[2024-08-04 12:08:28.956 +06:00  DBG]  Connection id "0HN5K9CK2ILO0", Request id "0HN5K9CK2ILO0:00000001": started reading request body.
[2024-08-04 12:08:28.956 +06:00  DBG]  Connection id "0HN5K9CK2ILO0", Request id "0HN5K9CK2ILO0:00000001": done reading request body.
[2024-08-04 12:08:28.959 +06:00  DBG]  JSON input formatter succeeded, deserializing to type 'PaymentService.Application.Request.Send.Command.AddOrEditTransaction'
[2024-08-04 12:08:28.959 +06:00  DBG]  Done attempting to bind parameter 'command' of type 'PaymentService.Application.Request.Send.Command.AddOrEditTransaction'.
[2024-08-04 12:08:28.959 +06:00  DBG]  Done attempting to bind parameter 'command' of type 'PaymentService.Application.Request.Send.Command.AddOrEditTransaction'.
[2024-08-04 12:08:28.959 +06:00  DBG]  Attempting to validate the bound parameter 'command' of type 'PaymentService.Application.Request.Send.Command.AddOrEditTransaction' ...
[2024-08-04 12:08:28.963 +06:00  DBG]  Done attempting to validate the bound parameter 'command' of type 'PaymentService.Application.Request.Send.Command.AddOrEditTransaction'.
[2024-08-04 12:08:29.529 +06:00  DBG]  List of registered output formatters, in the following order: ["Microsoft.AspNetCore.Mvc.Formatters.HttpNoContentOutputFormatter","Microsoft.AspNetCore.Mvc.Formatters.StringOutputFormatter","Microsoft.AspNetCore.Mvc.Formatters.StreamOutputFormatter","Microsoft.AspNetCore.Mvc.Formatters.SystemTextJsonOutputFormatter"]
[2024-08-04 12:08:29.530 +06:00  DBG]  No information found on request to perform content negotiation.
[2024-08-04 12:08:29.530 +06:00  DBG]  Attempting to select an output formatter without using a content type as no explicit content types were specified for the response.
[2024-08-04 12:08:29.530 +06:00  DBG]  Attempting to select the first formatter in the output formatters list which can write the result.
[2024-08-04 12:08:29.530 +06:00  DBG]  Selected output formatter 'Microsoft.AspNetCore.Mvc.Formatters.SystemTextJsonOutputFormatter' and content type 'application/json' to write the response.
[2024-08-04 12:08:29.530 +06:00  INF]  Executing OkObjectResult, writing value of type 'PaymentService.Helpers.Result'.
[2024-08-04 12:08:29.534 +06:00  INF]  Executed action PaymentService.Controllers.SendMoneyController.Send (PaymentService) in 584.9922ms
[2024-08-04 12:08:29.534 +06:00  INF]  Executed endpoint 'PaymentService.Controllers.SendMoneyController.Send (PaymentService)'
[2024-08-04 12:08:29.534 +06:00  DBG]  Connection id "0HN5K9CK2ILO0" completed keep alive response.
[2024-08-04 12:08:29.534 +06:00  INF]  Request finished HTTP/1.1 POST http://localhost:5183/api/SendMoney/Send - 200 null application/json; charset=utf-8 606.8791ms
