[2024-07-28 13:41:19.808 +06:00  DBG]  Registered model binder providers, in the following order: ["Microsoft.AspNetCore.Mvc.ModelBinding.Binders.BinderTypeModelBinderProvider","Microsoft.AspNetCore.Mvc.ModelBinding.Binders.ServicesModelBinderProvider","Microsoft.AspNetCore.Mvc.ModelBinding.Binders.BodyModelBinderProvider","Microsoft.AspNetCore.Mvc.ModelBinding.Binders.HeaderModelBinderProvider","Microsoft.AspNetCore.Mvc.ModelBinding.Binders.FloatingPointTypeModelBinderProvider","Microsoft.AspNetCore.Mvc.ModelBinding.Binders.EnumTypeModelBinderProvider","Microsoft.AspNetCore.Mvc.ModelBinding.Binders.DateTimeModelBinderProvider","Microsoft.AspNetCore.Mvc.ModelBinding.Binders.SimpleTypeModelBinderProvider","Microsoft.AspNetCore.Mvc.ModelBinding.Binders.TryParseModelBinderProvider","Microsoft.AspNetCore.Mvc.ModelBinding.Binders.CancellationTokenModelBinderProvider","Microsoft.AspNetCore.Mvc.ModelBinding.Binders.ByteArrayModelBinderProvider","Microsoft.AspNetCore.Mvc.ModelBinding.Binders.FormFileModelBinderProvider","Microsoft.AspNetCore.Mvc.ModelBinding.Binders.FormCollectionModelBinderProvider","Microsoft.AspNetCore.Mvc.ModelBinding.Binders.KeyValuePairModelBinderProvider","Microsoft.AspNetCore.Mvc.ModelBinding.Binders.DictionaryModelBinderProvider","Microsoft.AspNetCore.Mvc.ModelBinding.Binders.ArrayModelBinderProvider","Microsoft.AspNetCore.Mvc.ModelBinding.Binders.CollectionModelBinderProvider","Microsoft.AspNetCore.Mvc.ModelBinding.Binders.ComplexObjectModelBinderProvider"]
[2024-07-28 13:41:19.852 +06:00  DBG]  Hosting starting
[2024-07-28 13:41:20.061 +06:00  INF]  Now listening on: http://localhost:5183
[2024-07-28 13:41:20.061 +06:00  DBG]  Loaded hosting startup assembly PaymentService
[2024-07-28 13:41:20.061 +06:00  DBG]  Loaded hosting startup assembly Microsoft.AspNetCore.Watch.BrowserRefresh
[2024-07-28 13:41:20.061 +06:00  DBG]  Loaded hosting startup assembly Microsoft.WebTools.BrowserLink.Net
[2024-07-28 13:41:20.061 +06:00  INF]  Application started. Press Ctrl+C to shut down.
[2024-07-28 13:41:20.061 +06:00  INF]  Hosting environment: Development
[2024-07-28 13:41:20.061 +06:00  INF]  Content root path: D:\Project\necpaybd-core\backend\PaymentService
[2024-07-28 13:41:20.061 +06:00  DBG]  Hosting started
[2024-07-28 13:41:20.495 +06:00  DBG]  Connection id "0HN5ER2M35KR0" accepted.
[2024-07-28 13:41:20.495 +06:00  DBG]  Connection id "0HN5ER2M35KQV" accepted.
[2024-07-28 13:41:20.498 +06:00  DBG]  Connection id "0HN5ER2M35KQV" started.
[2024-07-28 13:41:20.498 +06:00  DBG]  Connection id "0HN5ER2M35KR0" started.
[2024-07-28 13:41:20.506 +06:00  DBG]  Connection id "0HN5ER2M35KQV" received FIN.
[2024-07-28 13:41:20.506 +06:00  DBG]  Connection id "0HN5ER2M35KR0" received FIN.
[2024-07-28 13:41:20.510 +06:00  DBG]  Connection id "0HN5ER2M35KR0" sending FIN because: "The Socket transport's send loop completed gracefully."
[2024-07-28 13:41:20.510 +06:00  DBG]  Connection id "0HN5ER2M35KQV" sending FIN because: "The Socket transport's send loop completed gracefully."
[2024-07-28 13:41:20.511 +06:00  DBG]  Connection id "0HN5ER2M35KR0" disconnecting.
[2024-07-28 13:41:20.511 +06:00  DBG]  Connection id "0HN5ER2M35KQV" disconnecting.
[2024-07-28 13:41:20.513 +06:00  DBG]  Connection id "0HN5ER2M35KR0" stopped.
[2024-07-28 13:41:20.513 +06:00  DBG]  Connection id "0HN5ER2M35KQV" stopped.
[2024-07-28 13:41:20.655 +06:00  DBG]  Connection id "0HN5ER2M35KR1" accepted.
[2024-07-28 13:41:20.655 +06:00  DBG]  Connection id "0HN5ER2M35KR1" started.
[2024-07-28 13:41:20.656 +06:00  DBG]  Connection id "0HN5ER2M35KR2" accepted.
[2024-07-28 13:41:20.656 +06:00  DBG]  Connection id "0HN5ER2M35KR2" started.
[2024-07-28 13:41:20.708 +06:00  INF]  Request starting HTTP/1.1 GET http://localhost:5183/swagger/index.html - null null
[2024-07-28 13:41:20.803 +06:00  DBG]  Wildcard detected, all requests with hosts will be allowed.
[2024-07-28 13:41:20.812 +06:00  DBG]  No candidates found for the request path '/swagger/index.html'
[2024-07-28 13:41:20.813 +06:00  DBG]  Request did not match any endpoints
[2024-07-28 13:41:20.854 +06:00  DBG]  Response markup is scheduled to include Browser Link script injection.
[2024-07-28 13:41:20.854 +06:00  DBG]  Response markup is scheduled to include browser refresh script injection.
[2024-07-28 13:41:20.888 +06:00  DBG]  Response markup was updated to include Browser Link script injection.
[2024-07-28 13:41:20.888 +06:00  DBG]  Response markup was updated to include browser refresh script injection.
[2024-07-28 13:41:20.888 +06:00  DBG]  Connection id "0HN5ER2M35KR1" completed keep alive response.
[2024-07-28 13:41:20.890 +06:00  INF]  Request finished HTTP/1.1 GET http://localhost:5183/swagger/index.html - 200 null text/html;charset=utf-8 185.2241ms
[2024-07-28 13:41:20.918 +06:00  INF]  Request starting HTTP/1.1 GET http://localhost:5183/_framework/aspnetcore-browser-refresh.js - null null
[2024-07-28 13:41:20.919 +06:00  DBG]  Connection id "0HN5ER2M35KR1" completed keep alive response.
[2024-07-28 13:41:20.919 +06:00  INF]  Request finished HTTP/1.1 GET http://localhost:5183/_framework/aspnetcore-browser-refresh.js - 200 13768 application/javascript; charset=utf-8 1.528ms
[2024-07-28 13:41:20.925 +06:00  INF]  Request starting HTTP/1.1 GET http://localhost:5183/_vs/browserLink - null null
[2024-07-28 13:41:20.946 +06:00  DBG]  Connection id "0HN5ER2M35KR1" completed keep alive response.
[2024-07-28 13:41:20.947 +06:00  INF]  Request finished HTTP/1.1 GET http://localhost:5183/_vs/browserLink - 200 null text/javascript; charset=UTF-8 21.523ms
[2024-07-28 13:41:21.124 +06:00  INF]  Request starting HTTP/1.1 GET http://localhost:5183/swagger/v1/swagger.json - null null
[2024-07-28 13:41:21.124 +06:00  DBG]  No candidates found for the request path '/swagger/v1/swagger.json'
[2024-07-28 13:41:21.124 +06:00  DBG]  Request did not match any endpoints
[2024-07-28 13:41:21.183 +06:00  DBG]  Connection id "0HN5ER2M35KR1" completed keep alive response.
[2024-07-28 13:41:21.184 +06:00  INF]  Request finished HTTP/1.1 GET http://localhost:5183/swagger/v1/swagger.json - 200 null application/json;charset=utf-8 60.1328ms
[2024-07-28 13:41:27.601 +06:00  DBG]  Connection id "0HN5ER2M35KR3" accepted.
[2024-07-28 13:41:27.601 +06:00  DBG]  Connection id "0HN5ER2M35KR3" received FIN.
[2024-07-28 13:41:27.601 +06:00  DBG]  Connection id "0HN5ER2M35KR3" started.
[2024-07-28 13:41:27.602 +06:00  DBG]  Connection id "0HN5ER2M35KR4" accepted.
[2024-07-28 13:41:27.602 +06:00  DBG]  Connection id "0HN5ER2M35KR3" sending FIN because: "The Socket transport's send loop completed gracefully."
[2024-07-28 13:41:27.602 +06:00  DBG]  Connection id "0HN5ER2M35KR4" started.
[2024-07-28 13:41:27.602 +06:00  DBG]  Connection id "0HN5ER2M35KR3" disconnecting.
[2024-07-28 13:41:27.602 +06:00  DBG]  Connection id "0HN5ER2M35KR3" stopped.
[2024-07-28 13:41:27.602 +06:00  INF]  Request starting HTTP/1.1 POST http://localhost:5183/api/SendMoney/Send - application/json 200
[2024-07-28 13:41:27.604 +06:00  DBG]  1 candidate(s) found for the request path '/api/SendMoney/Send'
[2024-07-28 13:41:27.606 +06:00  DBG]  Endpoint 'PaymentService.Controllers.SendMoneyController.Send (PaymentService)' with route pattern 'api/SendMoney/Send' is valid for the request path '/api/SendMoney/Send'
[2024-07-28 13:41:27.606 +06:00  DBG]  Request matched endpoint 'PaymentService.Controllers.SendMoneyController.Send (PaymentService)'
[2024-07-28 13:41:27.607 +06:00  DBG]  Static files was skipped as the request already matched an endpoint.
[2024-07-28 13:41:27.609 +06:00  INF]  Executing endpoint 'PaymentService.Controllers.SendMoneyController.Send (PaymentService)'
[2024-07-28 13:41:27.621 +06:00  INF]  Route matched with {action = "Send", controller = "SendMoney"}. Executing controller action with signature System.Threading.Tasks.Task`1[Microsoft.AspNetCore.Mvc.IActionResult] Send(PaymentService.Application.Request.Send.Command.AddOrEditTransaction) on controller PaymentService.Controllers.SendMoneyController (PaymentService).
[2024-07-28 13:41:27.622 +06:00  DBG]  Execution plan of authorization filters (in the following order): ["None"]
[2024-07-28 13:41:27.622 +06:00  DBG]  Execution plan of resource filters (in the following order): ["None"]
[2024-07-28 13:41:27.622 +06:00  DBG]  Execution plan of action filters (in the following order): ["Microsoft.AspNetCore.Mvc.ModelBinding.UnsupportedContentTypeFilter (Order: -3000)","Microsoft.AspNetCore.Mvc.Infrastructure.ModelStateInvalidFilter (Order: -2000)"]
[2024-07-28 13:41:27.622 +06:00  DBG]  Execution plan of exception filters (in the following order): ["None"]
[2024-07-28 13:41:27.622 +06:00  DBG]  Execution plan of result filters (in the following order): ["Microsoft.AspNetCore.Mvc.Infrastructure.ClientErrorResultFilter (Order: -2000)"]
[2024-07-28 13:41:27.623 +06:00  DBG]  Executing controller factory for controller PaymentService.Controllers.SendMoneyController (PaymentService)
[2024-07-28 13:41:27.623 +06:00  DBG]  Executed controller factory for controller PaymentService.Controllers.SendMoneyController (PaymentService)
[2024-07-28 13:41:27.625 +06:00  DBG]  Attempting to bind parameter 'command' of type 'PaymentService.Application.Request.Send.Command.AddOrEditTransaction' ...
[2024-07-28 13:41:27.626 +06:00  DBG]  Attempting to bind parameter 'command' of type 'PaymentService.Application.Request.Send.Command.AddOrEditTransaction' using the name '' in request data ...
[2024-07-28 13:41:27.626 +06:00  DBG]  Selected input formatter 'Microsoft.AspNetCore.Mvc.Formatters.SystemTextJsonInputFormatter' for content type 'application/json'.
[2024-07-28 13:41:27.630 +06:00  DBG]  Connection id "0HN5ER2M35KR4", Request id "0HN5ER2M35KR4:00000001": started reading request body.
[2024-07-28 13:41:27.631 +06:00  DBG]  Connection id "0HN5ER2M35KR4", Request id "0HN5ER2M35KR4:00000001": done reading request body.
[2024-07-28 13:41:27.634 +06:00  DBG]  JSON input formatter succeeded, deserializing to type 'PaymentService.Application.Request.Send.Command.AddOrEditTransaction'
[2024-07-28 13:41:27.634 +06:00  DBG]  Done attempting to bind parameter 'command' of type 'PaymentService.Application.Request.Send.Command.AddOrEditTransaction'.
[2024-07-28 13:41:27.634 +06:00  DBG]  Done attempting to bind parameter 'command' of type 'PaymentService.Application.Request.Send.Command.AddOrEditTransaction'.
[2024-07-28 13:41:27.634 +06:00  DBG]  Attempting to validate the bound parameter 'command' of type 'PaymentService.Application.Request.Send.Command.AddOrEditTransaction' ...
[2024-07-28 13:41:27.637 +06:00  DBG]  Done attempting to validate the bound parameter 'command' of type 'PaymentService.Application.Request.Send.Command.AddOrEditTransaction'.
[2024-07-28 13:41:27.679 +06:00  INF]  Executed action PaymentService.Controllers.SendMoneyController.Send (PaymentService) in 55.1599ms
[2024-07-28 13:41:27.679 +06:00  INF]  Executed endpoint 'PaymentService.Controllers.SendMoneyController.Send (PaymentService)'
[2024-07-28 13:41:27.680 +06:00  ERR]  An unhandled exception has occurred while executing the request.
System.FormatException: The input is not a valid Base-64 string as it contains a non-base 64 character, more than two padding characters, or an illegal character among the padding characters.
   at System.Convert.FromBase64CharPtr(Char* inputPtr, Int32 inputLength)
   at System.Convert.FromBase64String(String s)
   at PaymentService.Helpers.EncryptionHelper.Decrypt(String cipherText) in D:\Project\necpaybd-core\backend\PaymentService\Helpers\EncryptionHelper.cs:line 17
   at PaymentService.Helpers.DapperContext..ctor(IConfiguration configuration) in D:\Project\necpaybd-core\backend\PaymentService\Helpers\DapperContext.cs:line 18
   at System.RuntimeMethodHandle.InvokeMethod(Object target, Void** arguments, Signature sig, Boolean isConstructor)
   at System.Reflection.MethodBaseInvoker.InvokeDirectByRefWithFewArgs(Object obj, Span`1 copyOfArgs, BindingFlags invokeAttr)
   at System.Reflection.MethodBaseInvoker.InvokeWithOneArg(Object obj, BindingFlags invokeAttr, Binder binder, Object[] parameters, CultureInfo culture)
   at System.Reflection.RuntimeConstructorInfo.Invoke(BindingFlags invokeAttr, Binder binder, Object[] parameters, CultureInfo culture)
   at Microsoft.Extensions.DependencyInjection.ServiceLookup.CallSiteRuntimeResolver.VisitConstructor(ConstructorCallSite constructorCallSite, RuntimeResolverContext context)
   at Microsoft.Extensions.DependencyInjection.ServiceLookup.CallSiteRuntimeResolver.VisitCache(ServiceCallSite callSite, RuntimeResolverContext context, ServiceProviderEngineScope serviceProviderEngine, RuntimeResolverLock lockType)
   at Microsoft.Extensions.DependencyInjection.ServiceLookup.CallSiteRuntimeResolver.VisitScopeCache(ServiceCallSite callSite, RuntimeResolverContext context)
   at Microsoft.Extensions.DependencyInjection.ServiceLookup.CallSiteVisitor`2.VisitCallSite(ServiceCallSite callSite, TArgument argument)
   at Microsoft.Extensions.DependencyInjection.ServiceLookup.CallSiteRuntimeResolver.VisitConstructor(ConstructorCallSite constructorCallSite, RuntimeResolverContext context)
   at Microsoft.Extensions.DependencyInjection.ServiceLookup.CallSiteRuntimeResolver.VisitCache(ServiceCallSite callSite, RuntimeResolverContext context, ServiceProviderEngineScope serviceProviderEngine, RuntimeResolverLock lockType)
   at Microsoft.Extensions.DependencyInjection.ServiceLookup.CallSiteRuntimeResolver.VisitScopeCache(ServiceCallSite callSite, RuntimeResolverContext context)
   at Microsoft.Extensions.DependencyInjection.ServiceLookup.CallSiteVisitor`2.VisitCallSite(ServiceCallSite callSite, TArgument argument)
   at Microsoft.Extensions.DependencyInjection.ServiceLookup.CallSiteRuntimeResolver.VisitConstructor(ConstructorCallSite constructorCallSite, RuntimeResolverContext context)
   at Microsoft.Extensions.DependencyInjection.ServiceLookup.CallSiteRuntimeResolver.VisitDisposeCache(ServiceCallSite transientCallSite, RuntimeResolverContext context)
   at Microsoft.Extensions.DependencyInjection.ServiceLookup.CallSiteVisitor`2.VisitCallSite(ServiceCallSite callSite, TArgument argument)
   at Microsoft.Extensions.DependencyInjection.ServiceLookup.CallSiteRuntimeResolver.Resolve(ServiceCallSite callSite, ServiceProviderEngineScope scope)
   at Microsoft.Extensions.DependencyInjection.ServiceLookup.DynamicServiceProviderEngine.<>c__DisplayClass2_0.<RealizeService>b__0(ServiceProviderEngineScope scope)
   at Microsoft.Extensions.DependencyInjection.ServiceProvider.GetService(ServiceIdentifier serviceIdentifier, ServiceProviderEngineScope serviceProviderEngineScope)
   at Microsoft.Extensions.DependencyInjection.ServiceLookup.ServiceProviderEngineScope.GetService(Type serviceType)
   at Microsoft.Extensions.DependencyInjection.ServiceProviderServiceExtensions.GetRequiredService(IServiceProvider provider, Type serviceType)
   at Microsoft.Extensions.DependencyInjection.ServiceProviderServiceExtensions.GetRequiredService[T](IServiceProvider provider)
   at MediatR.Wrappers.RequestHandlerWrapperImpl`2.<>c__DisplayClass1_0.<Handle>g__Handler|0()
   at MediatR.Wrappers.RequestHandlerWrapperImpl`2.Handle(IRequest`1 request, IServiceProvider serviceProvider, CancellationToken cancellationToken)
   at MediatR.Mediator.Send[TResponse](IRequest`1 request, CancellationToken cancellationToken)
   at PaymentService.Controllers.SendMoneyController.Send(AddOrEditTransaction command) in D:\Project\necpaybd-core\backend\PaymentService\Controllers\SendMoneyController.cs:line 28
   at Microsoft.AspNetCore.Mvc.Infrastructure.ActionMethodExecutor.TaskOfIActionResultExecutor.Execute(ActionContext actionContext, IActionResultTypeMapper mapper, ObjectMethodExecutor executor, Object controller, Object[] arguments)
   at Microsoft.AspNetCore.Mvc.Infrastructure.ControllerActionInvoker.<InvokeActionMethodAsync>g__Awaited|12_0(ControllerActionInvoker invoker, ValueTask`1 actionResultValueTask)
   at Microsoft.AspNetCore.Mvc.Infrastructure.ControllerActionInvoker.<InvokeNextActionFilterAsync>g__Awaited|10_0(ControllerActionInvoker invoker, Task lastTask, State next, Scope scope, Object state, Boolean isCompleted)
   at Microsoft.AspNetCore.Mvc.Infrastructure.ControllerActionInvoker.Rethrow(ActionExecutedContextSealed context)
   at Microsoft.AspNetCore.Mvc.Infrastructure.ControllerActionInvoker.Next(State& next, Scope& scope, Object& state, Boolean& isCompleted)
   at Microsoft.AspNetCore.Mvc.Infrastructure.ControllerActionInvoker.InvokeInnerFilterAsync()
--- End of stack trace from previous location ---
   at Microsoft.AspNetCore.Mvc.Infrastructure.ResourceInvoker.<InvokeFilterPipelineAsync>g__Awaited|20_0(ResourceInvoker invoker, Task lastTask, State next, Scope scope, Object state, Boolean isCompleted)
   at Microsoft.AspNetCore.Mvc.Infrastructure.ResourceInvoker.<InvokeAsync>g__Logged|17_1(ResourceInvoker invoker)
   at Microsoft.AspNetCore.Mvc.Infrastructure.ResourceInvoker.<InvokeAsync>g__Logged|17_1(ResourceInvoker invoker)
   at Microsoft.AspNetCore.Routing.EndpointMiddleware.<Invoke>g__AwaitRequestTask|7_0(Endpoint endpoint, Task requestTask, ILogger logger)
   at Microsoft.AspNetCore.Authorization.AuthorizationMiddleware.Invoke(HttpContext context)
   at Microsoft.AspNetCore.Authentication.AuthenticationMiddleware.Invoke(HttpContext context)
   at Swashbuckle.AspNetCore.SwaggerUI.SwaggerUIMiddleware.Invoke(HttpContext httpContext)
   at Swashbuckle.AspNetCore.Swagger.SwaggerMiddleware.Invoke(HttpContext httpContext, ISwaggerProvider swaggerProvider)
   at Microsoft.AspNetCore.Diagnostics.DeveloperExceptionPageMiddlewareImpl.Invoke(HttpContext context)
[2024-07-28 13:41:27.708 +06:00  DBG]  Connection id "0HN5ER2M35KR4" completed keep alive response.
[2024-07-28 13:41:27.708 +06:00  INF]  Request finished HTTP/1.1 POST http://localhost:5183/api/SendMoney/Send - 500 null text/plain; charset=utf-8 105.9958ms
[2024-07-28 14:10:56.938 +06:00  DBG]  Registered model binder providers, in the following order: ["Microsoft.AspNetCore.Mvc.ModelBinding.Binders.BinderTypeModelBinderProvider","Microsoft.AspNetCore.Mvc.ModelBinding.Binders.ServicesModelBinderProvider","Microsoft.AspNetCore.Mvc.ModelBinding.Binders.BodyModelBinderProvider","Microsoft.AspNetCore.Mvc.ModelBinding.Binders.HeaderModelBinderProvider","Microsoft.AspNetCore.Mvc.ModelBinding.Binders.FloatingPointTypeModelBinderProvider","Microsoft.AspNetCore.Mvc.ModelBinding.Binders.EnumTypeModelBinderProvider","Microsoft.AspNetCore.Mvc.ModelBinding.Binders.DateTimeModelBinderProvider","Microsoft.AspNetCore.Mvc.ModelBinding.Binders.SimpleTypeModelBinderProvider","Microsoft.AspNetCore.Mvc.ModelBinding.Binders.TryParseModelBinderProvider","Microsoft.AspNetCore.Mvc.ModelBinding.Binders.CancellationTokenModelBinderProvider","Microsoft.AspNetCore.Mvc.ModelBinding.Binders.ByteArrayModelBinderProvider","Microsoft.AspNetCore.Mvc.ModelBinding.Binders.FormFileModelBinderProvider","Microsoft.AspNetCore.Mvc.ModelBinding.Binders.FormCollectionModelBinderProvider","Microsoft.AspNetCore.Mvc.ModelBinding.Binders.KeyValuePairModelBinderProvider","Microsoft.AspNetCore.Mvc.ModelBinding.Binders.DictionaryModelBinderProvider","Microsoft.AspNetCore.Mvc.ModelBinding.Binders.ArrayModelBinderProvider","Microsoft.AspNetCore.Mvc.ModelBinding.Binders.CollectionModelBinderProvider","Microsoft.AspNetCore.Mvc.ModelBinding.Binders.ComplexObjectModelBinderProvider"]
[2024-07-28 14:10:56.988 +06:00  DBG]  Hosting starting
[2024-07-28 14:10:57.070 +06:00  INF]  Now listening on: http://localhost:5183
[2024-07-28 14:10:57.070 +06:00  DBG]  Loaded hosting startup assembly PaymentService
[2024-07-28 14:10:57.070 +06:00  DBG]  Loaded hosting startup assembly Microsoft.AspNetCore.Watch.BrowserRefresh
[2024-07-28 14:10:57.070 +06:00  DBG]  Loaded hosting startup assembly Microsoft.WebTools.BrowserLink.Net
[2024-07-28 14:10:57.070 +06:00  INF]  Application started. Press Ctrl+C to shut down.
[2024-07-28 14:10:57.071 +06:00  INF]  Hosting environment: Development
[2024-07-28 14:10:57.071 +06:00  INF]  Content root path: D:\Project\necpaybd-core\backend\PaymentService
[2024-07-28 14:10:57.071 +06:00  DBG]  Hosting started
[2024-07-28 14:11:52.042 +06:00  DBG]  Registered model binder providers, in the following order: ["Microsoft.AspNetCore.Mvc.ModelBinding.Binders.BinderTypeModelBinderProvider","Microsoft.AspNetCore.Mvc.ModelBinding.Binders.ServicesModelBinderProvider","Microsoft.AspNetCore.Mvc.ModelBinding.Binders.BodyModelBinderProvider","Microsoft.AspNetCore.Mvc.ModelBinding.Binders.HeaderModelBinderProvider","Microsoft.AspNetCore.Mvc.ModelBinding.Binders.FloatingPointTypeModelBinderProvider","Microsoft.AspNetCore.Mvc.ModelBinding.Binders.EnumTypeModelBinderProvider","Microsoft.AspNetCore.Mvc.ModelBinding.Binders.DateTimeModelBinderProvider","Microsoft.AspNetCore.Mvc.ModelBinding.Binders.SimpleTypeModelBinderProvider","Microsoft.AspNetCore.Mvc.ModelBinding.Binders.TryParseModelBinderProvider","Microsoft.AspNetCore.Mvc.ModelBinding.Binders.CancellationTokenModelBinderProvider","Microsoft.AspNetCore.Mvc.ModelBinding.Binders.ByteArrayModelBinderProvider","Microsoft.AspNetCore.Mvc.ModelBinding.Binders.FormFileModelBinderProvider","Microsoft.AspNetCore.Mvc.ModelBinding.Binders.FormCollectionModelBinderProvider","Microsoft.AspNetCore.Mvc.ModelBinding.Binders.KeyValuePairModelBinderProvider","Microsoft.AspNetCore.Mvc.ModelBinding.Binders.DictionaryModelBinderProvider","Microsoft.AspNetCore.Mvc.ModelBinding.Binders.ArrayModelBinderProvider","Microsoft.AspNetCore.Mvc.ModelBinding.Binders.CollectionModelBinderProvider","Microsoft.AspNetCore.Mvc.ModelBinding.Binders.ComplexObjectModelBinderProvider"]
[2024-07-28 14:11:52.083 +06:00  DBG]  Hosting starting
[2024-07-28 14:11:52.178 +06:00  INF]  Now listening on: http://localhost:5183
[2024-07-28 14:11:52.178 +06:00  DBG]  Loaded hosting startup assembly PaymentService
[2024-07-28 14:11:52.178 +06:00  DBG]  Loaded hosting startup assembly Microsoft.AspNetCore.Watch.BrowserRefresh
[2024-07-28 14:11:52.178 +06:00  DBG]  Loaded hosting startup assembly Microsoft.WebTools.BrowserLink.Net
[2024-07-28 14:11:52.178 +06:00  INF]  Application started. Press Ctrl+C to shut down.
[2024-07-28 14:11:52.179 +06:00  INF]  Hosting environment: Development
[2024-07-28 14:11:52.179 +06:00  INF]  Content root path: D:\Project\necpaybd-core\backend\PaymentService
[2024-07-28 14:11:52.179 +06:00  DBG]  Hosting started
[2024-07-28 14:11:52.438 +06:00  DBG]  Connection id "0HN5ERJO1U92R" accepted.
[2024-07-28 14:11:52.438 +06:00  DBG]  Connection id "0HN5ERJO1U92S" accepted.
[2024-07-28 14:11:52.439 +06:00  DBG]  Connection id "0HN5ERJO1U92S" started.
[2024-07-28 14:11:52.439 +06:00  DBG]  Connection id "0HN5ERJO1U92R" started.
[2024-07-28 14:11:52.453 +06:00  DBG]  Connection id "0HN5ERJO1U92S" received FIN.
[2024-07-28 14:11:52.453 +06:00  DBG]  Connection id "0HN5ERJO1U92R" received FIN.
[2024-07-28 14:11:52.458 +06:00  DBG]  Connection id "0HN5ERJO1U92S" sending FIN because: "The Socket transport's send loop completed gracefully."
[2024-07-28 14:11:52.458 +06:00  DBG]  Connection id "0HN5ERJO1U92R" sending FIN because: "The Socket transport's send loop completed gracefully."
[2024-07-28 14:11:52.460 +06:00  DBG]  Connection id "0HN5ERJO1U92R" disconnecting.
[2024-07-28 14:11:52.460 +06:00  DBG]  Connection id "0HN5ERJO1U92S" disconnecting.
[2024-07-28 14:11:52.463 +06:00  DBG]  Connection id "0HN5ERJO1U92S" stopped.
[2024-07-28 14:11:52.463 +06:00  DBG]  Connection id "0HN5ERJO1U92R" stopped.
[2024-07-28 14:11:53.072 +06:00  DBG]  Connection id "0HN5ERJO1U92T" accepted.
[2024-07-28 14:11:53.072 +06:00  DBG]  Connection id "0HN5ERJO1U92T" started.
[2024-07-28 14:11:53.073 +06:00  DBG]  Connection id "0HN5ERJO1U92U" accepted.
[2024-07-28 14:11:53.073 +06:00  DBG]  Connection id "0HN5ERJO1U92U" started.
[2024-07-28 14:11:53.098 +06:00  INF]  Request starting HTTP/1.1 GET http://localhost:5183/swagger/index.html - null null
[2024-07-28 14:11:53.153 +06:00  DBG]  Wildcard detected, all requests with hosts will be allowed.
[2024-07-28 14:11:53.163 +06:00  DBG]  No candidates found for the request path '/swagger/index.html'
[2024-07-28 14:11:53.163 +06:00  DBG]  Request did not match any endpoints
[2024-07-28 14:11:53.204 +06:00  DBG]  Response markup is scheduled to include Browser Link script injection.
[2024-07-28 14:11:53.204 +06:00  DBG]  Response markup is scheduled to include browser refresh script injection.
[2024-07-28 14:11:53.215 +06:00  DBG]  Response markup was updated to include Browser Link script injection.
[2024-07-28 14:11:53.215 +06:00  DBG]  Response markup was updated to include browser refresh script injection.
[2024-07-28 14:11:53.215 +06:00  DBG]  Connection id "0HN5ERJO1U92T" completed keep alive response.
[2024-07-28 14:11:53.216 +06:00  INF]  Request finished HTTP/1.1 GET http://localhost:5183/swagger/index.html - 200 null text/html;charset=utf-8 121.0498ms
[2024-07-28 14:11:53.249 +06:00  INF]  Request starting HTTP/1.1 GET http://localhost:5183/_framework/aspnetcore-browser-refresh.js - null null
[2024-07-28 14:11:53.250 +06:00  DBG]  Connection id "0HN5ERJO1U92T" completed keep alive response.
[2024-07-28 14:11:53.250 +06:00  INF]  Request finished HTTP/1.1 GET http://localhost:5183/_framework/aspnetcore-browser-refresh.js - 200 13768 application/javascript; charset=utf-8 1.6156ms
[2024-07-28 14:11:53.252 +06:00  INF]  Request starting HTTP/1.1 GET http://localhost:5183/_vs/browserLink - null null
[2024-07-28 14:11:53.285 +06:00  DBG]  Connection id "0HN5ERJO1U92U" completed keep alive response.
[2024-07-28 14:11:53.285 +06:00  INF]  Request finished HTTP/1.1 GET http://localhost:5183/_vs/browserLink - 200 null text/javascript; charset=UTF-8 32.2913ms
[2024-07-28 14:11:53.312 +06:00  DBG]  Connection id "0HN5ERJO1U92V" accepted.
[2024-07-28 14:11:53.313 +06:00  DBG]  Connection id "0HN5ERJO1U92V" started.
[2024-07-28 14:11:53.313 +06:00  INF]  Request starting HTTP/1.1 GET http://localhost:5183/_framework/aspnetcore-browser-refresh.js - null null
[2024-07-28 14:11:53.313 +06:00  DBG]  Connection id "0HN5ERJO1U92V" completed keep alive response.
[2024-07-28 14:11:53.313 +06:00  INF]  Request finished HTTP/1.1 GET http://localhost:5183/_framework/aspnetcore-browser-refresh.js - 200 13768 application/javascript; charset=utf-8 0.3633ms
[2024-07-28 14:11:53.384 +06:00  INF]  Request starting HTTP/1.1 GET http://localhost:5183/swagger/v1/swagger.json - null null
[2024-07-28 14:11:53.385 +06:00  DBG]  No candidates found for the request path '/swagger/v1/swagger.json'
[2024-07-28 14:11:53.385 +06:00  DBG]  Request did not match any endpoints
[2024-07-28 14:11:53.441 +06:00  DBG]  Connection id "0HN5ERJO1U92U" completed keep alive response.
[2024-07-28 14:11:53.441 +06:00  INF]  Request finished HTTP/1.1 GET http://localhost:5183/swagger/v1/swagger.json - 200 null application/json;charset=utf-8 56.479ms
[2024-07-28 14:14:18.155 +06:00  DBG]  Registered model binder providers, in the following order: ["Microsoft.AspNetCore.Mvc.ModelBinding.Binders.BinderTypeModelBinderProvider","Microsoft.AspNetCore.Mvc.ModelBinding.Binders.ServicesModelBinderProvider","Microsoft.AspNetCore.Mvc.ModelBinding.Binders.BodyModelBinderProvider","Microsoft.AspNetCore.Mvc.ModelBinding.Binders.HeaderModelBinderProvider","Microsoft.AspNetCore.Mvc.ModelBinding.Binders.FloatingPointTypeModelBinderProvider","Microsoft.AspNetCore.Mvc.ModelBinding.Binders.EnumTypeModelBinderProvider","Microsoft.AspNetCore.Mvc.ModelBinding.Binders.DateTimeModelBinderProvider","Microsoft.AspNetCore.Mvc.ModelBinding.Binders.SimpleTypeModelBinderProvider","Microsoft.AspNetCore.Mvc.ModelBinding.Binders.TryParseModelBinderProvider","Microsoft.AspNetCore.Mvc.ModelBinding.Binders.CancellationTokenModelBinderProvider","Microsoft.AspNetCore.Mvc.ModelBinding.Binders.ByteArrayModelBinderProvider","Microsoft.AspNetCore.Mvc.ModelBinding.Binders.FormFileModelBinderProvider","Microsoft.AspNetCore.Mvc.ModelBinding.Binders.FormCollectionModelBinderProvider","Microsoft.AspNetCore.Mvc.ModelBinding.Binders.KeyValuePairModelBinderProvider","Microsoft.AspNetCore.Mvc.ModelBinding.Binders.DictionaryModelBinderProvider","Microsoft.AspNetCore.Mvc.ModelBinding.Binders.ArrayModelBinderProvider","Microsoft.AspNetCore.Mvc.ModelBinding.Binders.CollectionModelBinderProvider","Microsoft.AspNetCore.Mvc.ModelBinding.Binders.ComplexObjectModelBinderProvider"]
[2024-07-28 14:14:18.203 +06:00  DBG]  Hosting starting
[2024-07-28 14:14:18.278 +06:00  INF]  Now listening on: http://localhost:5183
[2024-07-28 14:14:18.279 +06:00  DBG]  Loaded hosting startup assembly PaymentService
[2024-07-28 14:14:18.279 +06:00  DBG]  Loaded hosting startup assembly Microsoft.AspNetCore.Watch.BrowserRefresh
[2024-07-28 14:14:18.279 +06:00  DBG]  Loaded hosting startup assembly Microsoft.WebTools.BrowserLink.Net
[2024-07-28 14:14:18.279 +06:00  INF]  Application started. Press Ctrl+C to shut down.
[2024-07-28 14:14:18.279 +06:00  INF]  Hosting environment: Development
[2024-07-28 14:14:18.279 +06:00  INF]  Content root path: D:\Project\necpaybd-core\backend\PaymentService
[2024-07-28 14:14:18.279 +06:00  DBG]  Hosting started
[2024-07-28 14:14:18.619 +06:00  DBG]  Connection id "0HN5ERL3K19TH" accepted.
[2024-07-28 14:14:18.619 +06:00  DBG]  Connection id "0HN5ERL3K19TG" accepted.
[2024-07-28 14:14:18.621 +06:00  DBG]  Connection id "0HN5ERL3K19TG" started.
[2024-07-28 14:14:18.621 +06:00  DBG]  Connection id "0HN5ERL3K19TH" started.
[2024-07-28 14:14:18.637 +06:00  DBG]  Connection id "0HN5ERL3K19TH" received FIN.
[2024-07-28 14:14:18.637 +06:00  DBG]  Connection id "0HN5ERL3K19TG" received FIN.
[2024-07-28 14:14:18.642 +06:00  DBG]  Connection id "0HN5ERL3K19TG" sending FIN because: "The Socket transport's send loop completed gracefully."
[2024-07-28 14:14:18.642 +06:00  DBG]  Connection id "0HN5ERL3K19TH" sending FIN because: "The Socket transport's send loop completed gracefully."
[2024-07-28 14:14:18.643 +06:00  DBG]  Connection id "0HN5ERL3K19TH" disconnecting.
[2024-07-28 14:14:18.643 +06:00  DBG]  Connection id "0HN5ERL3K19TG" disconnecting.
[2024-07-28 14:14:18.644 +06:00  DBG]  Connection id "0HN5ERL3K19TH" stopped.
[2024-07-28 14:14:18.644 +06:00  DBG]  Connection id "0HN5ERL3K19TG" stopped.
[2024-07-28 14:14:18.961 +06:00  DBG]  Connection id "0HN5ERL3K19TI" accepted.
[2024-07-28 14:14:18.961 +06:00  DBG]  Connection id "0HN5ERL3K19TI" started.
[2024-07-28 14:14:18.962 +06:00  DBG]  Connection id "0HN5ERL3K19TJ" accepted.
[2024-07-28 14:14:18.962 +06:00  DBG]  Connection id "0HN5ERL3K19TJ" started.
[2024-07-28 14:14:18.990 +06:00  INF]  Request starting HTTP/1.1 GET http://localhost:5183/swagger/index.html - null null
[2024-07-28 14:14:19.067 +06:00  DBG]  Wildcard detected, all requests with hosts will be allowed.
[2024-07-28 14:14:19.077 +06:00  DBG]  No candidates found for the request path '/swagger/index.html'
[2024-07-28 14:14:19.077 +06:00  DBG]  Request did not match any endpoints
[2024-07-28 14:14:19.121 +06:00  DBG]  Response markup is scheduled to include Browser Link script injection.
[2024-07-28 14:14:19.122 +06:00  DBG]  Response markup is scheduled to include browser refresh script injection.
[2024-07-28 14:14:19.133 +06:00  DBG]  Response markup was updated to include Browser Link script injection.
[2024-07-28 14:14:19.133 +06:00  DBG]  Response markup was updated to include browser refresh script injection.
[2024-07-28 14:14:19.134 +06:00  DBG]  Connection id "0HN5ERL3K19TI" completed keep alive response.
[2024-07-28 14:14:19.134 +06:00  INF]  Request finished HTTP/1.1 GET http://localhost:5183/swagger/index.html - 200 null text/html;charset=utf-8 147.7041ms
[2024-07-28 14:14:19.171 +06:00  INF]  Request starting HTTP/1.1 GET http://localhost:5183/_framework/aspnetcore-browser-refresh.js - null null
[2024-07-28 14:14:19.173 +06:00  DBG]  Connection id "0HN5ERL3K19TI" completed keep alive response.
[2024-07-28 14:14:19.173 +06:00  INF]  Request finished HTTP/1.1 GET http://localhost:5183/_framework/aspnetcore-browser-refresh.js - 200 13768 application/javascript; charset=utf-8 1.5519ms
[2024-07-28 14:14:19.177 +06:00  INF]  Request starting HTTP/1.1 GET http://localhost:5183/_vs/browserLink - null null
[2024-07-28 14:14:19.201 +06:00  DBG]  Connection id "0HN5ERL3K19TJ" completed keep alive response.
[2024-07-28 14:14:19.201 +06:00  INF]  Request finished HTTP/1.1 GET http://localhost:5183/_vs/browserLink - 200 null text/javascript; charset=UTF-8 23.7487ms
[2024-07-28 14:14:19.308 +06:00  INF]  Request starting HTTP/1.1 GET http://localhost:5183/swagger/v1/swagger.json - null null
[2024-07-28 14:14:19.309 +06:00  DBG]  No candidates found for the request path '/swagger/v1/swagger.json'
[2024-07-28 14:14:19.309 +06:00  DBG]  Request did not match any endpoints
[2024-07-28 14:14:19.369 +06:00  DBG]  Connection id "0HN5ERL3K19TJ" completed keep alive response.
[2024-07-28 14:14:19.369 +06:00  INF]  Request finished HTTP/1.1 GET http://localhost:5183/swagger/v1/swagger.json - 200 null application/json;charset=utf-8 61.5434ms
[2024-07-28 14:39:52.929 +06:00  DBG]  Registered model binder providers, in the following order: ["Microsoft.AspNetCore.Mvc.ModelBinding.Binders.BinderTypeModelBinderProvider","Microsoft.AspNetCore.Mvc.ModelBinding.Binders.ServicesModelBinderProvider","Microsoft.AspNetCore.Mvc.ModelBinding.Binders.BodyModelBinderProvider","Microsoft.AspNetCore.Mvc.ModelBinding.Binders.HeaderModelBinderProvider","Microsoft.AspNetCore.Mvc.ModelBinding.Binders.FloatingPointTypeModelBinderProvider","Microsoft.AspNetCore.Mvc.ModelBinding.Binders.EnumTypeModelBinderProvider","Microsoft.AspNetCore.Mvc.ModelBinding.Binders.DateTimeModelBinderProvider","Microsoft.AspNetCore.Mvc.ModelBinding.Binders.SimpleTypeModelBinderProvider","Microsoft.AspNetCore.Mvc.ModelBinding.Binders.TryParseModelBinderProvider","Microsoft.AspNetCore.Mvc.ModelBinding.Binders.CancellationTokenModelBinderProvider","Microsoft.AspNetCore.Mvc.ModelBinding.Binders.ByteArrayModelBinderProvider","Microsoft.AspNetCore.Mvc.ModelBinding.Binders.FormFileModelBinderProvider","Microsoft.AspNetCore.Mvc.ModelBinding.Binders.FormCollectionModelBinderProvider","Microsoft.AspNetCore.Mvc.ModelBinding.Binders.KeyValuePairModelBinderProvider","Microsoft.AspNetCore.Mvc.ModelBinding.Binders.DictionaryModelBinderProvider","Microsoft.AspNetCore.Mvc.ModelBinding.Binders.ArrayModelBinderProvider","Microsoft.AspNetCore.Mvc.ModelBinding.Binders.CollectionModelBinderProvider","Microsoft.AspNetCore.Mvc.ModelBinding.Binders.ComplexObjectModelBinderProvider"]
[2024-07-28 14:39:52.982 +06:00  DBG]  Hosting starting
[2024-07-28 14:39:53.085 +06:00  INF]  Now listening on: http://localhost:5183
[2024-07-28 14:39:53.085 +06:00  DBG]  Loaded hosting startup assembly PaymentService
[2024-07-28 14:39:53.085 +06:00  DBG]  Loaded hosting startup assembly Microsoft.AspNetCore.Watch.BrowserRefresh
[2024-07-28 14:39:53.085 +06:00  DBG]  Loaded hosting startup assembly Microsoft.WebTools.BrowserLink.Net
[2024-07-28 14:39:53.086 +06:00  INF]  Application started. Press Ctrl+C to shut down.
[2024-07-28 14:39:53.086 +06:00  INF]  Hosting environment: Development
[2024-07-28 14:39:53.086 +06:00  INF]  Content root path: D:\Project\necpaybd-core\backend\PaymentService
[2024-07-28 14:39:53.086 +06:00  DBG]  Hosting started
[2024-07-28 14:39:53.144 +06:00  DBG]  Connection id "0HN5ES3CUCGRL" received FIN.
[2024-07-28 14:39:53.144 +06:00  DBG]  Connection id "0HN5ES3CUCGRK" received FIN.
[2024-07-28 14:39:53.145 +06:00  DBG]  Connection id "0HN5ES3CUCGRL" accepted.
[2024-07-28 14:39:53.145 +06:00  DBG]  Connection id "0HN5ES3CUCGRK" accepted.
[2024-07-28 14:39:53.147 +06:00  DBG]  Connection id "0HN5ES3CUCGRK" started.
[2024-07-28 14:39:53.147 +06:00  DBG]  Connection id "0HN5ES3CUCGRL" started.
[2024-07-28 14:39:53.153 +06:00  DBG]  Connection id "0HN5ES3CUCGRK" sending FIN because: "The Socket transport's send loop completed gracefully."
[2024-07-28 14:39:53.153 +06:00  DBG]  Connection id "0HN5ES3CUCGRL" sending FIN because: "The Socket transport's send loop completed gracefully."
[2024-07-28 14:39:53.154 +06:00  DBG]  Connection id "0HN5ES3CUCGRL" disconnecting.
[2024-07-28 14:39:53.154 +06:00  DBG]  Connection id "0HN5ES3CUCGRK" disconnecting.
[2024-07-28 14:39:53.155 +06:00  DBG]  Connection id "0HN5ES3CUCGRL" stopped.
[2024-07-28 14:39:53.155 +06:00  DBG]  Connection id "0HN5ES3CUCGRK" stopped.
[2024-07-28 14:39:53.492 +06:00  DBG]  Connection id "0HN5ES3CUCGRM" accepted.
[2024-07-28 14:39:53.492 +06:00  DBG]  Connection id "0HN5ES3CUCGRM" started.
[2024-07-28 14:39:53.492 +06:00  DBG]  Connection id "0HN5ES3CUCGRN" accepted.
[2024-07-28 14:39:53.493 +06:00  DBG]  Connection id "0HN5ES3CUCGRN" started.
[2024-07-28 14:39:53.524 +06:00  INF]  Request starting HTTP/1.1 GET http://localhost:5183/swagger/index.html - null null
[2024-07-28 14:39:53.580 +06:00  DBG]  Wildcard detected, all requests with hosts will be allowed.
[2024-07-28 14:39:53.589 +06:00  DBG]  No candidates found for the request path '/swagger/index.html'
[2024-07-28 14:39:53.589 +06:00  DBG]  Request did not match any endpoints
[2024-07-28 14:39:53.631 +06:00  DBG]  Response markup is scheduled to include Browser Link script injection.
[2024-07-28 14:39:53.632 +06:00  DBG]  Response markup is scheduled to include browser refresh script injection.
[2024-07-28 14:39:53.641 +06:00  DBG]  Response markup was updated to include Browser Link script injection.
[2024-07-28 14:39:53.641 +06:00  DBG]  Response markup was updated to include browser refresh script injection.
[2024-07-28 14:39:53.642 +06:00  DBG]  Connection id "0HN5ES3CUCGRM" completed keep alive response.
[2024-07-28 14:39:53.642 +06:00  INF]  Request finished HTTP/1.1 GET http://localhost:5183/swagger/index.html - 200 null text/html;charset=utf-8 122.3041ms
[2024-07-28 14:39:53.687 +06:00  INF]  Request starting HTTP/1.1 GET http://localhost:5183/_framework/aspnetcore-browser-refresh.js - null null
[2024-07-28 14:39:53.689 +06:00  DBG]  Connection id "0HN5ES3CUCGRM" completed keep alive response.
[2024-07-28 14:39:53.690 +06:00  INF]  Request finished HTTP/1.1 GET http://localhost:5183/_framework/aspnetcore-browser-refresh.js - 200 13768 application/javascript; charset=utf-8 3.3845ms
[2024-07-28 14:39:53.699 +06:00  INF]  Request starting HTTP/1.1 GET http://localhost:5183/_vs/browserLink - null null
[2024-07-28 14:39:53.720 +06:00  DBG]  Connection id "0HN5ES3CUCGRM" completed keep alive response.
[2024-07-28 14:39:53.721 +06:00  INF]  Request finished HTTP/1.1 GET http://localhost:5183/_vs/browserLink - 200 null text/javascript; charset=UTF-8 21.648ms
[2024-07-28 14:39:53.910 +06:00  INF]  Request starting HTTP/1.1 GET http://localhost:5183/swagger/v1/swagger.json - null null
[2024-07-28 14:39:53.911 +06:00  DBG]  No candidates found for the request path '/swagger/v1/swagger.json'
[2024-07-28 14:39:53.911 +06:00  DBG]  Request did not match any endpoints
[2024-07-28 14:39:53.964 +06:00  DBG]  Connection id "0HN5ES3CUCGRM" completed keep alive response.
[2024-07-28 14:39:53.964 +06:00  INF]  Request finished HTTP/1.1 GET http://localhost:5183/swagger/v1/swagger.json - 200 null application/json;charset=utf-8 53.8012ms
[2024-07-28 14:39:59.151 +06:00  DBG]  Connection id "0HN5ES3CUCGRO" accepted.
[2024-07-28 14:39:59.151 +06:00  DBG]  Connection id "0HN5ES3CUCGRO" received FIN.
[2024-07-28 14:39:59.152 +06:00  DBG]  Connection id "0HN5ES3CUCGRO" started.
[2024-07-28 14:39:59.152 +06:00  DBG]  Connection id "0HN5ES3CUCGRO" sending FIN because: "The Socket transport's send loop completed gracefully."
[2024-07-28 14:39:59.152 +06:00  DBG]  Connection id "0HN5ES3CUCGRP" accepted.
[2024-07-28 14:39:59.152 +06:00  DBG]  Connection id "0HN5ES3CUCGRO" disconnecting.
[2024-07-28 14:39:59.152 +06:00  DBG]  Connection id "0HN5ES3CUCGRP" started.
[2024-07-28 14:39:59.152 +06:00  DBG]  Connection id "0HN5ES3CUCGRO" stopped.
[2024-07-28 14:39:59.153 +06:00  INF]  Request starting HTTP/1.1 POST http://localhost:5183/api/SendMoney/Send - application/json 200
[2024-07-28 14:39:59.155 +06:00  DBG]  1 candidate(s) found for the request path '/api/SendMoney/Send'
[2024-07-28 14:39:59.156 +06:00  DBG]  Endpoint 'PaymentService.Controllers.SendMoneyController.Send (PaymentService)' with route pattern 'api/SendMoney/Send' is valid for the request path '/api/SendMoney/Send'
[2024-07-28 14:39:59.156 +06:00  DBG]  Request matched endpoint 'PaymentService.Controllers.SendMoneyController.Send (PaymentService)'
[2024-07-28 14:39:59.157 +06:00  DBG]  Static files was skipped as the request already matched an endpoint.
[2024-07-28 14:39:59.159 +06:00  INF]  Executing endpoint 'PaymentService.Controllers.SendMoneyController.Send (PaymentService)'
[2024-07-28 14:39:59.171 +06:00  INF]  Route matched with {action = "Send", controller = "SendMoney"}. Executing controller action with signature System.Threading.Tasks.Task`1[Microsoft.AspNetCore.Mvc.IActionResult] Send(PaymentService.Application.Request.Send.Command.AddOrEditTransaction) on controller PaymentService.Controllers.SendMoneyController (PaymentService).
[2024-07-28 14:39:59.172 +06:00  DBG]  Execution plan of authorization filters (in the following order): ["None"]
[2024-07-28 14:39:59.172 +06:00  DBG]  Execution plan of resource filters (in the following order): ["None"]
[2024-07-28 14:39:59.172 +06:00  DBG]  Execution plan of action filters (in the following order): ["Microsoft.AspNetCore.Mvc.ModelBinding.UnsupportedContentTypeFilter (Order: -3000)","Microsoft.AspNetCore.Mvc.Infrastructure.ModelStateInvalidFilter (Order: -2000)"]
[2024-07-28 14:39:59.172 +06:00  DBG]  Execution plan of exception filters (in the following order): ["None"]
[2024-07-28 14:39:59.172 +06:00  DBG]  Execution plan of result filters (in the following order): ["Microsoft.AspNetCore.Mvc.Infrastructure.ClientErrorResultFilter (Order: -2000)"]
[2024-07-28 14:39:59.173 +06:00  DBG]  Executing controller factory for controller PaymentService.Controllers.SendMoneyController (PaymentService)
[2024-07-28 14:39:59.173 +06:00  DBG]  Executed controller factory for controller PaymentService.Controllers.SendMoneyController (PaymentService)
[2024-07-28 14:39:59.175 +06:00  DBG]  Attempting to bind parameter 'command' of type 'PaymentService.Application.Request.Send.Command.AddOrEditTransaction' ...
[2024-07-28 14:39:59.176 +06:00  DBG]  Attempting to bind parameter 'command' of type 'PaymentService.Application.Request.Send.Command.AddOrEditTransaction' using the name '' in request data ...
[2024-07-28 14:39:59.176 +06:00  DBG]  Selected input formatter 'Microsoft.AspNetCore.Mvc.Formatters.SystemTextJsonInputFormatter' for content type 'application/json'.
[2024-07-28 14:39:59.181 +06:00  DBG]  Connection id "0HN5ES3CUCGRP", Request id "0HN5ES3CUCGRP:00000001": started reading request body.
[2024-07-28 14:39:59.181 +06:00  DBG]  Connection id "0HN5ES3CUCGRP", Request id "0HN5ES3CUCGRP:00000001": done reading request body.
[2024-07-28 14:39:59.184 +06:00  DBG]  JSON input formatter succeeded, deserializing to type 'PaymentService.Application.Request.Send.Command.AddOrEditTransaction'
[2024-07-28 14:39:59.184 +06:00  DBG]  Done attempting to bind parameter 'command' of type 'PaymentService.Application.Request.Send.Command.AddOrEditTransaction'.
[2024-07-28 14:39:59.184 +06:00  DBG]  Done attempting to bind parameter 'command' of type 'PaymentService.Application.Request.Send.Command.AddOrEditTransaction'.
[2024-07-28 14:39:59.184 +06:00  DBG]  Attempting to validate the bound parameter 'command' of type 'PaymentService.Application.Request.Send.Command.AddOrEditTransaction' ...
[2024-07-28 14:39:59.188 +06:00  DBG]  Done attempting to validate the bound parameter 'command' of type 'PaymentService.Application.Request.Send.Command.AddOrEditTransaction'.
[2024-07-28 14:39:59.495 +06:00  DBG]  List of registered output formatters, in the following order: ["Microsoft.AspNetCore.Mvc.Formatters.HttpNoContentOutputFormatter","Microsoft.AspNetCore.Mvc.Formatters.StringOutputFormatter","Microsoft.AspNetCore.Mvc.Formatters.StreamOutputFormatter","Microsoft.AspNetCore.Mvc.Formatters.SystemTextJsonOutputFormatter"]
[2024-07-28 14:39:59.495 +06:00  DBG]  No information found on request to perform content negotiation.
[2024-07-28 14:39:59.495 +06:00  DBG]  Attempting to select an output formatter without using a content type as no explicit content types were specified for the response.
[2024-07-28 14:39:59.495 +06:00  DBG]  Attempting to select the first formatter in the output formatters list which can write the result.
[2024-07-28 14:39:59.496 +06:00  DBG]  Selected output formatter 'Microsoft.AspNetCore.Mvc.Formatters.SystemTextJsonOutputFormatter' and content type 'application/json' to write the response.
[2024-07-28 14:39:59.496 +06:00  INF]  Executing OkObjectResult, writing value of type 'PaymentService.Helpers.Result'.
[2024-07-28 14:39:59.499 +06:00  INF]  Executed action PaymentService.Controllers.SendMoneyController.Send (PaymentService) in 325.5765ms
[2024-07-28 14:39:59.500 +06:00  INF]  Executed endpoint 'PaymentService.Controllers.SendMoneyController.Send (PaymentService)'
[2024-07-28 14:39:59.500 +06:00  DBG]  Connection id "0HN5ES3CUCGRP" completed keep alive response.
[2024-07-28 14:39:59.500 +06:00  INF]  Request finished HTTP/1.1 POST http://localhost:5183/api/SendMoney/Send - 200 null application/json; charset=utf-8 347.6798ms
