[2024-08-12 12:58:46.339 +06:00  DBG]  Registered model binder providers, in the following order: ["Microsoft.AspNetCore.Mvc.ModelBinding.Binders.BinderTypeModelBinderProvider","Microsoft.AspNetCore.Mvc.ModelBinding.Binders.ServicesModelBinderProvider","Microsoft.AspNetCore.Mvc.ModelBinding.Binders.BodyModelBinderProvider","Microsoft.AspNetCore.Mvc.ModelBinding.Binders.HeaderModelBinderProvider","Microsoft.AspNetCore.Mvc.ModelBinding.Binders.FloatingPointTypeModelBinderProvider","Microsoft.AspNetCore.Mvc.ModelBinding.Binders.EnumTypeModelBinderProvider","Microsoft.AspNetCore.Mvc.ModelBinding.Binders.DateTimeModelBinderProvider","Microsoft.AspNetCore.Mvc.ModelBinding.Binders.SimpleTypeModelBinderProvider","Microsoft.AspNetCore.Mvc.ModelBinding.Binders.TryParseModelBinderProvider","Microsoft.AspNetCore.Mvc.ModelBinding.Binders.CancellationTokenModelBinderProvider","Microsoft.AspNetCore.Mvc.ModelBinding.Binders.ByteArrayModelBinderProvider","Microsoft.AspNetCore.Mvc.ModelBinding.Binders.FormFileModelBinderProvider","Microsoft.AspNetCore.Mvc.ModelBinding.Binders.FormCollectionModelBinderProvider","Microsoft.AspNetCore.Mvc.ModelBinding.Binders.KeyValuePairModelBinderProvider","Microsoft.AspNetCore.Mvc.ModelBinding.Binders.DictionaryModelBinderProvider","Microsoft.AspNetCore.Mvc.ModelBinding.Binders.ArrayModelBinderProvider","Microsoft.AspNetCore.Mvc.ModelBinding.Binders.CollectionModelBinderProvider","Microsoft.AspNetCore.Mvc.ModelBinding.Binders.ComplexObjectModelBinderProvider"]
[2024-08-12 12:58:46.419 +06:00  DBG]  Hosting starting
[2024-08-12 12:58:46.653 +06:00  INF]  Now listening on: http://localhost:5264
[2024-08-12 12:58:46.654 +06:00  DBG]  Loaded hosting startup assembly RemittanceService
[2024-08-12 12:58:46.654 +06:00  DBG]  Loaded hosting startup assembly Microsoft.AspNetCore.Watch.BrowserRefresh
[2024-08-12 12:58:46.654 +06:00  DBG]  Loaded hosting startup assembly Microsoft.WebTools.BrowserLink.Net
[2024-08-12 12:58:46.654 +06:00  INF]  Application started. Press Ctrl+C to shut down.
[2024-08-12 12:58:46.654 +06:00  INF]  Hosting environment: Development
[2024-08-12 12:58:46.654 +06:00  INF]  Content root path: D:\Project\necpaybd-core\backend\RemittanceService
[2024-08-12 12:58:46.654 +06:00  DBG]  Hosting started
[2024-08-12 12:58:47.074 +06:00  DBG]  Connection id "0HN5QJGR7007P" accepted.
[2024-08-12 12:58:47.075 +06:00  DBG]  Connection id "0HN5QJGR7007P" started.
[2024-08-12 12:58:47.084 +06:00  DBG]  Connection id "0HN5QJGR7007Q" accepted.
[2024-08-12 12:58:47.084 +06:00  DBG]  Connection id "0HN5QJGR7007Q" started.
[2024-08-12 12:58:47.287 +06:00  DBG]  Connection id "0HN5QJGR7007R" accepted.
[2024-08-12 12:58:47.287 +06:00  DBG]  Connection id "0HN5QJGR7007R" started.
[2024-08-12 12:58:47.288 +06:00  DBG]  Connection id "0HN5QJGR7007S" accepted.
[2024-08-12 12:58:47.291 +06:00  DBG]  Connection id "0HN5QJGR7007S" started.
[2024-08-12 12:58:47.340 +06:00  INF]  Request starting HTTP/1.1 GET http://localhost:5264/swagger/index.html - null null
[2024-08-12 12:58:47.453 +06:00  DBG]  Wildcard detected, all requests with hosts will be allowed.
[2024-08-12 12:58:47.463 +06:00  DBG]  No candidates found for the request path '/swagger/index.html'
[2024-08-12 12:58:47.464 +06:00  DBG]  Request did not match any endpoints
[2024-08-12 12:58:47.503 +06:00  DBG]  Response markup is scheduled to include Browser Link script injection.
[2024-08-12 12:58:47.504 +06:00  DBG]  Response markup is scheduled to include browser refresh script injection.
[2024-08-12 12:58:47.534 +06:00  DBG]  Response markup was updated to include Browser Link script injection.
[2024-08-12 12:58:47.535 +06:00  DBG]  Response markup was updated to include browser refresh script injection.
[2024-08-12 12:58:47.535 +06:00  DBG]  Connection id "0HN5QJGR7007R" completed keep alive response.
[2024-08-12 12:58:47.536 +06:00  INF]  Request finished HTTP/1.1 GET http://localhost:5264/swagger/index.html - 200 null text/html;charset=utf-8 198.7994ms
[2024-08-12 12:58:47.611 +06:00  INF]  Request starting HTTP/1.1 GET http://localhost:5264/_framework/aspnetcore-browser-refresh.js - null null
[2024-08-12 12:58:47.612 +06:00  INF]  Request starting HTTP/1.1 GET http://localhost:5264/_vs/browserLink - null null
[2024-08-12 12:58:47.613 +06:00  DBG]  Connection id "0HN5QJGR7007R" completed keep alive response.
[2024-08-12 12:58:47.613 +06:00  INF]  Request finished HTTP/1.1 GET http://localhost:5264/_framework/aspnetcore-browser-refresh.js - 200 13770 application/javascript; charset=utf-8 2.896ms
[2024-08-12 12:58:47.647 +06:00  DBG]  Connection id "0HN5QJGR7007S" completed keep alive response.
[2024-08-12 12:58:47.647 +06:00  INF]  Request finished HTTP/1.1 GET http://localhost:5264/_vs/browserLink - 200 null text/javascript; charset=UTF-8 35.3896ms
[2024-08-12 12:58:48.013 +06:00  INF]  Request starting HTTP/1.1 GET http://localhost:5264/swagger/v1/swagger.json - null null
[2024-08-12 12:58:48.014 +06:00  DBG]  No candidates found for the request path '/swagger/v1/swagger.json'
[2024-08-12 12:58:48.014 +06:00  DBG]  Request did not match any endpoints
[2024-08-12 12:58:48.030 +06:00  INF]  Request starting HTTP/1.1 GET http://localhost:5264/swagger/favicon-32x32.png - null null
[2024-08-12 12:58:48.030 +06:00  DBG]  No candidates found for the request path '/swagger/favicon-32x32.png'
[2024-08-12 12:58:48.030 +06:00  DBG]  Request did not match any endpoints
[2024-08-12 12:58:48.038 +06:00  INF]  Sending file. Request path: '/favicon-32x32.png'. Physical path: 'N/A'
[2024-08-12 12:58:48.038 +06:00  DBG]  Connection id "0HN5QJGR7007R" completed keep alive response.
[2024-08-12 12:58:48.039 +06:00  INF]  Request finished HTTP/1.1 GET http://localhost:5264/swagger/favicon-32x32.png - 200 628 image/png 8.8721ms
[2024-08-12 12:58:48.092 +06:00  DBG]  Connection id "0HN5QJGR7007S" completed keep alive response.
[2024-08-12 12:58:48.093 +06:00  INF]  Request finished HTTP/1.1 GET http://localhost:5264/swagger/v1/swagger.json - 200 null application/json;charset=utf-8 79.6035ms
[2024-08-12 13:01:24.497 +06:00  DBG]  Registered model binder providers, in the following order: ["Microsoft.AspNetCore.Mvc.ModelBinding.Binders.BinderTypeModelBinderProvider","Microsoft.AspNetCore.Mvc.ModelBinding.Binders.ServicesModelBinderProvider","Microsoft.AspNetCore.Mvc.ModelBinding.Binders.BodyModelBinderProvider","Microsoft.AspNetCore.Mvc.ModelBinding.Binders.HeaderModelBinderProvider","Microsoft.AspNetCore.Mvc.ModelBinding.Binders.FloatingPointTypeModelBinderProvider","Microsoft.AspNetCore.Mvc.ModelBinding.Binders.EnumTypeModelBinderProvider","Microsoft.AspNetCore.Mvc.ModelBinding.Binders.DateTimeModelBinderProvider","Microsoft.AspNetCore.Mvc.ModelBinding.Binders.SimpleTypeModelBinderProvider","Microsoft.AspNetCore.Mvc.ModelBinding.Binders.TryParseModelBinderProvider","Microsoft.AspNetCore.Mvc.ModelBinding.Binders.CancellationTokenModelBinderProvider","Microsoft.AspNetCore.Mvc.ModelBinding.Binders.ByteArrayModelBinderProvider","Microsoft.AspNetCore.Mvc.ModelBinding.Binders.FormFileModelBinderProvider","Microsoft.AspNetCore.Mvc.ModelBinding.Binders.FormCollectionModelBinderProvider","Microsoft.AspNetCore.Mvc.ModelBinding.Binders.KeyValuePairModelBinderProvider","Microsoft.AspNetCore.Mvc.ModelBinding.Binders.DictionaryModelBinderProvider","Microsoft.AspNetCore.Mvc.ModelBinding.Binders.ArrayModelBinderProvider","Microsoft.AspNetCore.Mvc.ModelBinding.Binders.CollectionModelBinderProvider","Microsoft.AspNetCore.Mvc.ModelBinding.Binders.ComplexObjectModelBinderProvider"]
[2024-08-12 13:01:24.547 +06:00  DBG]  Hosting starting
[2024-08-12 13:01:24.805 +06:00  INF]  Now listening on: http://localhost:5264
[2024-08-12 13:01:24.805 +06:00  DBG]  Loaded hosting startup assembly RemittanceService
[2024-08-12 13:01:24.805 +06:00  DBG]  Loaded hosting startup assembly Microsoft.AspNetCore.Watch.BrowserRefresh
[2024-08-12 13:01:24.805 +06:00  DBG]  Loaded hosting startup assembly Microsoft.WebTools.BrowserLink.Net
[2024-08-12 13:01:24.805 +06:00  INF]  Application started. Press Ctrl+C to shut down.
[2024-08-12 13:01:24.805 +06:00  INF]  Hosting environment: Development
[2024-08-12 13:01:24.805 +06:00  INF]  Content root path: D:\Project\necpaybd-core\backend\RemittanceService
[2024-08-12 13:01:24.805 +06:00  DBG]  Hosting started
[2024-08-12 13:01:24.940 +06:00  DBG]  Connection id "0HN5QJIA8H134" received FIN.
[2024-08-12 13:01:24.940 +06:00  DBG]  Connection id "0HN5QJIA8H133" received FIN.
[2024-08-12 13:01:24.949 +06:00  DBG]  Connection id "0HN5QJIA8H134" accepted.
[2024-08-12 13:01:24.949 +06:00  DBG]  Connection id "0HN5QJIA8H133" accepted.
[2024-08-12 13:01:24.950 +06:00  DBG]  Connection id "0HN5QJIA8H133" started.
[2024-08-12 13:01:24.950 +06:00  DBG]  Connection id "0HN5QJIA8H134" started.
[2024-08-12 13:01:24.954 +06:00  DBG]  Connection id "0HN5QJIA8H133" sending FIN because: "The Socket transport's send loop completed gracefully."
[2024-08-12 13:01:24.954 +06:00  DBG]  Connection id "0HN5QJIA8H134" sending FIN because: "The Socket transport's send loop completed gracefully."
[2024-08-12 13:01:24.956 +06:00  DBG]  Connection id "0HN5QJIA8H133" disconnecting.
[2024-08-12 13:01:24.956 +06:00  DBG]  Connection id "0HN5QJIA8H134" disconnecting.
[2024-08-12 13:01:24.958 +06:00  DBG]  Connection id "0HN5QJIA8H134" stopped.
[2024-08-12 13:01:24.958 +06:00  DBG]  Connection id "0HN5QJIA8H133" stopped.
[2024-08-12 13:01:25.081 +06:00  DBG]  Connection id "0HN5QJIA8H135" accepted.
[2024-08-12 13:01:25.082 +06:00  DBG]  Connection id "0HN5QJIA8H135" started.
[2024-08-12 13:01:25.082 +06:00  DBG]  Connection id "0HN5QJIA8H136" accepted.
[2024-08-12 13:01:25.082 +06:00  DBG]  Connection id "0HN5QJIA8H136" started.
[2024-08-12 13:01:25.118 +06:00  INF]  Request starting HTTP/1.1 GET http://localhost:5264/swagger/index.html - null null
[2024-08-12 13:01:25.198 +06:00  DBG]  Wildcard detected, all requests with hosts will be allowed.
[2024-08-12 13:01:25.207 +06:00  DBG]  No candidates found for the request path '/swagger/index.html'
[2024-08-12 13:01:25.208 +06:00  DBG]  Request did not match any endpoints
[2024-08-12 13:01:25.261 +06:00  DBG]  Response markup is scheduled to include Browser Link script injection.
[2024-08-12 13:01:25.262 +06:00  DBG]  Response markup is scheduled to include browser refresh script injection.
[2024-08-12 13:01:25.275 +06:00  DBG]  Response markup was updated to include Browser Link script injection.
[2024-08-12 13:01:25.275 +06:00  DBG]  Response markup was updated to include browser refresh script injection.
[2024-08-12 13:01:25.276 +06:00  DBG]  Connection id "0HN5QJIA8H135" completed keep alive response.
[2024-08-12 13:01:25.277 +06:00  INF]  Request finished HTTP/1.1 GET http://localhost:5264/swagger/index.html - 200 null text/html;charset=utf-8 163.1238ms
[2024-08-12 13:01:25.340 +06:00  INF]  Request starting HTTP/1.1 GET http://localhost:5264/_framework/aspnetcore-browser-refresh.js - null null
[2024-08-12 13:01:25.341 +06:00  DBG]  Connection id "0HN5QJIA8H135" completed keep alive response.
[2024-08-12 13:01:25.341 +06:00  INF]  Request finished HTTP/1.1 GET http://localhost:5264/_framework/aspnetcore-browser-refresh.js - 200 13770 application/javascript; charset=utf-8 1.8694ms
[2024-08-12 13:01:25.350 +06:00  INF]  Request starting HTTP/1.1 GET http://localhost:5264/_vs/browserLink - null null
[2024-08-12 13:01:25.372 +06:00  DBG]  Connection id "0HN5QJIA8H135" completed keep alive response.
[2024-08-12 13:01:25.372 +06:00  INF]  Request finished HTTP/1.1 GET http://localhost:5264/_vs/browserLink - 200 null text/javascript; charset=UTF-8 21.8695ms
[2024-08-12 13:01:25.710 +06:00  INF]  Request starting HTTP/1.1 GET http://localhost:5264/swagger/v1/swagger.json - null null
[2024-08-12 13:01:25.711 +06:00  DBG]  No candidates found for the request path '/swagger/v1/swagger.json'
[2024-08-12 13:01:25.711 +06:00  DBG]  Request did not match any endpoints
[2024-08-12 13:01:25.768 +06:00  DBG]  Connection id "0HN5QJIA8H135" completed keep alive response.
[2024-08-12 13:01:25.768 +06:00  INF]  Request finished HTTP/1.1 GET http://localhost:5264/swagger/v1/swagger.json - 200 null application/json;charset=utf-8 58.2019ms
[2024-08-12 13:03:47.615 +06:00  DBG]  Registered model binder providers, in the following order: ["Microsoft.AspNetCore.Mvc.ModelBinding.Binders.BinderTypeModelBinderProvider","Microsoft.AspNetCore.Mvc.ModelBinding.Binders.ServicesModelBinderProvider","Microsoft.AspNetCore.Mvc.ModelBinding.Binders.BodyModelBinderProvider","Microsoft.AspNetCore.Mvc.ModelBinding.Binders.HeaderModelBinderProvider","Microsoft.AspNetCore.Mvc.ModelBinding.Binders.FloatingPointTypeModelBinderProvider","Microsoft.AspNetCore.Mvc.ModelBinding.Binders.EnumTypeModelBinderProvider","Microsoft.AspNetCore.Mvc.ModelBinding.Binders.DateTimeModelBinderProvider","Microsoft.AspNetCore.Mvc.ModelBinding.Binders.SimpleTypeModelBinderProvider","Microsoft.AspNetCore.Mvc.ModelBinding.Binders.TryParseModelBinderProvider","Microsoft.AspNetCore.Mvc.ModelBinding.Binders.CancellationTokenModelBinderProvider","Microsoft.AspNetCore.Mvc.ModelBinding.Binders.ByteArrayModelBinderProvider","Microsoft.AspNetCore.Mvc.ModelBinding.Binders.FormFileModelBinderProvider","Microsoft.AspNetCore.Mvc.ModelBinding.Binders.FormCollectionModelBinderProvider","Microsoft.AspNetCore.Mvc.ModelBinding.Binders.KeyValuePairModelBinderProvider","Microsoft.AspNetCore.Mvc.ModelBinding.Binders.DictionaryModelBinderProvider","Microsoft.AspNetCore.Mvc.ModelBinding.Binders.ArrayModelBinderProvider","Microsoft.AspNetCore.Mvc.ModelBinding.Binders.CollectionModelBinderProvider","Microsoft.AspNetCore.Mvc.ModelBinding.Binders.ComplexObjectModelBinderProvider"]
[2024-08-12 13:03:47.654 +06:00  DBG]  Hosting starting
[2024-08-12 13:03:47.734 +06:00  INF]  Now listening on: http://localhost:5264
[2024-08-12 13:03:47.734 +06:00  DBG]  Loaded hosting startup assembly RemittanceService
[2024-08-12 13:03:47.734 +06:00  DBG]  Loaded hosting startup assembly Microsoft.AspNetCore.Watch.BrowserRefresh
[2024-08-12 13:03:47.734 +06:00  DBG]  Loaded hosting startup assembly Microsoft.WebTools.BrowserLink.Net
[2024-08-12 13:03:47.734 +06:00  INF]  Application started. Press Ctrl+C to shut down.
[2024-08-12 13:03:47.734 +06:00  INF]  Hosting environment: Development
[2024-08-12 13:03:47.735 +06:00  INF]  Content root path: D:\Project\necpaybd-core\backend\RemittanceService
[2024-08-12 13:03:47.735 +06:00  DBG]  Hosting started
[2024-08-12 13:03:48.128 +06:00  DBG]  Connection id "0HN5QJJKTV718" received FIN.
[2024-08-12 13:03:48.128 +06:00  DBG]  Connection id "0HN5QJJKTV716" accepted.
[2024-08-12 13:03:48.128 +06:00  DBG]  Connection id "0HN5QJJKTV718" accepted.
[2024-08-12 13:03:48.128 +06:00  DBG]  Connection id "0HN5QJJKTV719" received FIN.
[2024-08-12 13:03:48.135 +06:00  DBG]  Connection id "0HN5QJJKTV718" started.
[2024-08-12 13:03:48.135 +06:00  DBG]  Connection id "0HN5QJJKTV716" started.
[2024-08-12 13:03:48.148 +06:00  DBG]  Connection id "0HN5QJJKTV718" sending FIN because: "The Socket transport's send loop completed gracefully."
[2024-08-12 13:03:48.148 +06:00  DBG]  Connection id "0HN5QJJKTV716" sending FIN because: "The Socket transport's send loop completed gracefully."
[2024-08-12 13:03:48.150 +06:00  DBG]  Connection id "0HN5QJJKTV718" disconnecting.
[2024-08-12 13:03:48.150 +06:00  DBG]  Connection id "0HN5QJJKTV716" disconnecting.
[2024-08-12 13:03:48.153 +06:00  DBG]  Connection id "0HN5QJJKTV718" stopped.
[2024-08-12 13:03:48.153 +06:00  DBG]  Connection id "0HN5QJJKTV716" stopped.
[2024-08-12 13:03:48.337 +06:00  DBG]  Connection id "0HN5QJJKTV71A" accepted.
[2024-08-12 13:03:48.337 +06:00  DBG]  Connection id "0HN5QJJKTV71A" started.
[2024-08-12 13:03:48.337 +06:00  DBG]  Connection id "0HN5QJJKTV71B" accepted.
[2024-08-12 13:03:48.337 +06:00  DBG]  Connection id "0HN5QJJKTV71B" started.
[2024-08-12 13:03:48.364 +06:00  INF]  Request starting HTTP/1.1 GET http://localhost:5264/swagger/index.html - null null
[2024-08-12 13:03:48.429 +06:00  DBG]  Wildcard detected, all requests with hosts will be allowed.
[2024-08-12 13:03:48.443 +06:00  DBG]  No candidates found for the request path '/swagger/index.html'
[2024-08-12 13:03:48.444 +06:00  DBG]  Request did not match any endpoints
[2024-08-12 13:03:48.491 +06:00  DBG]  Response markup is scheduled to include Browser Link script injection.
[2024-08-12 13:03:48.492 +06:00  DBG]  Response markup is scheduled to include browser refresh script injection.
[2024-08-12 13:03:48.505 +06:00  DBG]  Response markup was updated to include Browser Link script injection.
[2024-08-12 13:03:48.505 +06:00  DBG]  Response markup was updated to include browser refresh script injection.
[2024-08-12 13:03:48.505 +06:00  DBG]  Connection id "0HN5QJJKTV71A" completed keep alive response.
[2024-08-12 13:03:48.507 +06:00  INF]  Request finished HTTP/1.1 GET http://localhost:5264/swagger/index.html - 200 null text/html;charset=utf-8 146.734ms
[2024-08-12 13:03:48.592 +06:00  INF]  Request starting HTTP/1.1 GET http://localhost:5264/_framework/aspnetcore-browser-refresh.js - null null
[2024-08-12 13:03:48.597 +06:00  DBG]  Connection id "0HN5QJJKTV71A" completed keep alive response.
[2024-08-12 13:03:48.597 +06:00  INF]  Request finished HTTP/1.1 GET http://localhost:5264/_framework/aspnetcore-browser-refresh.js - 200 13770 application/javascript; charset=utf-8 5.7772ms
[2024-08-12 13:03:48.598 +06:00  INF]  Request starting HTTP/1.1 GET http://localhost:5264/_vs/browserLink - null null
[2024-08-12 13:03:48.624 +06:00  DBG]  Connection id "0HN5QJJKTV71B" completed keep alive response.
[2024-08-12 13:03:48.625 +06:00  INF]  Request finished HTTP/1.1 GET http://localhost:5264/_vs/browserLink - 200 null text/javascript; charset=UTF-8 27.4862ms
[2024-08-12 13:03:48.816 +06:00  INF]  Request starting HTTP/1.1 GET http://localhost:5264/swagger/v1/swagger.json - null null
[2024-08-12 13:03:48.817 +06:00  DBG]  No candidates found for the request path '/swagger/v1/swagger.json'
[2024-08-12 13:03:48.817 +06:00  DBG]  Request did not match any endpoints
[2024-08-12 13:03:48.870 +06:00  DBG]  Connection id "0HN5QJJKTV71B" completed keep alive response.
[2024-08-12 13:03:48.870 +06:00  INF]  Request finished HTTP/1.1 GET http://localhost:5264/swagger/v1/swagger.json - 200 null application/json;charset=utf-8 54.3531ms
[2024-08-12 17:35:58.101 +06:00  DBG]  Registered model binder providers, in the following order: ["Microsoft.AspNetCore.Mvc.ModelBinding.Binders.BinderTypeModelBinderProvider","Microsoft.AspNetCore.Mvc.ModelBinding.Binders.ServicesModelBinderProvider","Microsoft.AspNetCore.Mvc.ModelBinding.Binders.BodyModelBinderProvider","Microsoft.AspNetCore.Mvc.ModelBinding.Binders.HeaderModelBinderProvider","Microsoft.AspNetCore.Mvc.ModelBinding.Binders.FloatingPointTypeModelBinderProvider","Microsoft.AspNetCore.Mvc.ModelBinding.Binders.EnumTypeModelBinderProvider","Microsoft.AspNetCore.Mvc.ModelBinding.Binders.DateTimeModelBinderProvider","Microsoft.AspNetCore.Mvc.ModelBinding.Binders.SimpleTypeModelBinderProvider","Microsoft.AspNetCore.Mvc.ModelBinding.Binders.TryParseModelBinderProvider","Microsoft.AspNetCore.Mvc.ModelBinding.Binders.CancellationTokenModelBinderProvider","Microsoft.AspNetCore.Mvc.ModelBinding.Binders.ByteArrayModelBinderProvider","Microsoft.AspNetCore.Mvc.ModelBinding.Binders.FormFileModelBinderProvider","Microsoft.AspNetCore.Mvc.ModelBinding.Binders.FormCollectionModelBinderProvider","Microsoft.AspNetCore.Mvc.ModelBinding.Binders.KeyValuePairModelBinderProvider","Microsoft.AspNetCore.Mvc.ModelBinding.Binders.DictionaryModelBinderProvider","Microsoft.AspNetCore.Mvc.ModelBinding.Binders.ArrayModelBinderProvider","Microsoft.AspNetCore.Mvc.ModelBinding.Binders.CollectionModelBinderProvider","Microsoft.AspNetCore.Mvc.ModelBinding.Binders.ComplexObjectModelBinderProvider"]
[2024-08-12 17:35:58.139 +06:00  DBG]  Hosting starting
[2024-08-12 17:35:58.211 +06:00  INF]  Now listening on: http://localhost:5264
[2024-08-12 17:35:58.211 +06:00  DBG]  Loaded hosting startup assembly RemittanceService
[2024-08-12 17:35:58.211 +06:00  DBG]  Loaded hosting startup assembly Microsoft.AspNetCore.Watch.BrowserRefresh
[2024-08-12 17:35:58.211 +06:00  DBG]  Loaded hosting startup assembly Microsoft.WebTools.BrowserLink.Net
[2024-08-12 17:35:58.211 +06:00  INF]  Application started. Press Ctrl+C to shut down.
[2024-08-12 17:35:58.211 +06:00  INF]  Hosting environment: Development
[2024-08-12 17:35:58.211 +06:00  INF]  Content root path: D:\Project\necpaybd-core\backend\RemittanceService
[2024-08-12 17:35:58.211 +06:00  DBG]  Hosting started
[2024-08-12 17:35:58.535 +06:00  DBG]  Connection id "0HN5QOBNOUUIJ" accepted.
[2024-08-12 17:35:58.535 +06:00  DBG]  Connection id "0HN5QOBNOUUIJ" started.
[2024-08-12 17:35:58.546 +06:00  DBG]  Connection id "0HN5QOBNOUUIK" accepted.
[2024-08-12 17:35:58.546 +06:00  DBG]  Connection id "0HN5QOBNOUUIK" started.
[2024-08-12 17:35:58.552 +06:00  DBG]  Connection id "0HN5QOBNOUUIK" received FIN.
[2024-08-12 17:35:58.552 +06:00  DBG]  Connection id "0HN5QOBNOUUIJ" received FIN.
[2024-08-12 17:35:58.554 +06:00  DBG]  Connection id "0HN5QOBNOUUIJ" sending FIN because: "The Socket transport's send loop completed gracefully."
[2024-08-12 17:35:58.554 +06:00  DBG]  Connection id "0HN5QOBNOUUIK" disconnecting.
[2024-08-12 17:35:58.559 +06:00  DBG]  Connection id "0HN5QOBNOUUIK" sending FIN because: "The Socket transport's send loop completed gracefully."
[2024-08-12 17:35:58.562 +06:00  DBG]  Connection id "0HN5QOBNOUUIJ" disconnecting.
[2024-08-12 17:35:58.562 +06:00  DBG]  Connection id "0HN5QOBNOUUIK" stopped.
[2024-08-12 17:35:58.562 +06:00  DBG]  Connection id "0HN5QOBNOUUIJ" stopped.
[2024-08-12 17:35:58.707 +06:00  DBG]  Connection id "0HN5QOBNOUUIL" accepted.
[2024-08-12 17:35:58.707 +06:00  DBG]  Connection id "0HN5QOBNOUUIL" started.
[2024-08-12 17:35:58.707 +06:00  DBG]  Connection id "0HN5QOBNOUUIM" accepted.
[2024-08-12 17:35:58.708 +06:00  DBG]  Connection id "0HN5QOBNOUUIM" started.
[2024-08-12 17:35:58.738 +06:00  INF]  Request starting HTTP/1.1 GET http://localhost:5264/swagger/index.html - null null
[2024-08-12 17:35:58.805 +06:00  DBG]  Wildcard detected, all requests with hosts will be allowed.
[2024-08-12 17:35:58.812 +06:00  DBG]  No candidates found for the request path '/swagger/index.html'
[2024-08-12 17:35:58.813 +06:00  DBG]  Request did not match any endpoints
[2024-08-12 17:35:58.854 +06:00  DBG]  Response markup is scheduled to include Browser Link script injection.
[2024-08-12 17:35:58.854 +06:00  DBG]  Response markup is scheduled to include browser refresh script injection.
[2024-08-12 17:35:58.865 +06:00  DBG]  Response markup was updated to include Browser Link script injection.
[2024-08-12 17:35:58.865 +06:00  DBG]  Response markup was updated to include browser refresh script injection.
[2024-08-12 17:35:58.866 +06:00  DBG]  Connection id "0HN5QOBNOUUIL" completed keep alive response.
[2024-08-12 17:35:58.868 +06:00  INF]  Request finished HTTP/1.1 GET http://localhost:5264/swagger/index.html - 200 null text/html;charset=utf-8 134.8722ms
[2024-08-12 17:35:58.962 +06:00  INF]  Request starting HTTP/1.1 GET http://localhost:5264/_framework/aspnetcore-browser-refresh.js - null null
[2024-08-12 17:35:58.964 +06:00  DBG]  Connection id "0HN5QOBNOUUIL" completed keep alive response.
[2024-08-12 17:35:58.964 +06:00  INF]  Request finished HTTP/1.1 GET http://localhost:5264/_framework/aspnetcore-browser-refresh.js - 200 13770 application/javascript; charset=utf-8 2.3392ms
[2024-08-12 17:35:58.976 +06:00  INF]  Request starting HTTP/1.1 GET http://localhost:5264/_vs/browserLink - null null
[2024-08-12 17:35:59.002 +06:00  DBG]  Connection id "0HN5QOBNOUUIM" completed keep alive response.
[2024-08-12 17:35:59.002 +06:00  INF]  Request finished HTTP/1.1 GET http://localhost:5264/_vs/browserLink - 200 null text/javascript; charset=UTF-8 26.2717ms
[2024-08-12 17:35:59.119 +06:00  INF]  Request starting HTTP/1.1 GET http://localhost:5264/swagger/v1/swagger.json - null null
[2024-08-12 17:35:59.120 +06:00  DBG]  No candidates found for the request path '/swagger/v1/swagger.json'
[2024-08-12 17:35:59.120 +06:00  DBG]  Request did not match any endpoints
[2024-08-12 17:35:59.181 +06:00  DBG]  Connection id "0HN5QOBNOUUIM" completed keep alive response.
[2024-08-12 17:35:59.182 +06:00  INF]  Request finished HTTP/1.1 GET http://localhost:5264/swagger/v1/swagger.json - 200 null application/json;charset=utf-8 62.0761ms
