[2024-08-04 12:03:26.585 +06:00  DBG]  Registered model binder providers, in the following order: ["Microsoft.AspNetCore.Mvc.ModelBinding.Binders.BinderTypeModelBinderProvider","Microsoft.AspNetCore.Mvc.ModelBinding.Binders.ServicesModelBinderProvider","Microsoft.AspNetCore.Mvc.ModelBinding.Binders.BodyModelBinderProvider","Microsoft.AspNetCore.Mvc.ModelBinding.Binders.HeaderModelBinderProvider","Microsoft.AspNetCore.Mvc.ModelBinding.Binders.FloatingPointTypeModelBinderProvider","Microsoft.AspNetCore.Mvc.ModelBinding.Binders.EnumTypeModelBinderProvider","Microsoft.AspNetCore.Mvc.ModelBinding.Binders.DateTimeModelBinderProvider","Microsoft.AspNetCore.Mvc.ModelBinding.Binders.SimpleTypeModelBinderProvider","Microsoft.AspNetCore.Mvc.ModelBinding.Binders.TryParseModelBinderProvider","Microsoft.AspNetCore.Mvc.ModelBinding.Binders.CancellationTokenModelBinderProvider","Microsoft.AspNetCore.Mvc.ModelBinding.Binders.ByteArrayModelBinderProvider","Microsoft.AspNetCore.Mvc.ModelBinding.Binders.FormFileModelBinderProvider","Microsoft.AspNetCore.Mvc.ModelBinding.Binders.FormCollectionModelBinderProvider","Microsoft.AspNetCore.Mvc.ModelBinding.Binders.KeyValuePairModelBinderProvider","Microsoft.AspNetCore.Mvc.ModelBinding.Binders.DictionaryModelBinderProvider","Microsoft.AspNetCore.Mvc.ModelBinding.Binders.ArrayModelBinderProvider","Microsoft.AspNetCore.Mvc.ModelBinding.Binders.CollectionModelBinderProvider","Microsoft.AspNetCore.Mvc.ModelBinding.Binders.ComplexObjectModelBinderProvider"]
[2024-08-04 12:03:26.674 +06:00  DBG]  Hosting starting
[2024-08-04 12:03:26.908 +06:00  INF]  Now listening on: http://localhost:5264
[2024-08-04 12:03:26.908 +06:00  DBG]  Loaded hosting startup assembly RemittanceService
[2024-08-04 12:03:26.908 +06:00  DBG]  Loaded hosting startup assembly Microsoft.AspNetCore.Watch.BrowserRefresh
[2024-08-04 12:03:26.908 +06:00  DBG]  Loaded hosting startup assembly Microsoft.WebTools.BrowserLink.Net
[2024-08-04 12:03:26.908 +06:00  INF]  Application started. Press Ctrl+C to shut down.
[2024-08-04 12:03:26.908 +06:00  INF]  Hosting environment: Development
[2024-08-04 12:03:26.908 +06:00  INF]  Content root path: D:\Project\necpaybd-core\backend\RemittanceService
[2024-08-04 12:03:26.908 +06:00  DBG]  Hosting started
[2024-08-04 12:03:27.359 +06:00  DBG]  Connection id "0HN5K9CK6R8KM" accepted.
[2024-08-04 12:03:27.360 +06:00  DBG]  Connection id "0HN5K9CK6R8KM" started.
[2024-08-04 12:03:27.368 +06:00  DBG]  Connection id "0HN5K9CK6R8KN" accepted.
[2024-08-04 12:03:27.369 +06:00  DBG]  Connection id "0HN5K9CK6R8KN" started.
[2024-08-04 12:03:27.887 +06:00  DBG]  Connection id "0HN5K9CK6R8KO" accepted.
[2024-08-04 12:03:27.888 +06:00  DBG]  Connection id "0HN5K9CK6R8KO" started.
[2024-08-04 12:03:27.888 +06:00  DBG]  Connection id "0HN5K9CK6R8KP" accepted.
[2024-08-04 12:03:27.889 +06:00  DBG]  Connection id "0HN5K9CK6R8KP" started.
[2024-08-04 12:03:27.916 +06:00  INF]  Request starting HTTP/1.1 GET http://localhost:5264/swagger/index.html - null null
[2024-08-04 12:03:27.983 +06:00  DBG]  Wildcard detected, all requests with hosts will be allowed.
[2024-08-04 12:03:27.993 +06:00  DBG]  No candidates found for the request path '/swagger/index.html'
[2024-08-04 12:03:27.994 +06:00  DBG]  Request did not match any endpoints
[2024-08-04 12:03:28.042 +06:00  DBG]  Response markup is scheduled to include Browser Link script injection.
[2024-08-04 12:03:28.042 +06:00  DBG]  Response markup is scheduled to include browser refresh script injection.
[2024-08-04 12:03:28.054 +06:00  DBG]  Response markup was updated to include Browser Link script injection.
[2024-08-04 12:03:28.054 +06:00  DBG]  Response markup was updated to include browser refresh script injection.
[2024-08-04 12:03:28.055 +06:00  DBG]  Connection id "0HN5K9CK6R8KO" completed keep alive response.
[2024-08-04 12:03:28.056 +06:00  INF]  Request finished HTTP/1.1 GET http://localhost:5264/swagger/index.html - 200 null text/html;charset=utf-8 142.893ms
[2024-08-04 12:03:28.086 +06:00  INF]  Request starting HTTP/1.1 GET http://localhost:5264/_framework/aspnetcore-browser-refresh.js - null null
[2024-08-04 12:03:28.088 +06:00  INF]  Request starting HTTP/1.1 GET http://localhost:5264/_vs/browserLink - null null
[2024-08-04 12:03:28.088 +06:00  DBG]  Connection id "0HN5K9CK6R8KO" completed keep alive response.
[2024-08-04 12:03:28.089 +06:00  INF]  Request finished HTTP/1.1 GET http://localhost:5264/_framework/aspnetcore-browser-refresh.js - 200 13770 application/javascript; charset=utf-8 2.792ms
[2024-08-04 12:03:28.113 +06:00  DBG]  Connection id "0HN5K9CK6R8KP" completed keep alive response.
[2024-08-04 12:03:28.113 +06:00  INF]  Request finished HTTP/1.1 GET http://localhost:5264/_vs/browserLink - 200 null text/javascript; charset=UTF-8 25.1214ms
[2024-08-04 12:03:28.224 +06:00  INF]  Request starting HTTP/1.1 GET http://localhost:5264/swagger/v1/swagger.json - null null
[2024-08-04 12:03:28.224 +06:00  DBG]  No candidates found for the request path '/swagger/v1/swagger.json'
[2024-08-04 12:03:28.224 +06:00  DBG]  Request did not match any endpoints
[2024-08-04 12:03:28.239 +06:00  INF]  Request starting HTTP/1.1 GET http://localhost:5264/swagger/favicon-32x32.png - null null
[2024-08-04 12:03:28.239 +06:00  DBG]  No candidates found for the request path '/swagger/favicon-32x32.png'
[2024-08-04 12:03:28.239 +06:00  DBG]  Request did not match any endpoints
[2024-08-04 12:03:28.249 +06:00  INF]  Sending file. Request path: '/favicon-32x32.png'. Physical path: 'N/A'
[2024-08-04 12:03:28.249 +06:00  DBG]  Connection id "0HN5K9CK6R8KO" completed keep alive response.
[2024-08-04 12:03:28.249 +06:00  INF]  Request finished HTTP/1.1 GET http://localhost:5264/swagger/favicon-32x32.png - 200 628 image/png 10.2682ms
[2024-08-04 12:03:28.322 +06:00  DBG]  Connection id "0HN5K9CK6R8KP" completed keep alive response.
[2024-08-04 12:03:28.322 +06:00  INF]  Request finished HTTP/1.1 GET http://localhost:5264/swagger/v1/swagger.json - 200 null application/json;charset=utf-8 98.5087ms
[2024-08-04 12:08:28.460 +06:00  DBG]  Connection id "0HN5K9CK6R8KP" received FIN.
[2024-08-04 12:08:28.460 +06:00  DBG]  Connection id "0HN5K9CK6R8KO" received FIN.
[2024-08-04 12:08:28.468 +06:00  DBG]  Connection id "0HN5K9CK6R8KO" sending FIN because: "The Socket transport's send loop completed gracefully."
[2024-08-04 12:08:28.468 +06:00  DBG]  Connection id "0HN5K9CK6R8KP" disconnecting.
[2024-08-04 12:08:28.468 +06:00  DBG]  Connection id "0HN5K9CK6R8KO" disconnecting.
[2024-08-04 12:08:28.469 +06:00  DBG]  Connection id "0HN5K9CK6R8KP" sending FIN because: "The Socket transport's send loop completed gracefully."
[2024-08-04 12:08:28.473 +06:00  DBG]  Connection id "0HN5K9CK6R8KO" stopped.
[2024-08-04 12:08:28.473 +06:00  DBG]  Connection id "0HN5K9CK6R8KP" stopped.
[2024-08-04 12:08:48.263 +06:00  DBG]  Connection id "0HN5K9CK6R8KQ" accepted.
[2024-08-04 12:08:48.263 +06:00  DBG]  Connection id "0HN5K9CK6R8KQ" received FIN.
[2024-08-04 12:08:48.263 +06:00  DBG]  Connection id "0HN5K9CK6R8KQ" started.
[2024-08-04 12:08:48.264 +06:00  DBG]  Connection id "0HN5K9CK6R8KR" accepted.
[2024-08-04 12:08:48.264 +06:00  DBG]  Connection id "0HN5K9CK6R8KR" started.
[2024-08-04 12:08:48.264 +06:00  DBG]  Connection id "0HN5K9CK6R8KQ" sending FIN because: "The Socket transport's send loop completed gracefully."
[2024-08-04 12:08:48.264 +06:00  DBG]  Connection id "0HN5K9CK6R8KQ" disconnecting.
[2024-08-04 12:08:48.264 +06:00  DBG]  Connection id "0HN5K9CK6R8KQ" stopped.
[2024-08-04 12:08:48.267 +06:00  INF]  Request starting HTTP/1.1 POST http://localhost:5264/api/Ramittance/Ramittance - application/json 783
[2024-08-04 12:08:48.269 +06:00  DBG]  1 candidate(s) found for the request path '/api/Ramittance/Ramittance'
[2024-08-04 12:08:48.270 +06:00  DBG]  Endpoint 'RemittanceService.Controllers.RamittanceController.Ramittance (RemittanceService)' with route pattern 'api/Ramittance/Ramittance' is valid for the request path '/api/Ramittance/Ramittance'
[2024-08-04 12:08:48.271 +06:00  DBG]  Request matched endpoint 'RemittanceService.Controllers.RamittanceController.Ramittance (RemittanceService)'
[2024-08-04 12:08:48.271 +06:00  DBG]  Static files was skipped as the request already matched an endpoint.
[2024-08-04 12:08:48.272 +06:00  INF]  Executing endpoint 'RemittanceService.Controllers.RamittanceController.Ramittance (RemittanceService)'
[2024-08-04 12:08:48.285 +06:00  INF]  Route matched with {action = "Ramittance", controller = "Ramittance"}. Executing controller action with signature System.Threading.Tasks.Task`1[Microsoft.AspNetCore.Mvc.IActionResult] Ramittance(RemittanceService.Application.Request.Ramittance.Command.RamittanceInformation) on controller RemittanceService.Controllers.RamittanceController (RemittanceService).
[2024-08-04 12:08:48.286 +06:00  DBG]  Execution plan of authorization filters (in the following order): ["None"]
[2024-08-04 12:08:48.286 +06:00  DBG]  Execution plan of resource filters (in the following order): ["None"]
[2024-08-04 12:08:48.286 +06:00  DBG]  Execution plan of action filters (in the following order): ["Microsoft.AspNetCore.Mvc.ModelBinding.UnsupportedContentTypeFilter (Order: -3000)","Microsoft.AspNetCore.Mvc.Infrastructure.ModelStateInvalidFilter (Order: -2000)"]
[2024-08-04 12:08:48.286 +06:00  DBG]  Execution plan of exception filters (in the following order): ["None"]
[2024-08-04 12:08:48.286 +06:00  DBG]  Execution plan of result filters (in the following order): ["Microsoft.AspNetCore.Mvc.Infrastructure.ClientErrorResultFilter (Order: -2000)"]
[2024-08-04 12:08:48.286 +06:00  DBG]  Executing controller factory for controller RemittanceService.Controllers.RamittanceController (RemittanceService)
[2024-08-04 12:08:48.287 +06:00  DBG]  Executed controller factory for controller RemittanceService.Controllers.RamittanceController (RemittanceService)
[2024-08-04 12:08:48.289 +06:00  DBG]  Attempting to bind parameter 'command' of type 'RemittanceService.Application.Request.Ramittance.Command.RamittanceInformation' ...
[2024-08-04 12:08:48.289 +06:00  DBG]  Attempting to bind parameter 'command' of type 'RemittanceService.Application.Request.Ramittance.Command.RamittanceInformation' using the name '' in request data ...
[2024-08-04 12:08:48.290 +06:00  DBG]  Selected input formatter 'Microsoft.AspNetCore.Mvc.Formatters.SystemTextJsonInputFormatter' for content type 'application/json'.
[2024-08-04 12:08:48.295 +06:00  DBG]  Connection id "0HN5K9CK6R8KR", Request id "0HN5K9CK6R8KR:00000001": started reading request body.
[2024-08-04 12:08:48.295 +06:00  DBG]  Connection id "0HN5K9CK6R8KR", Request id "0HN5K9CK6R8KR:00000001": done reading request body.
[2024-08-04 12:08:48.299 +06:00  DBG]  JSON input formatter succeeded, deserializing to type 'RemittanceService.Application.Request.Ramittance.Command.RamittanceInformation'
[2024-08-04 12:08:48.299 +06:00  DBG]  Done attempting to bind parameter 'command' of type 'RemittanceService.Application.Request.Ramittance.Command.RamittanceInformation'.
[2024-08-04 12:08:48.299 +06:00  DBG]  Done attempting to bind parameter 'command' of type 'RemittanceService.Application.Request.Ramittance.Command.RamittanceInformation'.
[2024-08-04 12:08:48.299 +06:00  DBG]  Attempting to validate the bound parameter 'command' of type 'RemittanceService.Application.Request.Ramittance.Command.RamittanceInformation' ...
[2024-08-04 12:08:48.304 +06:00  DBG]  Done attempting to validate the bound parameter 'command' of type 'RemittanceService.Application.Request.Ramittance.Command.RamittanceInformation'.
[2024-08-04 12:08:48.624 +06:00  DBG]  List of registered output formatters, in the following order: ["Microsoft.AspNetCore.Mvc.Formatters.HttpNoContentOutputFormatter","Microsoft.AspNetCore.Mvc.Formatters.StringOutputFormatter","Microsoft.AspNetCore.Mvc.Formatters.StreamOutputFormatter","Microsoft.AspNetCore.Mvc.Formatters.SystemTextJsonOutputFormatter"]
[2024-08-04 12:08:48.624 +06:00  DBG]  No information found on request to perform content negotiation.
[2024-08-04 12:08:48.624 +06:00  DBG]  Attempting to select an output formatter without using a content type as no explicit content types were specified for the response.
[2024-08-04 12:08:48.624 +06:00  DBG]  Attempting to select the first formatter in the output formatters list which can write the result.
[2024-08-04 12:08:48.625 +06:00  DBG]  Selected output formatter 'Microsoft.AspNetCore.Mvc.Formatters.SystemTextJsonOutputFormatter' and content type 'application/json' to write the response.
[2024-08-04 12:08:48.625 +06:00  INF]  Executing OkObjectResult, writing value of type 'Common.Result'.
[2024-08-04 12:08:48.628 +06:00  INF]  Executed action RemittanceService.Controllers.RamittanceController.Ramittance (RemittanceService) in 341.0736ms
[2024-08-04 12:08:48.629 +06:00  INF]  Executed endpoint 'RemittanceService.Controllers.RamittanceController.Ramittance (RemittanceService)'
[2024-08-04 12:08:48.629 +06:00  DBG]  Connection id "0HN5K9CK6R8KR" completed keep alive response.
[2024-08-04 12:08:48.631 +06:00  INF]  Request finished HTTP/1.1 POST http://localhost:5264/api/Ramittance/Ramittance - 200 null application/json; charset=utf-8 364.4272ms
