[2024-07-31 12:44:47.144 +06:00  DBG]  Registered model binder providers, in the following order: ["Microsoft.AspNetCore.Mvc.ModelBinding.Binders.BinderTypeModelBinderProvider","Microsoft.AspNetCore.Mvc.ModelBinding.Binders.ServicesModelBinderProvider","Microsoft.AspNetCore.Mvc.ModelBinding.Binders.BodyModelBinderProvider","Microsoft.AspNetCore.Mvc.ModelBinding.Binders.HeaderModelBinderProvider","Microsoft.AspNetCore.Mvc.ModelBinding.Binders.FloatingPointTypeModelBinderProvider","Microsoft.AspNetCore.Mvc.ModelBinding.Binders.EnumTypeModelBinderProvider","Microsoft.AspNetCore.Mvc.ModelBinding.Binders.DateTimeModelBinderProvider","Microsoft.AspNetCore.Mvc.ModelBinding.Binders.SimpleTypeModelBinderProvider","Microsoft.AspNetCore.Mvc.ModelBinding.Binders.TryParseModelBinderProvider","Microsoft.AspNetCore.Mvc.ModelBinding.Binders.CancellationTokenModelBinderProvider","Microsoft.AspNetCore.Mvc.ModelBinding.Binders.ByteArrayModelBinderProvider","Microsoft.AspNetCore.Mvc.ModelBinding.Binders.FormFileModelBinderProvider","Microsoft.AspNetCore.Mvc.ModelBinding.Binders.FormCollectionModelBinderProvider","Microsoft.AspNetCore.Mvc.ModelBinding.Binders.KeyValuePairModelBinderProvider","Microsoft.AspNetCore.Mvc.ModelBinding.Binders.DictionaryModelBinderProvider","Microsoft.AspNetCore.Mvc.ModelBinding.Binders.ArrayModelBinderProvider","Microsoft.AspNetCore.Mvc.ModelBinding.Binders.CollectionModelBinderProvider","Microsoft.AspNetCore.Mvc.ModelBinding.Binders.ComplexObjectModelBinderProvider"]
[2024-07-31 12:44:47.235 +06:00  DBG]  Hosting starting
[2024-07-31 12:44:47.466 +06:00  INF]  Now listening on: http://localhost:5264
[2024-07-31 12:44:47.467 +06:00  DBG]  Loaded hosting startup assembly RemittanceService
[2024-07-31 12:44:47.467 +06:00  DBG]  Loaded hosting startup assembly Microsoft.AspNetCore.Watch.BrowserRefresh
[2024-07-31 12:44:47.467 +06:00  DBG]  Loaded hosting startup assembly Microsoft.WebTools.BrowserLink.Net
[2024-07-31 12:44:47.467 +06:00  INF]  Application started. Press Ctrl+C to shut down.
[2024-07-31 12:44:47.467 +06:00  INF]  Hosting environment: Development
[2024-07-31 12:44:47.467 +06:00  INF]  Content root path: D:\Project\necpaybd-core\backend\RemittanceService
[2024-07-31 12:44:47.467 +06:00  DBG]  Hosting started
[2024-07-31 12:44:47.665 +06:00  DBG]  Connection id "0HN5H5H2IEGL5" accepted.
[2024-07-31 12:44:47.665 +06:00  DBG]  Connection id "0HN5H5H2IEGL6" accepted.
[2024-07-31 12:44:47.668 +06:00  DBG]  Connection id "0HN5H5H2IEGL5" started.
[2024-07-31 12:44:47.668 +06:00  DBG]  Connection id "0HN5H5H2IEGL6" started.
[2024-07-31 12:44:48.370 +06:00  DBG]  Connection id "0HN5H5H2IEGL7" accepted.
[2024-07-31 12:44:48.370 +06:00  DBG]  Connection id "0HN5H5H2IEGL7" started.
[2024-07-31 12:44:48.371 +06:00  DBG]  Connection id "0HN5H5H2IEGL8" accepted.
[2024-07-31 12:44:48.371 +06:00  DBG]  Connection id "0HN5H5H2IEGL8" started.
[2024-07-31 12:44:48.422 +06:00  INF]  Request starting HTTP/1.1 GET http://localhost:5264/swagger/index.html - null null
[2024-07-31 12:44:48.547 +06:00  DBG]  Wildcard detected, all requests with hosts will be allowed.
[2024-07-31 12:44:48.556 +06:00  DBG]  No candidates found for the request path '/swagger/index.html'
[2024-07-31 12:44:48.556 +06:00  DBG]  Request did not match any endpoints
[2024-07-31 12:44:48.597 +06:00  DBG]  Response markup is scheduled to include Browser Link script injection.
[2024-07-31 12:44:48.598 +06:00  DBG]  Response markup is scheduled to include browser refresh script injection.
[2024-07-31 12:44:48.630 +06:00  DBG]  Response markup was updated to include Browser Link script injection.
[2024-07-31 12:44:48.630 +06:00  DBG]  Response markup was updated to include browser refresh script injection.
[2024-07-31 12:44:48.631 +06:00  DBG]  Connection id "0HN5H5H2IEGL7" completed keep alive response.
[2024-07-31 12:44:48.632 +06:00  INF]  Request finished HTTP/1.1 GET http://localhost:5264/swagger/index.html - 200 null text/html;charset=utf-8 212.4452ms
[2024-07-31 12:44:48.683 +06:00  INF]  Request starting HTTP/1.1 GET http://localhost:5264/_framework/aspnetcore-browser-refresh.js - null null
[2024-07-31 12:44:48.686 +06:00  DBG]  Connection id "0HN5H5H2IEGL7" completed keep alive response.
[2024-07-31 12:44:48.686 +06:00  INF]  Request finished HTTP/1.1 GET http://localhost:5264/_framework/aspnetcore-browser-refresh.js - 200 13770 application/javascript; charset=utf-8 3.0111ms
[2024-07-31 12:44:48.692 +06:00  INF]  Request starting HTTP/1.1 GET http://localhost:5264/_vs/browserLink - null null
[2024-07-31 12:44:48.719 +06:00  DBG]  Connection id "0HN5H5H2IEGL7" completed keep alive response.
[2024-07-31 12:44:48.719 +06:00  INF]  Request finished HTTP/1.1 GET http://localhost:5264/_vs/browserLink - 200 null text/javascript; charset=UTF-8 27.4025ms
[2024-07-31 12:44:49.026 +06:00  INF]  Request starting HTTP/1.1 GET http://localhost:5264/swagger/v1/swagger.json - null null
[2024-07-31 12:44:49.026 +06:00  DBG]  No candidates found for the request path '/swagger/v1/swagger.json'
[2024-07-31 12:44:49.027 +06:00  DBG]  Request did not match any endpoints
[2024-07-31 12:44:49.080 +06:00  DBG]  Connection id "0HN5H5H2IEGL7" completed keep alive response.
[2024-07-31 12:44:49.080 +06:00  INF]  Request finished HTTP/1.1 GET http://localhost:5264/swagger/v1/swagger.json - 200 null application/json;charset=utf-8 54.8112ms
[2024-07-31 12:45:56.967 +06:00  DBG]  Connection id "0HN5H5H2IEGL8" received FIN.
[2024-07-31 12:45:56.977 +06:00  DBG]  Connection id "0HN5H5H2IEGL8" sending FIN because: "The Socket transport's send loop completed gracefully."
[2024-07-31 12:45:56.977 +06:00  DBG]  Connection id "0HN5H5H2IEGL8" disconnecting.
[2024-07-31 12:45:56.978 +06:00  DBG]  Connection id "0HN5H5H2IEGL8" stopped.
[2024-07-31 12:50:01.482 +06:00  DBG]  Connection id "0HN5H5H2IEGL7" received FIN.
[2024-07-31 12:50:01.484 +06:00  DBG]  Connection id "0HN5H5H2IEGL7" disconnecting.
[2024-07-31 12:50:01.486 +06:00  DBG]  Connection id "0HN5H5H2IEGL7" sending FIN because: "The Socket transport's send loop completed gracefully."
[2024-07-31 12:50:01.489 +06:00  DBG]  Connection id "0HN5H5H2IEGL7" stopped.
[2024-07-31 12:51:37.104 +06:00  DBG]  Registered model binder providers, in the following order: ["Microsoft.AspNetCore.Mvc.ModelBinding.Binders.BinderTypeModelBinderProvider","Microsoft.AspNetCore.Mvc.ModelBinding.Binders.ServicesModelBinderProvider","Microsoft.AspNetCore.Mvc.ModelBinding.Binders.BodyModelBinderProvider","Microsoft.AspNetCore.Mvc.ModelBinding.Binders.HeaderModelBinderProvider","Microsoft.AspNetCore.Mvc.ModelBinding.Binders.FloatingPointTypeModelBinderProvider","Microsoft.AspNetCore.Mvc.ModelBinding.Binders.EnumTypeModelBinderProvider","Microsoft.AspNetCore.Mvc.ModelBinding.Binders.DateTimeModelBinderProvider","Microsoft.AspNetCore.Mvc.ModelBinding.Binders.SimpleTypeModelBinderProvider","Microsoft.AspNetCore.Mvc.ModelBinding.Binders.TryParseModelBinderProvider","Microsoft.AspNetCore.Mvc.ModelBinding.Binders.CancellationTokenModelBinderProvider","Microsoft.AspNetCore.Mvc.ModelBinding.Binders.ByteArrayModelBinderProvider","Microsoft.AspNetCore.Mvc.ModelBinding.Binders.FormFileModelBinderProvider","Microsoft.AspNetCore.Mvc.ModelBinding.Binders.FormCollectionModelBinderProvider","Microsoft.AspNetCore.Mvc.ModelBinding.Binders.KeyValuePairModelBinderProvider","Microsoft.AspNetCore.Mvc.ModelBinding.Binders.DictionaryModelBinderProvider","Microsoft.AspNetCore.Mvc.ModelBinding.Binders.ArrayModelBinderProvider","Microsoft.AspNetCore.Mvc.ModelBinding.Binders.CollectionModelBinderProvider","Microsoft.AspNetCore.Mvc.ModelBinding.Binders.ComplexObjectModelBinderProvider"]
[2024-07-31 12:51:37.162 +06:00  DBG]  Hosting starting
[2024-07-31 12:51:37.248 +06:00  INF]  Now listening on: http://localhost:5264
[2024-07-31 12:51:37.248 +06:00  DBG]  Loaded hosting startup assembly RemittanceService
[2024-07-31 12:51:37.248 +06:00  DBG]  Loaded hosting startup assembly Microsoft.AspNetCore.Watch.BrowserRefresh
[2024-07-31 12:51:37.248 +06:00  DBG]  Loaded hosting startup assembly Microsoft.WebTools.BrowserLink.Net
[2024-07-31 12:51:37.248 +06:00  INF]  Application started. Press Ctrl+C to shut down.
[2024-07-31 12:51:37.249 +06:00  INF]  Hosting environment: Development
[2024-07-31 12:51:37.249 +06:00  INF]  Content root path: D:\Project\necpaybd-core\backend\RemittanceService
[2024-07-31 12:51:37.249 +06:00  DBG]  Hosting started
[2024-07-31 12:51:37.517 +06:00  DBG]  Connection id "0HN5H5KSN3I4A" accepted.
[2024-07-31 12:51:37.517 +06:00  DBG]  Connection id "0HN5H5KSN3I4A" started.
[2024-07-31 12:51:37.528 +06:00  DBG]  Connection id "0HN5H5KSN3I4B" received FIN.
[2024-07-31 12:51:37.528 +06:00  DBG]  Connection id "0HN5H5KSN3I4A" received FIN.
[2024-07-31 12:51:37.529 +06:00  DBG]  Connection id "0HN5H5KSN3I4B" accepted.
[2024-07-31 12:51:37.530 +06:00  DBG]  Connection id "0HN5H5KSN3I4B" started.
[2024-07-31 12:51:37.537 +06:00  DBG]  Connection id "0HN5H5KSN3I4A" sending FIN because: "The Socket transport's send loop completed gracefully."
[2024-07-31 12:51:37.537 +06:00  DBG]  Connection id "0HN5H5KSN3I4B" sending FIN because: "The Socket transport's send loop completed gracefully."
[2024-07-31 12:51:37.538 +06:00  DBG]  Connection id "0HN5H5KSN3I4A" disconnecting.
[2024-07-31 12:51:37.538 +06:00  DBG]  Connection id "0HN5H5KSN3I4B" disconnecting.
[2024-07-31 12:51:37.539 +06:00  DBG]  Connection id "0HN5H5KSN3I4B" stopped.
[2024-07-31 12:51:37.539 +06:00  DBG]  Connection id "0HN5H5KSN3I4A" stopped.
[2024-07-31 12:51:37.692 +06:00  DBG]  Connection id "0HN5H5KSN3I4C" accepted.
[2024-07-31 12:51:37.693 +06:00  DBG]  Connection id "0HN5H5KSN3I4C" started.
[2024-07-31 12:51:37.693 +06:00  DBG]  Connection id "0HN5H5KSN3I4D" accepted.
[2024-07-31 12:51:37.693 +06:00  DBG]  Connection id "0HN5H5KSN3I4D" started.
[2024-07-31 12:51:37.725 +06:00  INF]  Request starting HTTP/1.1 GET http://localhost:5264/swagger/index.html - null null
[2024-07-31 12:51:37.793 +06:00  DBG]  Wildcard detected, all requests with hosts will be allowed.
[2024-07-31 12:51:37.804 +06:00  DBG]  No candidates found for the request path '/swagger/index.html'
[2024-07-31 12:51:37.805 +06:00  DBG]  Request did not match any endpoints
[2024-07-31 12:51:37.849 +06:00  DBG]  Response markup is scheduled to include Browser Link script injection.
[2024-07-31 12:51:37.850 +06:00  DBG]  Response markup is scheduled to include browser refresh script injection.
[2024-07-31 12:51:37.863 +06:00  DBG]  Response markup was updated to include Browser Link script injection.
[2024-07-31 12:51:37.863 +06:00  DBG]  Response markup was updated to include browser refresh script injection.
[2024-07-31 12:51:37.863 +06:00  DBG]  Connection id "0HN5H5KSN3I4C" completed keep alive response.
[2024-07-31 12:51:37.865 +06:00  INF]  Request finished HTTP/1.1 GET http://localhost:5264/swagger/index.html - 200 null text/html;charset=utf-8 142.1434ms
[2024-07-31 12:51:37.926 +06:00  INF]  Request starting HTTP/1.1 GET http://localhost:5264/_framework/aspnetcore-browser-refresh.js - null null
[2024-07-31 12:51:37.928 +06:00  DBG]  Connection id "0HN5H5KSN3I4C" completed keep alive response.
[2024-07-31 12:51:37.928 +06:00  INF]  Request finished HTTP/1.1 GET http://localhost:5264/_framework/aspnetcore-browser-refresh.js - 200 13770 application/javascript; charset=utf-8 2.5123ms
[2024-07-31 12:51:37.948 +06:00  INF]  Request starting HTTP/1.1 GET http://localhost:5264/_vs/browserLink - null null
[2024-07-31 12:51:37.968 +06:00  DBG]  Connection id "0HN5H5KSN3I4C" completed keep alive response.
[2024-07-31 12:51:37.968 +06:00  INF]  Request finished HTTP/1.1 GET http://localhost:5264/_vs/browserLink - 200 null text/javascript; charset=UTF-8 19.7143ms
[2024-07-31 12:51:38.287 +06:00  INF]  Request starting HTTP/1.1 GET http://localhost:5264/swagger/v1/swagger.json - null null
[2024-07-31 12:51:38.287 +06:00  DBG]  No candidates found for the request path '/swagger/v1/swagger.json'
[2024-07-31 12:51:38.288 +06:00  DBG]  Request did not match any endpoints
[2024-07-31 12:51:38.342 +06:00  DBG]  Connection id "0HN5H5KSN3I4C" completed keep alive response.
[2024-07-31 12:51:38.342 +06:00  INF]  Request finished HTTP/1.1 GET http://localhost:5264/swagger/v1/swagger.json - 200 null application/json;charset=utf-8 55.0931ms
[2024-07-31 13:09:17.851 +06:00  DBG]  Registered model binder providers, in the following order: ["Microsoft.AspNetCore.Mvc.ModelBinding.Binders.BinderTypeModelBinderProvider","Microsoft.AspNetCore.Mvc.ModelBinding.Binders.ServicesModelBinderProvider","Microsoft.AspNetCore.Mvc.ModelBinding.Binders.BodyModelBinderProvider","Microsoft.AspNetCore.Mvc.ModelBinding.Binders.HeaderModelBinderProvider","Microsoft.AspNetCore.Mvc.ModelBinding.Binders.FloatingPointTypeModelBinderProvider","Microsoft.AspNetCore.Mvc.ModelBinding.Binders.EnumTypeModelBinderProvider","Microsoft.AspNetCore.Mvc.ModelBinding.Binders.DateTimeModelBinderProvider","Microsoft.AspNetCore.Mvc.ModelBinding.Binders.SimpleTypeModelBinderProvider","Microsoft.AspNetCore.Mvc.ModelBinding.Binders.TryParseModelBinderProvider","Microsoft.AspNetCore.Mvc.ModelBinding.Binders.CancellationTokenModelBinderProvider","Microsoft.AspNetCore.Mvc.ModelBinding.Binders.ByteArrayModelBinderProvider","Microsoft.AspNetCore.Mvc.ModelBinding.Binders.FormFileModelBinderProvider","Microsoft.AspNetCore.Mvc.ModelBinding.Binders.FormCollectionModelBinderProvider","Microsoft.AspNetCore.Mvc.ModelBinding.Binders.KeyValuePairModelBinderProvider","Microsoft.AspNetCore.Mvc.ModelBinding.Binders.DictionaryModelBinderProvider","Microsoft.AspNetCore.Mvc.ModelBinding.Binders.ArrayModelBinderProvider","Microsoft.AspNetCore.Mvc.ModelBinding.Binders.CollectionModelBinderProvider","Microsoft.AspNetCore.Mvc.ModelBinding.Binders.ComplexObjectModelBinderProvider"]
[2024-07-31 13:09:17.901 +06:00  DBG]  Hosting starting
[2024-07-31 13:09:18.011 +06:00  INF]  Now listening on: http://localhost:5264
[2024-07-31 13:09:18.011 +06:00  DBG]  Loaded hosting startup assembly RemittanceService
[2024-07-31 13:09:18.011 +06:00  DBG]  Loaded hosting startup assembly Microsoft.AspNetCore.Watch.BrowserRefresh
[2024-07-31 13:09:18.011 +06:00  DBG]  Loaded hosting startup assembly Microsoft.WebTools.BrowserLink.Net
[2024-07-31 13:09:18.012 +06:00  INF]  Application started. Press Ctrl+C to shut down.
[2024-07-31 13:09:18.012 +06:00  INF]  Hosting environment: Development
[2024-07-31 13:09:18.012 +06:00  INF]  Content root path: D:\Project\necpaybd-core\backend\RemittanceService
[2024-07-31 13:09:18.012 +06:00  DBG]  Hosting started
[2024-07-31 13:09:18.466 +06:00  DBG]  Connection id "0HN5H5UOT3KLV" accepted.
[2024-07-31 13:09:18.467 +06:00  DBG]  Connection id "0HN5H5UOT3KLV" started.
[2024-07-31 13:09:18.492 +06:00  DBG]  Connection id "0HN5H5UOT3KM0" accepted.
[2024-07-31 13:09:18.492 +06:00  DBG]  Connection id "0HN5H5UOT3KM0" started.
[2024-07-31 13:09:18.699 +06:00  DBG]  Connection id "0HN5H5UOT3KM1" accepted.
[2024-07-31 13:09:18.699 +06:00  DBG]  Connection id "0HN5H5UOT3KM1" started.
[2024-07-31 13:09:18.700 +06:00  DBG]  Connection id "0HN5H5UOT3KM2" accepted.
[2024-07-31 13:09:18.700 +06:00  DBG]  Connection id "0HN5H5UOT3KM2" started.
[2024-07-31 13:09:18.747 +06:00  INF]  Request starting HTTP/1.1 GET http://localhost:5264/swagger/index.html - null null
[2024-07-31 13:09:18.854 +06:00  DBG]  Wildcard detected, all requests with hosts will be allowed.
[2024-07-31 13:09:18.865 +06:00  DBG]  No candidates found for the request path '/swagger/index.html'
[2024-07-31 13:09:18.865 +06:00  DBG]  Request did not match any endpoints
[2024-07-31 13:09:18.915 +06:00  DBG]  Response markup is scheduled to include Browser Link script injection.
[2024-07-31 13:09:18.916 +06:00  DBG]  Response markup is scheduled to include browser refresh script injection.
[2024-07-31 13:09:18.927 +06:00  DBG]  Response markup was updated to include Browser Link script injection.
[2024-07-31 13:09:18.928 +06:00  DBG]  Response markup was updated to include browser refresh script injection.
[2024-07-31 13:09:18.929 +06:00  DBG]  Connection id "0HN5H5UOT3KM1" completed keep alive response.
[2024-07-31 13:09:18.931 +06:00  INF]  Request finished HTTP/1.1 GET http://localhost:5264/swagger/index.html - 200 null text/html;charset=utf-8 188.2477ms
[2024-07-31 13:09:18.975 +06:00  INF]  Request starting HTTP/1.1 GET http://localhost:5264/_framework/aspnetcore-browser-refresh.js - null null
[2024-07-31 13:09:18.977 +06:00  DBG]  Connection id "0HN5H5UOT3KM1" completed keep alive response.
[2024-07-31 13:09:18.978 +06:00  INF]  Request finished HTTP/1.1 GET http://localhost:5264/_framework/aspnetcore-browser-refresh.js - 200 13770 application/javascript; charset=utf-8 2.8257ms
[2024-07-31 13:09:19.002 +06:00  INF]  Request starting HTTP/1.1 GET http://localhost:5264/_vs/browserLink - null null
[2024-07-31 13:09:19.027 +06:00  DBG]  Connection id "0HN5H5UOT3KM1" completed keep alive response.
[2024-07-31 13:09:19.027 +06:00  INF]  Request finished HTTP/1.1 GET http://localhost:5264/_vs/browserLink - 200 null text/javascript; charset=UTF-8 25.2177ms
[2024-07-31 13:09:19.297 +06:00  INF]  Request starting HTTP/1.1 GET http://localhost:5264/swagger/v1/swagger.json - null null
[2024-07-31 13:09:19.298 +06:00  DBG]  No candidates found for the request path '/swagger/v1/swagger.json'
[2024-07-31 13:09:19.298 +06:00  DBG]  Request did not match any endpoints
[2024-07-31 13:09:19.352 +06:00  DBG]  Connection id "0HN5H5UOT3KM1" completed keep alive response.
[2024-07-31 13:09:19.352 +06:00  INF]  Request finished HTTP/1.1 GET http://localhost:5264/swagger/v1/swagger.json - 200 null application/json;charset=utf-8 55.5155ms
