[2024-08-13 14:42:55.303 +06:00  DBG]  Registered model binder providers, in the following order: ["Microsoft.AspNetCore.Mvc.ModelBinding.Binders.BinderTypeModelBinderProvider","Microsoft.AspNetCore.Mvc.ModelBinding.Binders.ServicesModelBinderProvider","Microsoft.AspNetCore.Mvc.ModelBinding.Binders.BodyModelBinderProvider","Microsoft.AspNetCore.Mvc.ModelBinding.Binders.HeaderModelBinderProvider","Microsoft.AspNetCore.Mvc.ModelBinding.Binders.FloatingPointTypeModelBinderProvider","Microsoft.AspNetCore.Mvc.ModelBinding.Binders.EnumTypeModelBinderProvider","Microsoft.AspNetCore.Mvc.ModelBinding.Binders.DateTimeModelBinderProvider","Microsoft.AspNetCore.Mvc.ModelBinding.Binders.SimpleTypeModelBinderProvider","Microsoft.AspNetCore.Mvc.ModelBinding.Binders.TryParseModelBinderProvider","Microsoft.AspNetCore.Mvc.ModelBinding.Binders.CancellationTokenModelBinderProvider","Microsoft.AspNetCore.Mvc.ModelBinding.Binders.ByteArrayModelBinderProvider","Microsoft.AspNetCore.Mvc.ModelBinding.Binders.FormFileModelBinderProvider","Microsoft.AspNetCore.Mvc.ModelBinding.Binders.FormCollectionModelBinderProvider","Microsoft.AspNetCore.Mvc.ModelBinding.Binders.KeyValuePairModelBinderProvider","Microsoft.AspNetCore.Mvc.ModelBinding.Binders.DictionaryModelBinderProvider","Microsoft.AspNetCore.Mvc.ModelBinding.Binders.ArrayModelBinderProvider","Microsoft.AspNetCore.Mvc.ModelBinding.Binders.CollectionModelBinderProvider","Microsoft.AspNetCore.Mvc.ModelBinding.Binders.ComplexObjectModelBinderProvider"]
[2024-08-13 14:42:55.381 +06:00  DBG]  Hosting starting
[2024-08-13 14:42:55.616 +06:00  INF]  Now listening on: http://localhost:5264
[2024-08-13 14:42:55.616 +06:00  DBG]  Loaded hosting startup assembly RemittanceService
[2024-08-13 14:42:55.616 +06:00  DBG]  Loaded hosting startup assembly Microsoft.AspNetCore.Watch.BrowserRefresh
[2024-08-13 14:42:55.616 +06:00  DBG]  Loaded hosting startup assembly Microsoft.WebTools.BrowserLink.Net
[2024-08-13 14:42:55.616 +06:00  INF]  Application started. Press Ctrl+C to shut down.
[2024-08-13 14:42:55.617 +06:00  INF]  Hosting environment: Development
[2024-08-13 14:42:55.617 +06:00  INF]  Content root path: D:\Project\necpaybd-core\backend\RemittanceService
[2024-08-13 14:42:55.617 +06:00  DBG]  Hosting started
[2024-08-13 14:42:55.706 +06:00  DBG]  Connection id "0HN5REFML6ILU" accepted.
[2024-08-13 14:42:55.706 +06:00  DBG]  Connection id "0HN5REFML6ILU" started.
[2024-08-13 14:42:55.715 +06:00  DBG]  Connection id "0HN5REFML6ILV" accepted.
[2024-08-13 14:42:55.715 +06:00  DBG]  Connection id "0HN5REFML6ILV" started.
[2024-08-13 14:42:56.558 +06:00  DBG]  Connection id "0HN5REFML6IM0" accepted.
[2024-08-13 14:42:56.558 +06:00  DBG]  Connection id "0HN5REFML6IM0" started.
[2024-08-13 14:42:56.558 +06:00  DBG]  Connection id "0HN5REFML6IM1" accepted.
[2024-08-13 14:42:56.558 +06:00  DBG]  Connection id "0HN5REFML6IM1" started.
[2024-08-13 14:42:56.587 +06:00  INF]  Request starting HTTP/1.1 GET http://localhost:5264/swagger/index.html - null null
[2024-08-13 14:42:56.642 +06:00  DBG]  Wildcard detected, all requests with hosts will be allowed.
[2024-08-13 14:42:56.652 +06:00  DBG]  No candidates found for the request path '/swagger/index.html'
[2024-08-13 14:42:56.652 +06:00  DBG]  Request did not match any endpoints
[2024-08-13 14:42:56.693 +06:00  DBG]  Response markup is scheduled to include Browser Link script injection.
[2024-08-13 14:42:56.694 +06:00  DBG]  Response markup is scheduled to include browser refresh script injection.
[2024-08-13 14:42:56.704 +06:00  DBG]  Response markup was updated to include Browser Link script injection.
[2024-08-13 14:42:56.705 +06:00  DBG]  Response markup was updated to include browser refresh script injection.
[2024-08-13 14:42:56.705 +06:00  DBG]  Connection id "0HN5REFML6IM0" completed keep alive response.
[2024-08-13 14:42:56.706 +06:00  INF]  Request finished HTTP/1.1 GET http://localhost:5264/swagger/index.html - 200 null text/html;charset=utf-8 121.1833ms
[2024-08-13 14:42:56.719 +06:00  INF]  Request starting HTTP/1.1 GET http://localhost:5264/_framework/aspnetcore-browser-refresh.js - null null
[2024-08-13 14:42:56.721 +06:00  DBG]  Connection id "0HN5REFML6IM0" completed keep alive response.
[2024-08-13 14:42:56.721 +06:00  INF]  Request finished HTTP/1.1 GET http://localhost:5264/_framework/aspnetcore-browser-refresh.js - 200 13770 application/javascript; charset=utf-8 2.1308ms
[2024-08-13 14:42:56.753 +06:00  INF]  Request starting HTTP/1.1 GET http://localhost:5264/_vs/browserLink - null null
[2024-08-13 14:42:56.774 +06:00  DBG]  Connection id "0HN5REFML6IM0" completed keep alive response.
[2024-08-13 14:42:56.774 +06:00  INF]  Request finished HTTP/1.1 GET http://localhost:5264/_vs/browserLink - 200 null text/javascript; charset=UTF-8 21.075ms
[2024-08-13 14:42:56.877 +06:00  INF]  Request starting HTTP/1.1 GET http://localhost:5264/swagger/v1/swagger.json - null null
[2024-08-13 14:42:56.878 +06:00  DBG]  No candidates found for the request path '/swagger/v1/swagger.json'
[2024-08-13 14:42:56.878 +06:00  DBG]  Request did not match any endpoints
[2024-08-13 14:42:56.931 +06:00  DBG]  Connection id "0HN5REFML6IM0" completed keep alive response.
[2024-08-13 14:42:56.931 +06:00  INF]  Request finished HTTP/1.1 GET http://localhost:5264/swagger/v1/swagger.json - 200 null application/json;charset=utf-8 54.3755ms
[2024-08-13 14:42:57.355 +06:00  DBG]  Connection id "0HN5REFML6IM2" accepted.
[2024-08-13 14:42:57.355 +06:00  DBG]  Connection id "0HN5REFML6IM2" started.
[2024-08-13 14:42:57.356 +06:00  DBG]  Connection id "0HN5REFML6IM3" accepted.
[2024-08-13 14:42:57.356 +06:00  DBG]  Connection id "0HN5REFML6IM3" started.
[2024-08-13 14:42:57.356 +06:00  INF]  Request starting HTTP/1.1 GET http://localhost:5264/swagger/swagger-ui-bundle.js - null null
[2024-08-13 14:42:57.356 +06:00  INF]  Request starting HTTP/1.1 GET http://localhost:5264/swagger/swagger-ui-standalone-preset.js - null null
[2024-08-13 14:42:57.356 +06:00  DBG]  Connection id "0HN5REFML6IM4" accepted.
[2024-08-13 14:42:57.356 +06:00  DBG]  No candidates found for the request path '/swagger/swagger-ui-bundle.js'
[2024-08-13 14:42:57.356 +06:00  DBG]  No candidates found for the request path '/swagger/swagger-ui-standalone-preset.js'
[2024-08-13 14:42:57.356 +06:00  DBG]  Request did not match any endpoints
[2024-08-13 14:42:57.356 +06:00  DBG]  Request did not match any endpoints
[2024-08-13 14:42:57.356 +06:00  DBG]  Connection id "0HN5REFML6IM4" started.
[2024-08-13 14:42:57.356 +06:00  INF]  Request starting HTTP/1.1 GET http://localhost:5264/_framework/aspnetcore-browser-refresh.js - null null
[2024-08-13 14:42:57.357 +06:00  DBG]  Connection id "0HN5REFML6IM4" completed keep alive response.
[2024-08-13 14:42:57.358 +06:00  DBG]  Connection id "0HN5REFML6IM5" accepted.
[2024-08-13 14:42:57.358 +06:00  INF]  Request finished HTTP/1.1 GET http://localhost:5264/_framework/aspnetcore-browser-refresh.js - 200 13770 application/javascript; charset=utf-8 1.1488ms
[2024-08-13 14:42:57.360 +06:00  DBG]  Connection id "0HN5REFML6IM5" started.
[2024-08-13 14:42:57.361 +06:00  INF]  Request starting HTTP/1.1 GET http://localhost:5264/_vs/browserLink - null null
[2024-08-13 14:42:57.371 +06:00  DBG]  Connection id "0HN5REFML6IM5" completed keep alive response.
[2024-08-13 14:42:57.371 +06:00  INF]  Request finished HTTP/1.1 GET http://localhost:5264/_vs/browserLink - 200 null text/javascript; charset=UTF-8 10.6807ms
[2024-08-13 14:42:57.385 +06:00  INF]  Sending file. Request path: '/swagger-ui-standalone-preset.js'. Physical path: 'N/A'
[2024-08-13 14:42:57.386 +06:00  DBG]  Connection id "0HN5REFML6IM3" completed keep alive response.
[2024-08-13 14:42:57.387 +06:00  INF]  Request finished HTTP/1.1 GET http://localhost:5264/swagger/swagger-ui-standalone-preset.js - 200 339486 text/javascript 30.6385ms
[2024-08-13 14:42:57.389 +06:00  INF]  Sending file. Request path: '/swagger-ui-bundle.js'. Physical path: 'N/A'
[2024-08-13 14:42:57.389 +06:00  DBG]  Connection id "0HN5REFML6IM2" completed keep alive response.
[2024-08-13 14:42:57.389 +06:00  INF]  Request finished HTTP/1.1 GET http://localhost:5264/swagger/swagger-ui-bundle.js - 200 1096145 text/javascript 33.473ms
[2024-08-13 14:43:02.727 +06:00  DBG]  Connection id "0HN5REFML6IM6" accepted.
[2024-08-13 14:43:02.727 +06:00  DBG]  Connection id "0HN5REFML6IM6" started.
[2024-08-13 14:43:02.728 +06:00  DBG]  Connection id "0HN5REFML6IM7" accepted.
[2024-08-13 14:43:02.728 +06:00  DBG]  Connection id "0HN5REFML6IM7" started.
[2024-08-13 14:43:02.730 +06:00  DBG]  Connection id "0HN5REFML6IM6" received FIN.
[2024-08-13 14:43:02.730 +06:00  INF]  Request starting HTTP/1.1 POST http://localhost:5264/api/Ramittance/Ramittance - application/json 784
[2024-08-13 14:43:02.731 +06:00  DBG]  Connection id "0HN5REFML6IM6" sending FIN because: "The Socket transport's send loop completed gracefully."
[2024-08-13 14:43:02.731 +06:00  DBG]  Connection id "0HN5REFML6IM6" disconnecting.
[2024-08-13 14:43:02.732 +06:00  DBG]  Connection id "0HN5REFML6IM6" stopped.
[2024-08-13 14:43:02.734 +06:00  DBG]  1 candidate(s) found for the request path '/api/Ramittance/Ramittance'
[2024-08-13 14:43:02.737 +06:00  DBG]  Endpoint 'RemittanceService.Controllers.RamittanceController.Ramittance (RemittanceService)' with route pattern 'api/Ramittance/Ramittance' is valid for the request path '/api/Ramittance/Ramittance'
[2024-08-13 14:43:02.737 +06:00  DBG]  Request matched endpoint 'RemittanceService.Controllers.RamittanceController.Ramittance (RemittanceService)'
[2024-08-13 14:43:02.738 +06:00  DBG]  Static files was skipped as the request already matched an endpoint.
[2024-08-13 14:43:02.740 +06:00  INF]  Executing endpoint 'RemittanceService.Controllers.RamittanceController.Ramittance (RemittanceService)'
[2024-08-13 14:43:02.763 +06:00  INF]  Route matched with {action = "Ramittance", controller = "Ramittance"}. Executing controller action with signature System.Threading.Tasks.Task`1[Microsoft.AspNetCore.Mvc.IActionResult] Ramittance(RemittanceService.Application.Request.Ramittance.Command.RamittanceInformation) on controller RemittanceService.Controllers.RamittanceController (RemittanceService).
[2024-08-13 14:43:02.764 +06:00  DBG]  Execution plan of authorization filters (in the following order): ["None"]
[2024-08-13 14:43:02.764 +06:00  DBG]  Execution plan of resource filters (in the following order): ["None"]
[2024-08-13 14:43:02.764 +06:00  DBG]  Execution plan of action filters (in the following order): ["Microsoft.AspNetCore.Mvc.ModelBinding.UnsupportedContentTypeFilter (Order: -3000)","Microsoft.AspNetCore.Mvc.Infrastructure.ModelStateInvalidFilter (Order: -2000)"]
[2024-08-13 14:43:02.764 +06:00  DBG]  Execution plan of exception filters (in the following order): ["None"]
[2024-08-13 14:43:02.764 +06:00  DBG]  Execution plan of result filters (in the following order): ["Microsoft.AspNetCore.Mvc.Infrastructure.ClientErrorResultFilter (Order: -2000)"]
[2024-08-13 14:43:02.765 +06:00  DBG]  Executing controller factory for controller RemittanceService.Controllers.RamittanceController (RemittanceService)
[2024-08-13 14:43:02.766 +06:00  DBG]  Executed controller factory for controller RemittanceService.Controllers.RamittanceController (RemittanceService)
[2024-08-13 14:43:02.769 +06:00  DBG]  Attempting to bind parameter 'command' of type 'RemittanceService.Application.Request.Ramittance.Command.RamittanceInformation' ...
[2024-08-13 14:43:02.771 +06:00  DBG]  Attempting to bind parameter 'command' of type 'RemittanceService.Application.Request.Ramittance.Command.RamittanceInformation' using the name '' in request data ...
[2024-08-13 14:43:02.771 +06:00  DBG]  Selected input formatter 'Microsoft.AspNetCore.Mvc.Formatters.SystemTextJsonInputFormatter' for content type 'application/json'.
[2024-08-13 14:43:02.780 +06:00  DBG]  Connection id "0HN5REFML6IM7", Request id "0HN5REFML6IM7:00000001": started reading request body.
[2024-08-13 14:43:02.780 +06:00  DBG]  Connection id "0HN5REFML6IM7", Request id "0HN5REFML6IM7:00000001": done reading request body.
[2024-08-13 14:43:02.786 +06:00  DBG]  JSON input formatter succeeded, deserializing to type 'RemittanceService.Application.Request.Ramittance.Command.RamittanceInformation'
[2024-08-13 14:43:02.787 +06:00  DBG]  Done attempting to bind parameter 'command' of type 'RemittanceService.Application.Request.Ramittance.Command.RamittanceInformation'.
[2024-08-13 14:43:02.787 +06:00  DBG]  Done attempting to bind parameter 'command' of type 'RemittanceService.Application.Request.Ramittance.Command.RamittanceInformation'.
[2024-08-13 14:43:02.787 +06:00  DBG]  Attempting to validate the bound parameter 'command' of type 'RemittanceService.Application.Request.Ramittance.Command.RamittanceInformation' ...
[2024-08-13 14:43:02.795 +06:00  DBG]  Done attempting to validate the bound parameter 'command' of type 'RemittanceService.Application.Request.Ramittance.Command.RamittanceInformation'.
[2024-08-13 14:43:02.798 +06:00  INF]  invalid amount from user : -100
[2024-08-13 14:43:02.799 +06:00  DBG]  List of registered output formatters, in the following order: ["Microsoft.AspNetCore.Mvc.Formatters.HttpNoContentOutputFormatter","Microsoft.AspNetCore.Mvc.Formatters.StringOutputFormatter","Microsoft.AspNetCore.Mvc.Formatters.StreamOutputFormatter","Microsoft.AspNetCore.Mvc.Formatters.SystemTextJsonOutputFormatter"]
[2024-08-13 14:43:02.800 +06:00  DBG]  No information found on request to perform content negotiation.
[2024-08-13 14:43:02.800 +06:00  DBG]  Attempting to select an output formatter without using a content type as no explicit content types were specified for the response.
[2024-08-13 14:43:02.800 +06:00  DBG]  Attempting to select the first formatter in the output formatters list which can write the result.
[2024-08-13 14:43:02.801 +06:00  DBG]  Selected output formatter 'Microsoft.AspNetCore.Mvc.Formatters.StringOutputFormatter' and content type 'text/plain' to write the response.
[2024-08-13 14:43:02.801 +06:00  INF]  Executing OkObjectResult, writing value of type 'System.String'.
[2024-08-13 14:43:02.805 +06:00  INF]  Executed action RemittanceService.Controllers.RamittanceController.Ramittance (RemittanceService) in 38.0738ms
[2024-08-13 14:43:02.805 +06:00  INF]  Executed endpoint 'RemittanceService.Controllers.RamittanceController.Ramittance (RemittanceService)'
[2024-08-13 14:43:02.805 +06:00  DBG]  Connection id "0HN5REFML6IM7" completed keep alive response.
[2024-08-13 14:43:02.805 +06:00  INF]  Request finished HTTP/1.1 POST http://localhost:5264/api/Ramittance/Ramittance - 200 null text/plain; charset=utf-8 75.2702ms
[2024-08-13 14:43:12.506 +06:00  INF]  Request starting HTTP/1.1 POST http://localhost:5264/api/Ramittance/Ramittance - application/json 784
[2024-08-13 14:43:12.506 +06:00  DBG]  1 candidate(s) found for the request path '/api/Ramittance/Ramittance'
[2024-08-13 14:43:12.506 +06:00  DBG]  Endpoint 'RemittanceService.Controllers.RamittanceController.Ramittance (RemittanceService)' with route pattern 'api/Ramittance/Ramittance' is valid for the request path '/api/Ramittance/Ramittance'
[2024-08-13 14:43:12.506 +06:00  DBG]  Request matched endpoint 'RemittanceService.Controllers.RamittanceController.Ramittance (RemittanceService)'
[2024-08-13 14:43:12.506 +06:00  DBG]  Static files was skipped as the request already matched an endpoint.
[2024-08-13 14:43:12.506 +06:00  INF]  Executing endpoint 'RemittanceService.Controllers.RamittanceController.Ramittance (RemittanceService)'
[2024-08-13 14:43:12.507 +06:00  INF]  Route matched with {action = "Ramittance", controller = "Ramittance"}. Executing controller action with signature System.Threading.Tasks.Task`1[Microsoft.AspNetCore.Mvc.IActionResult] Ramittance(RemittanceService.Application.Request.Ramittance.Command.RamittanceInformation) on controller RemittanceService.Controllers.RamittanceController (RemittanceService).
[2024-08-13 14:43:12.507 +06:00  DBG]  Execution plan of authorization filters (in the following order): ["None"]
[2024-08-13 14:43:12.507 +06:00  DBG]  Execution plan of resource filters (in the following order): ["None"]
[2024-08-13 14:43:12.507 +06:00  DBG]  Execution plan of action filters (in the following order): ["Microsoft.AspNetCore.Mvc.ModelBinding.UnsupportedContentTypeFilter (Order: -3000)","Microsoft.AspNetCore.Mvc.Infrastructure.ModelStateInvalidFilter (Order: -2000)"]
[2024-08-13 14:43:12.507 +06:00  DBG]  Execution plan of exception filters (in the following order): ["None"]
[2024-08-13 14:43:12.507 +06:00  DBG]  Execution plan of result filters (in the following order): ["Microsoft.AspNetCore.Mvc.Infrastructure.ClientErrorResultFilter (Order: -2000)"]
[2024-08-13 14:43:12.507 +06:00  DBG]  Executing controller factory for controller RemittanceService.Controllers.RamittanceController (RemittanceService)
[2024-08-13 14:43:12.507 +06:00  DBG]  Executed controller factory for controller RemittanceService.Controllers.RamittanceController (RemittanceService)
[2024-08-13 14:43:12.507 +06:00  DBG]  Attempting to bind parameter 'command' of type 'RemittanceService.Application.Request.Ramittance.Command.RamittanceInformation' ...
[2024-08-13 14:43:12.508 +06:00  DBG]  Attempting to bind parameter 'command' of type 'RemittanceService.Application.Request.Ramittance.Command.RamittanceInformation' using the name '' in request data ...
[2024-08-13 14:43:12.508 +06:00  DBG]  Selected input formatter 'Microsoft.AspNetCore.Mvc.Formatters.SystemTextJsonInputFormatter' for content type 'application/json'.
[2024-08-13 14:43:12.508 +06:00  DBG]  Connection id "0HN5REFML6IM7", Request id "0HN5REFML6IM7:00000002": started reading request body.
[2024-08-13 14:43:12.508 +06:00  DBG]  Connection id "0HN5REFML6IM7", Request id "0HN5REFML6IM7:00000002": done reading request body.
[2024-08-13 14:43:12.508 +06:00  DBG]  JSON input formatter succeeded, deserializing to type 'RemittanceService.Application.Request.Ramittance.Command.RamittanceInformation'
[2024-08-13 14:43:12.508 +06:00  DBG]  Done attempting to bind parameter 'command' of type 'RemittanceService.Application.Request.Ramittance.Command.RamittanceInformation'.
[2024-08-13 14:43:12.508 +06:00  DBG]  Done attempting to bind parameter 'command' of type 'RemittanceService.Application.Request.Ramittance.Command.RamittanceInformation'.
[2024-08-13 14:43:12.508 +06:00  DBG]  Attempting to validate the bound parameter 'command' of type 'RemittanceService.Application.Request.Ramittance.Command.RamittanceInformation' ...
[2024-08-13 14:43:12.508 +06:00  DBG]  Done attempting to validate the bound parameter 'command' of type 'RemittanceService.Application.Request.Ramittance.Command.RamittanceInformation'.
[2024-08-13 14:43:12.508 +06:00  INF]  invalid amount from user : -100
[2024-08-13 14:43:12.508 +06:00  DBG]  List of registered output formatters, in the following order: ["Microsoft.AspNetCore.Mvc.Formatters.HttpNoContentOutputFormatter","Microsoft.AspNetCore.Mvc.Formatters.StringOutputFormatter","Microsoft.AspNetCore.Mvc.Formatters.StreamOutputFormatter","Microsoft.AspNetCore.Mvc.Formatters.SystemTextJsonOutputFormatter"]
[2024-08-13 14:43:12.508 +06:00  DBG]  No information found on request to perform content negotiation.
[2024-08-13 14:43:12.509 +06:00  DBG]  Attempting to select an output formatter without using a content type as no explicit content types were specified for the response.
[2024-08-13 14:43:12.509 +06:00  DBG]  Attempting to select the first formatter in the output formatters list which can write the result.
[2024-08-13 14:43:12.509 +06:00  DBG]  Selected output formatter 'Microsoft.AspNetCore.Mvc.Formatters.StringOutputFormatter' and content type 'text/plain' to write the response.
[2024-08-13 14:43:12.509 +06:00  INF]  Executing OkObjectResult, writing value of type 'System.String'.
[2024-08-13 14:43:12.509 +06:00  INF]  Executed action RemittanceService.Controllers.RamittanceController.Ramittance (RemittanceService) in 1.7888ms
[2024-08-13 14:43:12.509 +06:00  INF]  Executed endpoint 'RemittanceService.Controllers.RamittanceController.Ramittance (RemittanceService)'
[2024-08-13 14:43:12.509 +06:00  DBG]  Connection id "0HN5REFML6IM7" completed keep alive response.
[2024-08-13 14:43:12.509 +06:00  INF]  Request finished HTTP/1.1 POST http://localhost:5264/api/Ramittance/Ramittance - 200 null text/plain; charset=utf-8 2.9113ms
[2024-08-13 19:14:15.208 +06:00  DBG]  Registered model binder providers, in the following order: ["Microsoft.AspNetCore.Mvc.ModelBinding.Binders.BinderTypeModelBinderProvider","Microsoft.AspNetCore.Mvc.ModelBinding.Binders.ServicesModelBinderProvider","Microsoft.AspNetCore.Mvc.ModelBinding.Binders.BodyModelBinderProvider","Microsoft.AspNetCore.Mvc.ModelBinding.Binders.HeaderModelBinderProvider","Microsoft.AspNetCore.Mvc.ModelBinding.Binders.FloatingPointTypeModelBinderProvider","Microsoft.AspNetCore.Mvc.ModelBinding.Binders.EnumTypeModelBinderProvider","Microsoft.AspNetCore.Mvc.ModelBinding.Binders.DateTimeModelBinderProvider","Microsoft.AspNetCore.Mvc.ModelBinding.Binders.SimpleTypeModelBinderProvider","Microsoft.AspNetCore.Mvc.ModelBinding.Binders.TryParseModelBinderProvider","Microsoft.AspNetCore.Mvc.ModelBinding.Binders.CancellationTokenModelBinderProvider","Microsoft.AspNetCore.Mvc.ModelBinding.Binders.ByteArrayModelBinderProvider","Microsoft.AspNetCore.Mvc.ModelBinding.Binders.FormFileModelBinderProvider","Microsoft.AspNetCore.Mvc.ModelBinding.Binders.FormCollectionModelBinderProvider","Microsoft.AspNetCore.Mvc.ModelBinding.Binders.KeyValuePairModelBinderProvider","Microsoft.AspNetCore.Mvc.ModelBinding.Binders.DictionaryModelBinderProvider","Microsoft.AspNetCore.Mvc.ModelBinding.Binders.ArrayModelBinderProvider","Microsoft.AspNetCore.Mvc.ModelBinding.Binders.CollectionModelBinderProvider","Microsoft.AspNetCore.Mvc.ModelBinding.Binders.ComplexObjectModelBinderProvider"]
[2024-08-13 19:14:15.275 +06:00  DBG]  Hosting starting
[2024-08-13 19:14:15.429 +06:00  INF]  Now listening on: http://localhost:5264
[2024-08-13 19:14:15.429 +06:00  DBG]  Loaded hosting startup assembly RemittanceService
[2024-08-13 19:14:15.429 +06:00  DBG]  Loaded hosting startup assembly Microsoft.AspNetCore.Watch.BrowserRefresh
[2024-08-13 19:14:15.429 +06:00  DBG]  Loaded hosting startup assembly Microsoft.WebTools.BrowserLink.Net
[2024-08-13 19:14:15.429 +06:00  INF]  Application started. Press Ctrl+C to shut down.
[2024-08-13 19:14:15.429 +06:00  INF]  Hosting environment: Development
[2024-08-13 19:14:15.429 +06:00  INF]  Content root path: D:\Project\necpaybd-core\backend\RemittanceService
[2024-08-13 19:14:15.429 +06:00  DBG]  Hosting started
[2024-08-13 19:14:15.681 +06:00  DBG]  Connection id "0HN5RJ7AF4KG2" received FIN.
[2024-08-13 19:14:15.681 +06:00  DBG]  Connection id "0HN5RJ7AF4KG3" received FIN.
[2024-08-13 19:14:15.683 +06:00  DBG]  Connection id "0HN5RJ7AF4KG2" accepted.
[2024-08-13 19:14:15.683 +06:00  DBG]  Connection id "0HN5RJ7AF4KG3" accepted.
[2024-08-13 19:14:15.683 +06:00  DBG]  Connection id "0HN5RJ7AF4KG3" started.
[2024-08-13 19:14:15.683 +06:00  DBG]  Connection id "0HN5RJ7AF4KG2" started.
[2024-08-13 19:14:15.687 +06:00  DBG]  Connection id "0HN5RJ7AF4KG2" sending FIN because: "The Socket transport's send loop completed gracefully."
[2024-08-13 19:14:15.687 +06:00  DBG]  Connection id "0HN5RJ7AF4KG3" sending FIN because: "The Socket transport's send loop completed gracefully."
[2024-08-13 19:14:15.688 +06:00  DBG]  Connection id "0HN5RJ7AF4KG2" disconnecting.
[2024-08-13 19:14:15.688 +06:00  DBG]  Connection id "0HN5RJ7AF4KG3" disconnecting.
[2024-08-13 19:14:15.690 +06:00  DBG]  Connection id "0HN5RJ7AF4KG2" stopped.
[2024-08-13 19:14:15.690 +06:00  DBG]  Connection id "0HN5RJ7AF4KG3" stopped.
[2024-08-13 19:41:03.548 +06:00  DBG]  Config reload token fired. Checking for changes...
[2024-08-13 19:41:03.808 +06:00  DBG]  Config reload token fired. Checking for changes...
[2024-08-13 19:41:11.241 +06:00  DBG]  Config reload token fired. Checking for changes...
[2024-08-13 19:41:17.659 +06:00  DBG]  Config reload token fired. Checking for changes...
[2024-08-13 19:41:17.921 +06:00  DBG]  Config reload token fired. Checking for changes...
[2024-08-13 19:41:27.603 +06:00  DBG]  Config reload token fired. Checking for changes...
[2024-08-13 19:41:27.857 +06:00  DBG]  Config reload token fired. Checking for changes...
[2024-08-13 19:41:28.202 +06:00  DBG]  Config reload token fired. Checking for changes...
[2024-08-13 19:41:28.463 +06:00  DBG]  Config reload token fired. Checking for changes...
[2024-08-13 19:41:28.728 +06:00  DBG]  Config reload token fired. Checking for changes...
[2024-08-13 19:41:29.430 +06:00  DBG]  Config reload token fired. Checking for changes...
[2024-08-13 19:41:29.692 +06:00  DBG]  Config reload token fired. Checking for changes...
[2024-08-13 19:41:34.356 +06:00  DBG]  Config reload token fired. Checking for changes...
[2024-08-13 19:41:34.614 +06:00  DBG]  Config reload token fired. Checking for changes...
[2024-08-13 19:42:12.109 +06:00  DBG]  Config reload token fired. Checking for changes...
[2024-08-13 19:42:12.374 +06:00  DBG]  Config reload token fired. Checking for changes...
[2024-08-13 19:42:13.790 +06:00  DBG]  Config reload token fired. Checking for changes...
[2024-08-13 19:42:14.053 +06:00  DBG]  Config reload token fired. Checking for changes...
[2024-08-13 19:42:15.018 +06:00  DBG]  Config reload token fired. Checking for changes...
[2024-08-13 19:42:15.280 +06:00  DBG]  Config reload token fired. Checking for changes...
[2024-08-13 19:42:17.679 +06:00  DBG]  Config reload token fired. Checking for changes...
[2024-08-13 19:42:17.941 +06:00  DBG]  Config reload token fired. Checking for changes...
